Sandbox logs:
0 0
[14, 5, 1, 0, 0]
[14, 5, 1, 0, 0]
100 0
[14, 5, 1, 0, 0]
[14, 5, 1, 0, 0]
200 0
[14, 5, 1, 0, 0]
[14, 5, 1, 0, 0]
300 0
[14, 5, 1, 0, 0]
[14, 5, 1, 0, 0]
BUY  3 x  PEARLS  @  9998
400 0
[14, 5, 1, 0, 0]
[14, 5, 1, 0, 0]
500 -9
[29, 0, 0]
[7, 3, 1, 0, 0]
SELL  -1 x  PEARLS  @  10002
600 -10
[28, 2, 0, 0]
[7, 3, 0, 0, 0]
700 -10
[28, 2, 0, 0]
[7, 3, 0, 0, 0]
800 -10
[30, 0, 0]
[7, 3, 0, 0, 0]
900 -10
[30, 0, 0]
[7, 3, 0, 0, 0]
1000 -10
[30, 0, 0]
[7, 3, 0, 0, 0]
1100 -10
[30, 0, 0]
[7, 3, 0, 0, 0]
1200 -10
[30, 0, 0]
[7, 3, 0, 0, 0]
1300 -10
BUY  4 x  BANANAS  @  4946
[25, 1, 0, 0]
[7, 3, 0, 0, 0]
1400 -6
[25, 1, 0, 0]
[9, 4, 1, 0, 0]
1500 -6
SELL  -1 x  BANANAS  @  4950
[26, 0, 0]
[9, 3, 1, 0, 0]
SELL  -1 x  PEARLS  @  10002
1600 -7
[26, 1, 0, 0]
[9, 3, 1, 0, 0]
1700 -7
BUY  2 x  BANANAS  @  4948
[24, 1, 0, 0]
[9, 3, 1, 0, 0]
1800 -5
[24, 1, 0, 0]
[10, 4, 1, 0, 0]
1900 -5
[24, 1, 0, 0]
[10, 4, 1, 0, 0]
2000 -5
[17, 7, 1, 0, 0]
[10, 4, 1, 0, 0]
2100 -5
[24, 1, 0, 0]
[10, 4, 1, 0, 0]
2200 -5
[24, 1, 0, 0]
[10, 4, 1, 0, 0]
2300 -15
[35, 0]
[4, 1, 0, 0, 0]
2400 -15
SELL  -3 x  BANANAS  @  4951
[35, 0]
[1, 1, 0, 0, 0]
2500 -18
BUY  5 x  BANANAS  @  4948
[33, 0]
[1, 1, 0, 0, 0]
2600 -13
[33, 0]
[5, 2, 0, 0, 0]
2700 -13
[33, 0, 0]
[5, 2, 0, 0, 0]
2800 -13
SELL  -1 x  BANANAS  @  4952
[33, 0, 0]
[4, 2, 0, 0, 0]
2900 -14
[34, 0]
[4, 2, 0, 0, 0]
SELL  -10 x  PEARLS  @  10002
3000 -14
[34, 0]
[4, 2, 0, 0, 0]
3100 -14
[34, 0]
[4, 2, 0, 0, 0]
3200 -14
[34, 0, 0]
[4, 2, 0, 0, 0]
3300 -14
[34, 0]
[4, 2, 0, 0, 0]
3400 -14
[34, 0]
[4, 2, 0, 0, 0]
3500 -14
[34, 0, 0]
[4, 2, 0, 0, 0]
3600 -14
[34, 0]
[4, 2, 0, 0, 0]
BUY  1 x  PEARLS  @  9998
3700 -14
[34, 0, 0]
[4, 2, 0, 0, 0]
3800 -14
[34, 0]
[4, 2, 0, 0, 0]
SELL  -1 x  PEARLS  @  10002
3900 -14
[34, 0]
[4, 2, 0, 0, 0]
4000 -14
[34, 0]
[4, 2, 0, 0, 0]
SELL  -9 x  PEARLS  @  10002
4100 -14
[34, 0]
[4, 2, 0, 0, 0]
4200 -14
BUY  12 x  BANANAS  @  4947
[15, 6, 1, 0, 0]
[4, 2, 0, 0, 0]
4300 -2
[21, 1, 0, 0]
[12, 5, 1, 0, 0]
4400 -1
[14, 6, 1, 0, 0]
[13, 5, 1, 0, 0]
BUY  1 x  PEARLS  @  9998
4500 -1
[14, 6, 1, 0, 0]
[13, 5, 1, 0, 0]
4600 -1
[14, 6, 1, 0, 0]
[13, 5, 1, 0, 0]
4700 -1
BUY  8 x  BANANAS  @  4947
[9, 3, 1, 0, 0]
[19, 0, 0]
4800 7
SELL  -1 x  BANANAS  @  4951
[9, 3, 1, 0, 0]
[25, 1, 0, 0]
SELL  -3 x  PEARLS  @  10002
4900 6
[9, 4, 1, 0, 0]
[25, 1, 0, 0]
BUY  4 x  PEARLS  @  9998
5000 6
[9, 4, 1, 0, 0]
[25, 1, 0, 0]
5100 6
BUY  2 x  BANANAS  @  4948
[8, 3, 1, 0, 0]
[25, 1, 0, 0]
SELL  -1 x  PEARLS  @  10002
5200 8
[8, 3, 1, 0, 0]
[28, 0, 0]
5300 8
[8, 3, 1, 0, 0]
[28, 0, 0]
5400 8
[8, 3, 1, 0, 0]
[27, 1, 0, 0]
5500 8
[8, 3, 1, 0, 0]
[28, 0, 0]
5600 8
[8, 3, 1, 0, 0]
[27, 1, 0, 0]
SELL  -1 x  PEARLS  @  10002
5700 8
[8, 3, 1, 0, 0]
[27, 1, 0, 0]
5800 8
SELL  -1 x  BANANAS  @  4953
[8, 3, 1, 0, 0]
[27, 0, 0]
SELL  -1 x  PEARLS  @  10002
5900 7
[9, 3, 1, 0, 0]
[26, 1, 0, 0]
6000 7
[9, 3, 1, 0, 0]
[26, 1, 0, 0]
BUY  4 x  PEARLS  @  9998
6100 7
[9, 3, 1, 0, 0]
[27, 0, 0]
6200 7
BUY  13 x  BANANAS  @  4948
[0, 0, 0, 0, 0]
[27, 0]
6300 20
BUY  0 x  BANANAS  @  4948
[0, 0, 0, 0, 0]
[40]
6400 20
[0, 0, 0, 0, 0]
[40]
SELL  -4 x  PEARLS  @  10000
6500 20
[0, 0, 0, 0, 0]
[40]
6600 20
[0, 0, 0, 0, 0]
[40]
6700 2
[12, 5, 1, 0, 0]
[21, 1, 0, 0]
SELL  -4 x  PEARLS  @  10002
6800 2
[12, 5, 1, 0, 0]
[15, 6, 1, 0, 0]
6900 4
SELL  -4 x  BANANAS  @  4951
SELL  -1 x  BANANAS  @  4952
[11, 4, 1, 0, 0]
[13, 5, 1, 0, 0]
7000 0
[14, 5, 1, 0, 0]
[14, 5, 1, 0, 0]
7100 0
[14, 5, 1, 0, 0]
[14, 5, 1, 0, 0]
7200 0
[14, 5, 1, 0, 0]
[14, 5, 1, 0, 0]
7300 -1
[14, 6, 1, 0, 0]
[13, 5, 1, 0, 0]
7400 -1
[14, 6, 1, 0, 0]
[13, 5, 1, 0, 0]
SELL  -1 x  PEARLS  @  10002
7500 -1
[14, 6, 1, 0, 0]
[13, 5, 1, 0, 0]
7600 -1
[14, 6, 1, 0, 0]
[13, 5, 1, 0, 0]
7700 1
SELL  -1 x  BANANAS  @  4951
[13, 5, 1, 0, 0]
[14, 5, 1, 0, 0]
7800 -1
SELL  -1 x  BANANAS  @  4951
[20, 1, 0, 0]
[12, 5, 1, 0, 0]
7900 -2
[15, 6, 1, 0, 0]
[12, 5, 1, 0, 0]
8000 -2
[21, 1, 0, 0]
[12, 5, 1, 0, 0]
8100 -2
[21, 1, 0, 0]
[12, 5, 1, 0, 0]
8200 -2
SELL  -2 x  BANANAS  @  4949
[21, 1, 0, 0]
[11, 4, 1, 0, 0]
BUY  1 x  PEARLS  @  9998
8300 -4
[17, 6, 1, 0, 0]
[11, 4, 1, 0, 0]
SELL  -1 x  PEARLS  @  10002
8400 -4
[17, 6, 1, 0, 0]
[11, 4, 1, 0, 0]
8500 -4
[17, 6, 1, 0, 0]
[11, 4, 1, 0, 0]
8600 -4
[23, 1, 0, 0]
[11, 4, 1, 0, 0]
8700 -4
BUY  1 x  BANANAS  @  4946
[22, 1, 0, 0]
[11, 4, 1, 0, 0]
8800 -3
BUY  4 x  BANANAS  @  4947
[13, 5, 1, 0, 0]
[11, 5, 1, 0, 0]
BUY  12 x  PEARLS  @  9998
8900 1
[13, 5, 1, 0, 0]
[14, 6, 1, 0, 0]
SELL  -5 x  PEARLS  @  10002
9000 1
[13, 5, 1, 0, 0]
[14, 6, 1, 0, 0]
9100 1
BUY  3 x  BANANAS  @  4949
[11, 4, 1, 0, 0]
[14, 6, 1, 0, 0]
9200 4
[11, 4, 1, 0, 0]
[17, 6, 1, 0, 0]
9300 4
[11, 4, 1, 0, 0]
[23, 1, 0, 0]
9400 4
[11, 4, 1, 0, 0]
[17, 6, 1, 0, 0]
9500 4
[11, 4, 1, 0, 0]
[17, 6, 1, 0, 0]
9600 4
BUY  1 x  BANANAS  @  4946
[10, 4, 1, 0, 0]
[23, 1, 0, 0]
9700 5
[10, 4, 1, 0, 0]
[24, 1, 0, 0]
9800 5
[10, 4, 1, 0, 0]
[24, 1, 0, 0]
9900 5
[10, 4, 1, 0, 0]
[24, 1, 0, 0]
10000 5
[10, 4, 1, 0, 0]
[24, 1, 0, 0]
10100 5
[10, 4, 1, 0, 0]
[24, 1, 0, 0]
10200 5
[10, 4, 1, 0, 0]
[24, 1, 0, 0]
10300 5
BUY  4 x  BANANAS  @  4947
[7, 3, 1, 0, 0]
[24, 1, 0, 0]
10400 7
[9, 3, 1, 0, 0]
[26, 1, 0, 0]
10500 7
[9, 3, 1, 0, 0]
[26, 1, 0, 0]
10600 7
[9, 3, 1, 0, 0]
[26, 1, 0, 0]
BUY  2 x  PEARLS  @  9998
10700 7
[9, 3, 1, 0, 0]
[26, 1, 0, 0]
10800 7
[9, 3, 1, 0, 0]
[26, 1, 0, 0]
SELL  -1 x  PEARLS  @  10002
10900 7
[9, 3, 1, 0, 0]
[26, 1, 0, 0]
11000 7
[9, 3, 1, 0, 0]
[26, 1, 0, 0]
11100 7
[9, 3, 1, 0, 0]
[26, 1, 0, 0]
11200 7
[9, 3, 1, 0, 0]
[26, 1, 0, 0]
SELL  -1 x  PEARLS  @  10002
11300 7
SELL  -1 x  BANANAS  @  4950
[9, 3, 1, 0, 0]
[25, 1, 0, 0]
11400 6
[9, 4, 1, 0, 0]
[25, 1, 0, 0]
11500 6
[9, 4, 1, 0, 0]
[25, 1, 0, 0]
11600 6
[9, 4, 1, 0, 0]
[25, 1, 0, 0]
11700 6
[9, 4, 1, 0, 0]
[25, 1, 0, 0]
11800 6
[9, 4, 1, 0, 0]
[25, 1, 0, 0]
11900 6
[9, 4, 1, 0, 0]
[25, 1, 0, 0]
12000 6
[9, 4, 1, 0, 0]
[25, 1, 0, 0]
12100 6
[9, 4, 1, 0, 0]
[25, 1, 0, 0]
12200 6
[9, 4, 1, 0, 0]
[25, 1, 0, 0]
12300 6
[9, 4, 1, 0, 0]
[25, 1, 0, 0]
12400 6
[9, 4, 1, 0, 0]
[25, 1, 0, 0]
12500 6
[9, 4, 1, 0, 0]
[25, 1, 0, 0]
SELL  -5 x  PEARLS  @  10002
12600 6
[9, 4, 1, 0, 0]
[25, 1, 0, 0]
12700 6
[9, 4, 1, 0, 0]
[25, 1, 0, 0]
12800 6
[9, 4, 1, 0, 0]
[26, 0, 0]
12900 6
[9, 4, 1, 0, 0]
[25, 1, 0, 0]
13000 6
[9, 4, 1, 0, 0]
[25, 1, 0, 0]
13100 6
[9, 4, 1, 0, 0]
[25, 1, 0, 0]
13200 6
[9, 4, 1, 0, 0]
[25, 1, 0, 0]
13300 6
SELL  -1 x  BANANAS  @  4949
[9, 4, 1, 0, 0]
[24, 1, 0, 0]
13400 5
[10, 4, 1, 0, 0]
[24, 1, 0, 0]
SELL  -1 x  PEARLS  @  10002
13500 5
SELL  -4 x  BANANAS  @  4947
[10, 4, 1, 0, 0]
[20, 1, 0, 0]
13600 1
[13, 5, 1, 0, 0]
[14, 6, 1, 0, 0]
13700 1
SELL  -5 x  BANANAS  @  4947
[18, 1, 0, 0]
[11, 4, 1, 0, 0]
SELL  -2 x  PEARLS  @  10000
13800 -4
[23, 1, 0, 0]
[11, 4, 1, 0, 0]
13900 -4
[23, 1, 0, 0]
[11, 4, 1, 0, 0]
14000 -4
SELL  -1 x  BANANAS  @  4948
[23, 1, 0, 0]
[10, 4, 1, 0, 0]
14100 -4
[23, 1, 0, 0]
[11, 4, 1, 0, 0]
SELL  -3 x  PEARLS  @  10000
14200 -4
[23, 1, 0, 0]
[11, 4, 1, 0, 0]
14300 -4
[23, 1, 0, 0]
[11, 4, 1, 0, 0]
14400 -4
[23, 1, 0, 0]
[11, 4, 1, 0, 0]
14500 -4
[23, 1, 0, 0]
[11, 4, 1, 0, 0]
BUY  2 x  PEARLS  @  10000
14600 -4
[23, 1, 0, 0]
[11, 4, 1, 0, 0]
14700 -4
[17, 6, 1, 0, 0]
[11, 4, 1, 0, 0]
14800 -4
[23, 1, 0, 0]
[11, 4, 1, 0, 0]
14900 -4
[17, 6, 1, 0, 0]
[11, 4, 1, 0, 0]
15000 -4
BUY  1 x  BANANAS  @  4943
[22, 1, 0, 0]
[11, 4, 1, 0, 0]
15100 -3
SELL  -1 x  BANANAS  @  4948
[22, 1, 0, 0]
[11, 4, 1, 0, 0]
SELL  -1 x  PEARLS  @  10002
15200 -4
[17, 6, 1, 0, 0]
[11, 4, 1, 0, 0]
BUY  4 x  PEARLS  @  10000
15300 -4
[23, 1, 0, 0]
[11, 4, 1, 0, 0]
15400 -4
[23, 1, 0, 0]
[11, 4, 1, 0, 0]
15500 -4
SELL  -1 x  BANANAS  @  4948
[23, 1, 0, 0]
[10, 4, 1, 0, 0]
15600 -5
[24, 1, 0, 0]
[10, 4, 1, 0, 0]
15700 -5
[24, 1, 0, 0]
[10, 4, 1, 0, 0]
15800 -5
[24, 1, 0, 0]
[10, 4, 1, 0, 0]
15900 -5
[24, 1, 0, 0]
[10, 4, 1, 0, 0]
16000 -5
[17, 7, 1, 0, 0]
[10, 4, 1, 0, 0]
16100 5
[10, 4, 1, 0, 0]
[24, 1, 0, 0]
16200 5
BUY  1 x  BANANAS  @  4945
[9, 4, 1, 0, 0]
[24, 1, 0, 0]
16300 6
[9, 4, 1, 0, 0]
[25, 1, 0, 0]
16400 6
[9, 4, 1, 0, 0]
[25, 1, 0, 0]
BUY  1 x  PEARLS  @  9998
16500 6
[9, 4, 1, 0, 0]
[25, 1, 0, 0]
16600 6
[9, 4, 1, 0, 0]
[25, 1, 0, 0]
16700 6
BUY  1 x  BANANAS  @  4945
[9, 3, 1, 0, 0]
[26, 0, 0]
SELL  -3 x  PEARLS  @  10002
16800 7
[9, 3, 1, 0, 0]
[26, 1, 0, 0]
16900 5
[10, 4, 1, 0, 0]
[24, 1, 0, 0]
17000 5
[10, 4, 1, 0, 0]
[24, 1, 0, 0]
17100 5
[10, 4, 1, 0, 0]
[24, 1, 0, 0]
17200 5
[10, 4, 1, 0, 0]
[24, 1, 0, 0]
17300 5
BUY  2 x  BANANAS  @  4947
[9, 3, 1, 0, 0]
[24, 1, 0, 0]
BUY  1 x  PEARLS  @  9998
17400 3
[11, 5, 1, 0, 0]
[22, 1, 0, 0]
17500 3
SELL  -11 x  BANANAS  @  4951
[17, 0, 0]
[8, 3, 1, 0, 0]
17600 -8
[28, 0, 0]
[8, 3, 1, 0, 0]
17700 -8
[28, 0, 0]
[8, 3, 1, 0, 0]
17800 -8
[28, 0, 0]
[8, 3, 1, 0, 0]
17900 -8
[27, 1, 0, 0]
[8, 3, 1, 0, 0]
18000 -8
[27, 1, 0, 0]
[8, 3, 1, 0, 0]
18100 -8
[28, 0, 0]
[8, 3, 1, 0, 0]
18200 -8
SELL  -1 x  BANANAS  @  4950
[28, 0, 0]
[7, 3, 1, 0, 0]
18300 -9
[29, 0, 0]
[7, 3, 1, 0, 0]
18400 -9
[29, 0, 0]
[7, 3, 1, 0, 0]
18500 -9
[29, 0, 0]
[7, 3, 1, 0, 0]
18600 -9
[29, 0, 0]
[7, 3, 1, 0, 0]
18700 -9
[29, 0, 0]
[7, 3, 1, 0, 0]
SELL  -9 x  PEARLS  @  10002
18800 -9
[29, 0, 0]
[7, 3, 1, 0, 0]
18900 -9
[29, 0, 0]
[7, 3, 1, 0, 0]
19000 -11
[29, 2, 0, 0]
[7, 2, 0, 0, 0]
19100 -11
[31, 0, 0]
[7, 2, 0, 0, 0]
BUY  5 x  PEARLS  @  10000
19200 -11
[31, 0, 0]
[7, 2, 0, 0, 0]
19300 -11
[31, 0, 0]
[7, 2, 0, 0, 0]
19400 -11
[31, 0, 0]
[7, 2, 0, 0, 0]
19500 -11
[31, 0, 0]
[7, 2, 0, 0, 0]
19600 -11
[31, 0, 0]
[7, 2, 0, 0, 0]
19700 -11
[31, 0, 0]
[7, 2, 0, 0, 0]
19800 -11
[31, 0, 0]
[7, 2, 0, 0, 0]
SELL  -4 x  PEARLS  @  10002
19900 -11
[31, 0, 0]
[7, 2, 0, 0, 0]
20000 -11
[31, 0, 0]
[7, 2, 0, 0, 0]
20100 -11
[31, 0, 0]
[7, 2, 0, 0, 0]
20200 -11
[31, 0, 0]
[7, 2, 0, 0, 0]
20300 -11
[31, 0, 0]
[7, 2, 0, 0, 0]
20400 -1
[14, 6, 1, 0, 0]
[13, 5, 1, 0, 0]
20500 -1
[14, 6, 1, 0, 0]
[13, 5, 1, 0, 0]
20600 -1
[14, 6, 1, 0, 0]
[13, 5, 1, 0, 0]
20700 -2
BUY  1 x  BANANAS  @  4948
[14, 6, 1, 0, 0]
[12, 5, 1, 0, 0]
20800 -1
SELL  -1 x  BANANAS  @  4953
[20, 1, 0, 0]
[12, 5, 1, 0, 0]
20900 -2
[21, 1, 0, 0]
[12, 5, 1, 0, 0]
21000 -2
BUY  3 x  BANANAS  @  4949
[13, 5, 1, 0, 0]
[12, 5, 1, 0, 0]
21100 1
[13, 5, 1, 0, 0]
[14, 6, 1, 0, 0]
21200 3
[11, 5, 1, 0, 0]
[22, 1, 0, 0]
21300 3
BUY  1 x  BANANAS  @  4948
[11, 4, 1, 0, 0]
[22, 1, 0, 0]
21400 4
[11, 4, 1, 0, 0]
[23, 1, 0, 0]
21500 4
SELL  -4 x  BANANAS  @  4952
[11, 4, 1, 0, 0]
[14, 5, 1, 0, 0]
21600 0
SELL  -2 x  BANANAS  @  4951
[19, 1, 0, 0]
[12, 5, 1, 0, 0]
SELL  -1 x  PEARLS  @  10002
21700 -2
[15, 6, 1, 0, 0]
[12, 5, 1, 0, 0]
21800 -2
[15, 6, 1, 0, 0]
[12, 5, 1, 0, 0]
21900 -2
[21, 1, 0, 0]
[12, 5, 1, 0, 0]
22000 -1
BUY  1 x  BANANAS  @  4948
[14, 5, 1, 0, 0]
[13, 5, 1, 0, 0]
BUY  2 x  PEARLS  @  10000
22100 0
[14, 5, 1, 0, 0]
[14, 5, 1, 0, 0]
22200 1
[13, 5, 1, 0, 0]
[14, 6, 1, 0, 0]
22300 1
[13, 5, 1, 0, 0]
[14, 6, 1, 0, 0]
22400 1
[13, 5, 1, 0, 0]
[14, 6, 1, 0, 0]
SELL  -2 x  PEARLS  @  10002
22500 1
[13, 5, 1, 0, 0]
[14, 6, 1, 0, 0]
SELL  -2 x  PEARLS  @  10002
22600 1
[13, 5, 1, 0, 0]
[14, 6, 1, 0, 0]
22700 1
[13, 5, 1, 0, 0]
[14, 6, 1, 0, 0]
22800 1
[13, 5, 1, 0, 0]
[14, 6, 1, 0, 0]
BUY  3 x  PEARLS  @  9998
22900 1
[13, 5, 1, 0, 0]
[14, 6, 1, 0, 0]
BUY  1 x  PEARLS  @  9998
23000 1
[13, 5, 1, 0, 0]
[14, 6, 1, 0, 0]
23100 1
[13, 5, 1, 0, 0]
[14, 6, 1, 0, 0]
23200 1
[13, 5, 1, 0, 0]
[14, 6, 1, 0, 0]
BUY  1 x  PEARLS  @  9998
23300 14
[4, 2, 0, 0, 0]
[34, 0]
23400 14
[4, 2, 0, 0, 0]
[34, 0]
23500 14
SELL  -2 x  BANANAS  @  4950
[4, 2, 0, 0, 0]
[32, 0, 0]
23600 12
SELL  -3 x  BANANAS  @  4952
[6, 2, 0, 0, 0]
[29, 0, 0]
23700 9
[7, 3, 1, 0, 0]
[29, 0, 0]
23800 9
[7, 3, 1, 0, 0]
[29, 0, 0]
23900 9
SELL  -1 x  BANANAS  @  4953
[7, 3, 1, 0, 0]
[27, 1, 0, 0]
24000 8
[8, 3, 1, 0, 0]
[28, 0, 0]
24100 8
[8, 3, 1, 0, 0]
[28, 0, 0]
24200 8
SELL  -1 x  BANANAS  @  4951
[8, 3, 1, 0, 0]
[26, 1, 0, 0]
24300 7
[9, 3, 1, 0, 0]
[26, 1, 0, 0]
SELL  -5 x  PEARLS  @  10002
24400 7
[9, 3, 1, 0, 0]
[26, 1, 0, 0]
24500 7
SELL  -4 x  BANANAS  @  4949
[9, 3, 1, 0, 0]
[22, 1, 0, 0]
BUY  2 x  PEARLS  @  9998
24600 3
[11, 5, 1, 0, 0]
[22, 1, 0, 0]
24700 3
[11, 5, 1, 0, 0]
[22, 1, 0, 0]
24800 2
[12, 5, 1, 0, 0]
[15, 6, 1, 0, 0]
24900 2
[12, 5, 1, 0, 0]
[15, 6, 1, 0, 0]
25000 2
[12, 5, 1, 0, 0]
[21, 1, 0, 0]
25100 2
[12, 5, 1, 0, 0]
[21, 1, 0, 0]
25200 9
[7, 3, 1, 0, 0]
[29, 0, 0]
25300 9
[7, 3, 1, 0, 0]
[27, 2, 0, 0]
25400 10
[7, 3, 0, 0, 0]
[30, 0, 0]
25500 9
[7, 3, 1, 0, 0]
[29, 0, 0]
25600 9
SELL  -1 x  BANANAS  @  4950
[7, 3, 1, 0, 0]
[28, 0, 0]
25700 8
[8, 3, 1, 0, 0]
[28, 0, 0]
25800 8
[8, 3, 1, 0, 0]
[28, 0, 0]
25900 8
[8, 3, 1, 0, 0]
[28, 0, 0]
26000 8
[8, 3, 1, 0, 0]
[28, 0, 0]
26100 8
[8, 3, 1, 0, 0]
[27, 1, 0, 0]
26200 8
[8, 3, 1, 0, 0]
[28, 0, 0]
26300 8
[8, 3, 1, 0, 0]
[28, 0, 0]
26400 8
[8, 3, 1, 0, 0]
[28, 0, 0]
SELL  -2 x  PEARLS  @  10002
26500 8
[8, 3, 1, 0, 0]
[27, 1, 0, 0]
26600 6
[9, 4, 1, 0, 0]
[25, 1, 0, 0]
SELL  0 x  PEARLS  @  10002
26700 6
[9, 4, 1, 0, 0]
[25, 1, 0, 0]
26800 6
[9, 4, 1, 0, 0]
[25, 1, 0, 0]
26900 6
[9, 4, 1, 0, 0]
[25, 1, 0, 0]
BUY  1 x  PEARLS  @  9998
27000 6
[9, 4, 1, 0, 0]
[25, 1, 0, 0]
27100 6
[9, 4, 1, 0, 0]
[25, 1, 0, 0]
27200 6
SELL  -3 x  BANANAS  @  4950
[9, 4, 1, 0, 0]
[16, 6, 1, 0, 0]
27300 3
[11, 5, 1, 0, 0]
[22, 1, 0, 0]
SELL  -1 x  PEARLS  @  10000
27400 3
[11, 5, 1, 0, 0]
[16, 6, 1, 0, 0]
27500 3
BUY  1 x  BANANAS  @  4947
[11, 4, 1, 0, 0]
[22, 1, 0, 0]
27600 4
[11, 4, 1, 0, 0]
[23, 1, 0, 0]
BUY  1 x  PEARLS  @  9998
27700 4
[11, 4, 1, 0, 0]
[23, 1, 0, 0]
27800 1
[13, 5, 1, 0, 0]
[14, 6, 1, 0, 0]
27900 1
[13, 5, 1, 0, 0]
[14, 6, 1, 0, 0]
BUY  4 x  PEARLS  @  9998
28000 1
[13, 5, 1, 0, 0]
[14, 6, 1, 0, 0]
28100 0
[14, 5, 1, 0, 0]
[14, 5, 1, 0, 0]
28200 1
[13, 5, 1, 0, 0]
[14, 6, 1, 0, 0]
28300 1
[13, 5, 1, 0, 0]
[14, 6, 1, 0, 0]
28400 1
[13, 5, 1, 0, 0]
[20, 1, 0, 0]
28500 1
SELL  -1 x  BANANAS  @  4952
[13, 5, 1, 0, 0]
[14, 5, 1, 0, 0]
28600 0
[14, 5, 1, 0, 0]
[14, 5, 1, 0, 0]
28700 0
[14, 5, 1, 0, 0]
[14, 5, 1, 0, 0]
28800 0
[14, 5, 1, 0, 0]
[14, 5, 1, 0, 0]
28900 0
[14, 5, 1, 0, 0]
[14, 5, 1, 0, 0]
29000 0
[14, 5, 1, 0, 0]
[14, 5, 1, 0, 0]
29100 -1
[14, 6, 1, 0, 0]
[13, 5, 1, 0, 0]
29200 -1
[14, 6, 1, 0, 0]
[13, 5, 1, 0, 0]
29300 -1
[14, 6, 1, 0, 0]
[13, 5, 1, 0, 0]
29400 -1
SELL  -4 x  BANANAS  @  4954
[20, 1, 0, 0]
[10, 4, 1, 0, 0]
29500 -5
[24, 1, 0, 0]
[10, 4, 1, 0, 0]
SELL  -1 x  PEARLS  @  10002
29600 -5
[24, 1, 0, 0]
[10, 4, 1, 0, 0]
BUY  1 x  PEARLS  @  9998
29700 -5
[24, 1, 0, 0]
[10, 4, 1, 0, 0]
29800 -5
[24, 1, 0, 0]
[10, 4, 1, 0, 0]
29900 -5
[24, 1, 0, 0]
[10, 4, 1, 0, 0]
BUY  2 x  PEARLS  @  10000
30000 -5
[17, 7, 1, 0, 0]
[10, 4, 1, 0, 0]
30100 -5
[24, 1, 0, 0]
[10, 4, 1, 0, 0]
30200 -5
BUY  2 x  BANANAS  @  4952
[16, 6, 1, 0, 0]
[10, 4, 1, 0, 0]
30300 -3
[16, 6, 1, 0, 0]
[11, 5, 1, 0, 0]
30400 -3
[22, 1, 0, 0]
[11, 5, 1, 0, 0]
30500 -3
[22, 1, 0, 0]
[11, 5, 1, 0, 0]
30600 -3
[22, 1, 0, 0]
[11, 5, 1, 0, 0]
30700 -5
SELL  -3 x  BANANAS  @  4953
[24, 1, 0, 0]
[8, 3, 1, 0, 0]
30800 -8
[28, 0, 0]
[8, 3, 1, 0, 0]
30900 -8
[27, 1, 0, 0]
[8, 3, 1, 0, 0]
31000 -8
[27, 1, 0, 0]
[8, 3, 1, 0, 0]
31100 -8
[28, 0, 0]
[8, 3, 1, 0, 0]
31200 -8
[28, 0, 0]
[8, 3, 1, 0, 0]
31300 -8
[28, 0, 0]
[8, 3, 1, 0, 0]
31400 -8
[28, 0, 0]
[8, 3, 1, 0, 0]
31500 -8
[28, 0, 0]
[8, 3, 1, 0, 0]
31600 -8
[28, 0, 0]
[8, 3, 1, 0, 0]
31700 -8
[27, 1, 0, 0]
[8, 3, 1, 0, 0]
BUY  4 x  PEARLS  @  9998
31800 -8
[28, 0, 0]
[8, 3, 1, 0, 0]
31900 -8
[27, 1, 0, 0]
[8, 3, 1, 0, 0]
32000 -8
[28, 0, 0]
[8, 3, 1, 0, 0]
BUY  3 x  PEARLS  @  10000
32100 -8
[28, 0, 0]
[8, 3, 1, 0, 0]
32200 -8
[27, 1, 0, 0]
[8, 3, 1, 0, 0]
32300 -8
[27, 1, 0, 0]
[8, 3, 1, 0, 0]
32400 -8
BUY  1 x  BANANAS  @  4951
[26, 1, 0, 0]
[8, 3, 1, 0, 0]
32500 -7
SELL  -1 x  BANANAS  @  4955
[27, 0, 0]
[8, 3, 1, 0, 0]
32600 -8
[28, 0, 0]
[8, 3, 1, 0, 0]
32700 -8
[28, 0, 0]
[8, 3, 1, 0, 0]
SELL  -1 x  PEARLS  @  10002
32800 -8
[28, 0, 0]
[8, 3, 1, 0, 0]
32900 -8
[27, 1, 0, 0]
[8, 3, 1, 0, 0]
33000 -8
[28, 0, 0]
[8, 3, 1, 0, 0]
SELL  -1 x  PEARLS  @  10002
33100 -8
[28, 0, 0]
[8, 3, 1, 0, 0]
33200 -8
[28, 0, 0]
[8, 3, 1, 0, 0]
33300 -8
[27, 1, 0, 0]
[8, 3, 1, 0, 0]
33400 -8
[28, 0, 0]
[8, 3, 1, 0, 0]
33500 -8
[27, 1, 0, 0]
[8, 3, 1, 0, 0]
33600 -8
BUY  1 x  BANANAS  @  4950
[26, 1, 0, 0]
[8, 3, 1, 0, 0]
33700 -7
[27, 0, 0]
[9, 3, 1, 0, 0]
33800 -7
[26, 1, 0, 0]
[9, 3, 1, 0, 0]
SELL  -1 x  PEARLS  @  10002
33900 -7
[26, 1, 0, 0]
[9, 3, 1, 0, 0]
34000 -9
SELL  -1 x  BANANAS  @  4953
[29, 0, 0]
[7, 3, 0, 0, 0]
SELL  -1 x  PEARLS  @  10002
34100 -10
BUY  7 x  BANANAS  @  4949
[22, 1, 0, 0]
[7, 3, 0, 0, 0]
34200 -3
[22, 1, 0, 0]
[11, 5, 1, 0, 0]
34300 -1
[14, 6, 1, 0, 0]
[13, 5, 1, 0, 0]
34400 -1
[14, 6, 1, 0, 0]
[13, 5, 1, 0, 0]
34500 -1
[14, 6, 1, 0, 0]
[13, 5, 1, 0, 0]
34600 -1
[14, 6, 1, 0, 0]
[13, 5, 1, 0, 0]
34700 -1
[14, 6, 1, 0, 0]
[13, 5, 1, 0, 0]
BUY  5 x  PEARLS  @  9998
34800 -1
BUY  6 x  BANANAS  @  4951
[10, 4, 1, 0, 0]
[18, 1, 0, 0]
SELL  -2 x  PEARLS  @  10000
SELL  -1 x  PEARLS  @  10002
34900 5
[10, 4, 1, 0, 0]
[24, 1, 0, 0]
35000 7
[9, 3, 1, 0, 0]
[26, 1, 0, 0]
35100 7
[9, 3, 1, 0, 0]
[26, 1, 0, 0]
35200 7
BUY  1 x  BANANAS  @  4950
[8, 3, 1, 0, 0]
[27, 0, 0]
35300 8
[8, 3, 1, 0, 0]
[27, 1, 0, 0]
35400 8
[8, 3, 1, 0, 0]
[28, 0, 0]
35500 8
BUY  1 x  BANANAS  @  4951
[7, 3, 1, 0, 0]
[28, 0, 0]
SELL  -5 x  PEARLS  @  10002
35600 9
[7, 3, 1, 0, 0]
[27, 2, 0, 0]
35700 9
[7, 3, 1, 0, 0]
[29, 0, 0]
SELL  -1 x  PEARLS  @  10002
35800 9
[7, 3, 1, 0, 0]
[29, 0, 0]
35900 9
BUY  4 x  BANANAS  @  4951
[5, 2, 0, 0, 0]
[29, 0, 0]
36000 13
[5, 2, 0, 0, 0]
[33, 0]
BUY  1 x  PEARLS  @  9998
36100 13
[5, 2, 0, 0, 0]
[33, 0]
BUY  4 x  PEARLS  @  9998
36200 13
[5, 2, 0, 0, 0]
[33, 0]
36300 13
[5, 2, 0, 0, 0]
[33, 0]
BUY  0 x  PEARLS  @  9998
36400 13
[5, 2, 0, 0, 0]
[33, 0, 0]
36500 13
[5, 2, 0, 0, 0]
[33, 0, 0]
36600 13
[5, 2, 0, 0, 0]
[33, 0, 0]
SELL  -4 x  PEARLS  @  10002
36700 13
SELL  -11 x  BANANAS  @  4954
[5, 2, 0, 0, 0]
[15, 6, 1, 0, 0]
SELL  -1 x  PEARLS  @  10002
36800 3
BUY  2 x  BANANAS  @  4953
[10, 4, 1, 0, 0]
[22, 1, 0, 0]
SELL  -1 x  PEARLS  @  10002
36900 5
[10, 4, 1, 0, 0]
[24, 1, 0, 0]
37000 5
[10, 4, 1, 0, 0]
[24, 1, 0, 0]
37100 5
SELL  -1 x  BANANAS  @  4955
[10, 4, 1, 0, 0]
[23, 1, 0, 0]
37200 4
[11, 4, 1, 0, 0]
[23, 1, 0, 0]
37300 4
[11, 4, 1, 0, 0]
[23, 1, 0, 0]
SELL  -5 x  PEARLS  @  10002
37400 4
[11, 4, 1, 0, 0]
[23, 1, 0, 0]
37500 4
SELL  -1 x  BANANAS  @  4955
[11, 4, 1, 0, 0]
[16, 6, 1, 0, 0]
SELL  -1 x  PEARLS  @  10002
37600 3
[11, 5, 1, 0, 0]
[22, 1, 0, 0]
37700 3
SELL  -1 x  BANANAS  @  4955
[11, 5, 1, 0, 0]
[15, 6, 1, 0, 0]
37800 2
[12, 5, 1, 0, 0]
[21, 1, 0, 0]
37900 6
BUY  2 x  BANANAS  @  4952
[8, 3, 1, 0, 0]
[26, 0, 0]
BUY  3 x  PEARLS  @  10000
38000 8
[8, 3, 1, 0, 0]
[28, 0, 0]
38100 8
BUY  1 x  BANANAS  @  4950
[7, 3, 1, 0, 0]
[28, 0, 0]
38200 9
[7, 3, 1, 0, 0]
[27, 2, 0, 0]
BUY  2 x  PEARLS  @  9998
38300 9
[7, 3, 1, 0, 0]
[29, 0, 0]
38400 15
BUY  1 x  BANANAS  @  4949
[3, 1, 0, 0, 0]
[35, 0]
SELL  -1 x  PEARLS  @  10002
38500 16
SELL  -1 x  BANANAS  @  4954
[3, 1, 0, 0, 0]
[35, 0]
SELL  -1 x  PEARLS  @  10002
38600 15
[4, 1, 0, 0, 0]
[35, 0]
SELL  -5 x  PEARLS  @  10002
38700 15
[4, 1, 0, 0, 0]
[35, 0]
38800 15
[4, 1, 0, 0, 0]
[35, 0]
38900 15
[4, 1, 0, 0, 0]
[35, 0, 0]
39000 15
[4, 1, 0, 0, 0]
[35, 0]
39100 15
[4, 1, 0, 0, 0]
[35, 0]
39200 15
SELL  -1 x  BANANAS  @  4955
[4, 1, 0, 0, 0]
[34, 0]
39300 14
[4, 2, 0, 0, 0]
[34, 0, 0]
39400 14
[4, 2, 0, 0, 0]
[34, 0]
39500 13
[5, 2, 0, 0, 0]
[33, 0]
39600 13
[5, 2, 0, 0, 0]
[33, 0]
39700 13
[5, 2, 0, 0, 0]
[33, 0]
39800 12
[6, 2, 0, 0, 0]
[32, 0]
39900 12
[6, 2, 0, 0, 0]
[32, 0, 0]
40000 12
SELL  -5 x  BANANAS  @  4953
[6, 2, 0, 0, 0]
[27, 0, 0]
40100 7
[9, 3, 1, 0, 0]
[26, 1, 0, 0]
SELL  -1 x  PEARLS  @  10002
40200 7
[9, 3, 1, 0, 0]
[26, 1, 0, 0]
40300 7
[9, 3, 1, 0, 0]
[26, 1, 0, 0]
BUY  4 x  PEARLS  @  10000
40400 7
[9, 3, 1, 0, 0]
[26, 1, 0, 0]
40500 7
BUY  2 x  BANANAS  @  4951
[7, 3, 1, 0, 0]
[27, 0, 0]
40600 9
[7, 3, 1, 0, 0]
[29, 0, 0]
BUY  7 x  PEARLS  @  9998
40700 9
[7, 3, 1, 0, 0]
[29, 0, 0]
40800 9
[7, 3, 1, 0, 0]
[29, 0, 0]
40900 9
[7, 3, 1, 0, 0]
[29, 0, 0]
41000 9
BUY  4 x  BANANAS  @  4951
[5, 2, 0, 0, 0]
[29, 0]
41100 13
[5, 2, 0, 0, 0]
[33, 0]
41200 13
[5, 2, 0, 0, 0]
[33, 0]
BUY  7 x  PEARLS  @  9998
41300 13
[5, 2, 0, 0, 0]
[33, 0]
41400 13
BUY  4 x  BANANAS  @  4950
[2, 1, 0, 0, 0]
[33, 0]
41500 17
[2, 1, 0, 0, 0]
[37, 0]
41600 17
[2, 1, 0, 0, 0]
[37, 0]
BUY  0 x  PEARLS  @  9998
41700 17
[2, 1, 0, 0, 0]
[37, 0]
41800 17
[2, 1, 0, 0, 0]
[37]
41900 17
[2, 1, 0, 0, 0]
[37, 0]
42000 17
[2, 1, 0, 0, 0]
[37, 0]
42100 17
[2, 1, 0, 0, 0]
[37, 0]
42200 17
[2, 1, 0, 0, 0]
[37, 0]
42300 17
SELL  -1 x  BANANAS  @  4953
[2, 1, 0, 0, 0]
[36, 0]
SELL  -4 x  PEARLS  @  10000
42400 15
[4, 1, 0, 0, 0]
[35, 0]
BUY  5 x  PEARLS  @  9998
42500 15
[4, 1, 0, 0, 0]
[35, 0]
42600 15
[4, 1, 0, 0, 0]
[35, 0]
42700 15
[4, 1, 0, 0, 0]
[35, 0]
42800 15
[4, 1, 0, 0, 0]
[35, 0]
42900 15
[4, 1, 0, 0, 0]
[35, 0]
43000 15
[4, 1, 0, 0, 0]
[35, 0]
SELL  -7 x  PEARLS  @  10002
43100 15
[4, 1, 0, 0, 0]
[35, 0, 0]
43200 15
[4, 1, 0, 0, 0]
[35, 0]
BUY  1 x  PEARLS  @  10000
43300 15
[4, 1, 0, 0, 0]
[35, 0]
43400 15
[4, 1, 0, 0, 0]
[35, 0]
43500 15
[4, 1, 0, 0, 0]
[35, 0]
43600 15
[4, 1, 0, 0, 0]
[35, 0]
43700 15
[4, 1, 0, 0, 0]
[35, 0]
43800 15
[4, 1, 0, 0, 0]
[35, 0]
BUY  1 x  PEARLS  @  9998
43900 15
[4, 1, 0, 0, 0]
[35, 0]
44000 15
BUY  5 x  BANANAS  @  4948
[0, 0, 0, 0, 0]
[35]
SELL  -4 x  PEARLS  @  10002
44100 20
[0, 0, 0, 0, 0]
[40]
44200 20
[0, 0, 0, 0, 0]
[40, 0]
44300 20
[0, 0, 0, 0, 0]
[40]
44400 20
[0, 0, 0, 0, 0]
[40]
44500 20
[0, 0, 0, 0, 0]
[40]
44600 20
[0, 0, 0, 0, 0]
[40]
44700 20
[0, 0, 0, 0, 0]
[40]
44800 20
[0, 0, 0, 0, 0]
[40]
44900 20
[0, 0, 0, 0, 0]
[40, 0]
45000 20
[0, 0, 0, 0, 0]
[40]
45100 20
[0, 0, 0, 0, 0]
[40]
BUY  1 x  PEARLS  @  9998
45200 20
[0, 0, 0, 0, 0]
[40]
45300 20
BUY  0 x  BANANAS  @  4946
[0, 0, 0, 0, 0]
[40]
BUY  1 x  PEARLS  @  9998
45400 20
[0, 0, 0, 0, 0]
[40]
45500 20
[0, 0, 0, 0, 0]
[40]
45600 20
SELL  -1 x  BANANAS  @  4951
[0, 0, 0, 0, 0]
[39]
45700 19
[1, 0, 0, 0, 0]
[39]
SELL  -4 x  PEARLS  @  10002
45800 19
[1, 0, 0, 0, 0]
[39]
45900 19
[1, 0, 0, 0, 0]
[39]
46000 19
[1, 0, 0, 0, 0]
[39]
BUY  5 x  PEARLS  @  9998
46100 19
BUY  1 x  BANANAS  @  4946
[0, 0, 0, 0, 0]
[39]
46200 20
BUY  0 x  BANANAS  @  4946
[0, 0, 0, 0, 0]
[40, 0]
46300 20
SELL  -1 x  BANANAS  @  4950
[0, 0, 0, 0, 0]
[39, 0]
46400 19
[1, 0, 0, 0, 0]
[39]
46500 19
BUY  1 x  BANANAS  @  4945
[0, 0, 0, 0, 0]
[39, 0]
46600 20
SELL  -4 x  BANANAS  @  4947
[0, 0, 0, 0, 0]
[36, 0]
46700 16
[3, 1, 0, 0, 0]
[36, 0]
46800 16
[3, 1, 0, 0, 0]
[36, 0]
46900 16
SELL  -1 x  BANANAS  @  4950
[3, 1, 0, 0, 0]
[35, 0]
47000 15
[4, 1, 0, 0, 0]
[35, 0]
47100 15
[4, 1, 0, 0, 0]
[35, 0]
47200 15
SELL  -1 x  BANANAS  @  4950
[4, 1, 0, 0, 0]
[34, 0]
47300 14
[4, 2, 0, 0, 0]
[34, 0]
47400 14
[4, 2, 0, 0, 0]
[34, 0, 0]
47500 14
[4, 2, 0, 0, 0]
[34, 0, 0]
47600 14
[4, 2, 0, 0, 0]
[34, 0]
47700 16
[3, 1, 0, 0, 0]
[36, 0]
BUY  1 x  PEARLS  @  9998
47800 16
[3, 1, 0, 0, 0]
[36, 0]
BUY  1 x  PEARLS  @  9998
47900 16
[3, 1, 0, 0, 0]
[36, 0, 0]
48000 16
[3, 1, 0, 0, 0]
[36, 0]
48100 16
[3, 1, 0, 0, 0]
[36, 0]
48200 16
[3, 1, 0, 0, 0]
[36, 0]
48300 16
SELL  -1 x  BANANAS  @  4948
[3, 1, 0, 0, 0]
[35, 0]
48400 15
SELL  -1 x  BANANAS  @  4947
[4, 1, 0, 0, 0]
[34, 0]
48500 14
[4, 2, 0, 0, 0]
[34, 0]
48600 14
[4, 2, 0, 0, 0]
[34, 0, 0]
48700 14
[4, 2, 0, 0, 0]
[34, 0]
SELL  -2 x  PEARLS  @  10002
48800 14
[4, 2, 0, 0, 0]
[34, 0, 0]
48900 14
[4, 2, 0, 0, 0]
[34, 0]
49000 14
[4, 2, 0, 0, 0]
[34, 0]
49100 14
[4, 2, 0, 0, 0]
[34, 0, 0]
49200 14
[4, 2, 0, 0, 0]
[34, 0]
49300 14
SELL  -1 x  BANANAS  @  4945
[4, 2, 0, 0, 0]
[33, 0, 0]
49400 13
SELL  -1 x  BANANAS  @  4945
[5, 2, 0, 0, 0]
[32, 0, 0]
49500 12
[6, 2, 0, 0, 0]
[32, 0, 0]
49600 12
[6, 2, 0, 0, 0]
[32, 0, 0]
49700 12
[6, 2, 0, 0, 0]
[32, 0, 0]
49800 12
[6, 2, 0, 0, 0]
[32, 0, 0]
BUY  1 x  PEARLS  @  9998
49900 12
[6, 2, 0, 0, 0]
[32, 0]
50000 12
SELL  -1 x  BANANAS  @  4943
[6, 2, 0, 0, 0]
[31, 0, 0]
50100 11
[7, 2, 0, 0, 0]
[31, 0, 0]
50200 9
[7, 3, 1, 0, 0]
[29, 0, 0]
50300 9
[7, 3, 1, 0, 0]
[27, 2, 0, 0]
50400 9
[7, 3, 1, 0, 0]
[29, 0, 0]
SELL  -4 x  PEARLS  @  10002
50500 9
[7, 3, 1, 0, 0]
[29, 0, 0]
SELL  -4 x  PEARLS  @  10002
50600 9
SELL  -1 x  BANANAS  @  4947
[7, 3, 1, 0, 0]
[27, 1, 0, 0]
50700 8
BUY  1 x  BANANAS  @  4943
[7, 3, 1, 0, 0]
[27, 1, 0, 0]
50800 9
[7, 3, 1, 0, 0]
[27, 2, 0, 0]
BUY  1 x  PEARLS  @  9998
50900 9
[7, 3, 1, 0, 0]
[29, 0, 0]
51000 9
[7, 3, 1, 0, 0]
[29, 0, 0]
51100 9
[7, 3, 1, 0, 0]
[29, 0, 0]
51200 9
[7, 3, 1, 0, 0]
[29, 0, 0]
51300 9
[7, 3, 1, 0, 0]
[27, 2, 0, 0]
51400 9
[7, 3, 1, 0, 0]
[29, 0, 0]
51500 9
[7, 3, 1, 0, 0]
[29, 0, 0]
51600 9
[7, 3, 1, 0, 0]
[29, 0, 0]
51700 9
[7, 3, 1, 0, 0]
[27, 2, 0, 0]
51800 9
[7, 3, 1, 0, 0]
[29, 0, 0]
51900 9
[7, 3, 1, 0, 0]
[27, 2, 0, 0]
52000 9
[7, 3, 1, 0, 0]
[29, 0, 0]
SELL  -3 x  PEARLS  @  10000
52100 9
[7, 3, 1, 0, 0]
[29, 0, 0]
52200 9
[7, 3, 1, 0, 0]
[29, 0, 0]
52300 9
[7, 3, 1, 0, 0]
[29, 0, 0]
52400 9
[7, 3, 1, 0, 0]
[29, 0, 0]
52500 9
[7, 3, 1, 0, 0]
[29, 0, 0]
52600 9
[7, 3, 1, 0, 0]
[29, 0, 0]
BUY  2 x  PEARLS  @  9998
52700 9
[7, 3, 1, 0, 0]
[29, 0, 0]
BUY  1 x  PEARLS  @  9998
52800 11
[7, 2, 0, 0, 0]
[31, 0, 0]
BUY  1 x  PEARLS  @  9998
52900 11
[7, 2, 0, 0, 0]
[31, 0, 0]
53000 11
[7, 2, 0, 0, 0]
[31, 0, 0]
53100 11
[7, 2, 0, 0, 0]
[31, 0, 0]
53200 11
[7, 2, 0, 0, 0]
[31, 0, 0]
BUY  1 x  PEARLS  @  9998
53300 11
[7, 2, 0, 0, 0]
[31, 0, 0]
53400 11
BUY  1 x  BANANAS  @  4943
[6, 2, 0, 0, 0]
[31, 0]
53500 12
[6, 2, 0, 0, 0]
[32, 0, 0]
53600 12
[6, 2, 0, 0, 0]
[32, 0, 0]
53700 12
[6, 2, 0, 0, 0]
[32, 0, 0]
53800 12
[6, 2, 0, 0, 0]
[32, 0, 0]
BUY  8 x  PEARLS  @  9998
53900 12
SELL  -4 x  BANANAS  @  4948
SELL  -1 x  BANANAS  @  4949
[6, 2, 0, 0, 0]
[26, 1, 0, 0]
54000 8
[8, 3, 1, 0, 0]
[28, 0, 0]
54100 8
[8, 3, 1, 0, 0]
[28, 0, 0]
54200 8
[8, 3, 1, 0, 0]
[28, 0, 0]
54300 8
[8, 3, 1, 0, 0]
[28, 0, 0]
54400 8
[8, 3, 1, 0, 0]
[28, 0, 0]
54500 8
BUY  1 x  BANANAS  @  4945
[7, 3, 1, 0, 0]
[28, 0, 0]
54600 9
[7, 3, 1, 0, 0]
[29, 0, 0]
54700 9
[7, 3, 1, 0, 0]
[29, 0, 0]
54800 9
[7, 3, 1, 0, 0]
[29, 0, 0]
54900 9
[7, 3, 1, 0, 0]
[29, 0, 0]
55000 9
[7, 3, 1, 0, 0]
[27, 2, 0, 0]
BUY  0 x  PEARLS  @  9998
55100 8
[8, 3, 1, 0, 0]
[28, 0, 0]
SELL  -9 x  PEARLS  @  10002
55200 8
[8, 3, 1, 0, 0]
[28, 0, 0]
55300 8
[8, 3, 1, 0, 0]
[27, 1, 0, 0]
55400 8
[8, 3, 1, 0, 0]
[28, 0, 0]
55500 8
SELL  -2 x  BANANAS  @  4947
[8, 3, 1, 0, 0]
[26, 0, 0]
55600 6
[9, 4, 1, 0, 0]
[25, 1, 0, 0]
55700 6
[9, 4, 1, 0, 0]
[25, 1, 0, 0]
55800 6
[9, 4, 1, 0, 0]
[25, 1, 0, 0]
55900 6
[9, 4, 1, 0, 0]
[25, 1, 0, 0]
BUY  9 x  PEARLS  @  9998
56000 3
[11, 5, 1, 0, 0]
[22, 1, 0, 0]
56100 3
[11, 5, 1, 0, 0]
[22, 1, 0, 0]
56200 3
[11, 5, 1, 0, 0]
[22, 1, 0, 0]
56300 3
[11, 5, 1, 0, 0]
[16, 6, 1, 0, 0]
56400 3
[11, 5, 1, 0, 0]
[16, 6, 1, 0, 0]
56500 3
[11, 5, 1, 0, 0]
[22, 1, 0, 0]
56600 3
[11, 5, 1, 0, 0]
[16, 6, 1, 0, 0]
56700 3
[11, 5, 1, 0, 0]
[22, 1, 0, 0]
56800 3
[11, 5, 1, 0, 0]
[22, 1, 0, 0]
56900 3
[11, 5, 1, 0, 0]
[16, 6, 1, 0, 0]
57000 3
[11, 5, 1, 0, 0]
[16, 6, 1, 0, 0]
57100 9
[7, 3, 1, 0, 0]
[29, 0, 0]
57200 9
BUY  2 x  BANANAS  @  4946
[7, 2, 0, 0, 0]
[29, 0, 0]
57300 11
[7, 2, 0, 0, 0]
[31, 0, 0]
SELL  -1 x  PEARLS  @  10002
57400 11
[7, 2, 0, 0, 0]
[31, 0, 0]
57500 11
[7, 2, 0, 0, 0]
[31, 0, 0]
57600 11
[7, 2, 0, 0, 0]
[31, 0, 0]
BUY  1 x  PEARLS  @  9998
57700 11
[7, 2, 0, 0, 0]
[31, 0, 0]
57800 11
[7, 2, 0, 0, 0]
[31, 0, 0]
57900 11
[7, 2, 0, 0, 0]
[31, 0, 0]
SELL  -1 x  PEARLS  @  10002
58000 11
[7, 2, 0, 0, 0]
[31, 0, 0]
58100 11
[7, 2, 0, 0, 0]
[31, 0, 0]
58200 11
[7, 2, 0, 0, 0]
[31, 0, 0]
58300 11
[7, 2, 0, 0, 0]
[31, 0, 0]
BUY  1 x  PEARLS  @  9998
58400 11
[7, 2, 0, 0, 0]
[31, 0, 0]
BUY  4 x  PEARLS  @  10000
58500 11
[7, 2, 0, 0, 0]
[31, 0, 0]
BUY  1 x  PEARLS  @  9998
58600 11
[7, 2, 0, 0, 0]
[31, 0, 0]
58700 11
[7, 2, 0, 0, 0]
[31, 0, 0]
58800 11
[7, 2, 0, 0, 0]
[31, 0, 0]
58900 11
[7, 2, 0, 0, 0]
[31, 0, 0]
BUY  1 x  PEARLS  @  9998
59000 11
[7, 2, 0, 0, 0]
[31, 0, 0]
59100 11
BUY  9 x  BANANAS  @  4945
[0, 0, 0, 0, 0]
[31]
BUY  0 x  PEARLS  @  9998
59200 20
SELL  -1 x  BANANAS  @  4949
[0, 0, 0, 0, 0]
[39, 0]
SELL  -3 x  PEARLS  @  10000
59300 19
[1, 0, 0, 0, 0]
[39]
BUY  3 x  PEARLS  @  9998
59400 19
[1, 0, 0, 0, 0]
[39]
59500 19
[1, 0, 0, 0, 0]
[39, 0]
59600 19
[1, 0, 0, 0, 0]
[39]
59700 19
[1, 0, 0, 0, 0]
[39, 0]
59800 19
[1, 0, 0, 0, 0]
[39]
59900 19
[1, 0, 0, 0, 0]
[39]
SELL  -1 x  PEARLS  @  10002
60000 17
[2, 1, 0, 0, 0]
[37, 0]
60100 17
[2, 1, 0, 0, 0]
[37, 0]
BUY  1 x  PEARLS  @  9998
60200 17
[2, 1, 0, 0, 0]
[37, 0]
SELL  -3 x  PEARLS  @  10000
60300 17
[2, 1, 0, 0, 0]
[37, 0]
60400 17
[2, 1, 0, 0, 0]
[37, 0]
SELL  -4 x  PEARLS  @  10000
60500 17
[2, 1, 0, 0, 0]
[37, 0]
60600 17
[2, 1, 0, 0, 0]
[37]
60700 17
[2, 1, 0, 0, 0]
[37, 0]
60800 17
[2, 1, 0, 0, 0]
[37, 0]
60900 17
[2, 1, 0, 0, 0]
[37, 0]
61000 17
[2, 1, 0, 0, 0]
[37, 0]
61100 16
BUY  2 x  BANANAS  @  4945
BUY  2 x  BANANAS  @  4947
[0, 0, 0, 0, 0]
[36, 0]
61200 20
[0, 0, 0, 0, 0]
[40]
61300 20
[0, 0, 0, 0, 0]
[40, 0]
61400 20
[0, 0, 0, 0, 0]
[40]
SELL  -2 x  PEARLS  @  10002
61500 20
[0, 0, 0, 0, 0]
[40]
SELL  -6 x  PEARLS  @  10002
61600 20
[0, 0, 0, 0, 0]
[40]
61700 20
SELL  -1 x  BANANAS  @  4950
[0, 0, 0, 0, 0]
[39, 0]
61800 19
[1, 0, 0, 0, 0]
[39]
61900 19
[1, 0, 0, 0, 0]
[39]
BUY  1 x  PEARLS  @  9998
62000 19
[1, 0, 0, 0, 0]
[39]
62100 19
[1, 0, 0, 0, 0]
[39]
62200 19
[1, 0, 0, 0, 0]
[39, 0]
62300 19
[1, 0, 0, 0, 0]
[39]
62400 19
[1, 0, 0, 0, 0]
[39]
62500 19
[1, 0, 0, 0, 0]
[39]
62600 19
[1, 0, 0, 0, 0]
[39]
62700 19
[1, 0, 0, 0, 0]
[39, 0]
62800 19
[1, 0, 0, 0, 0]
[39]
62900 19
[1, 0, 0, 0, 0]
[39]
63000 18
[1, 1, 0, 0, 0]
[38, 0]
63100 5
[10, 4, 1, 0, 0]
[24, 1, 0, 0]
63200 5
[10, 4, 1, 0, 0]
[24, 1, 0, 0]
63300 5
[10, 4, 1, 0, 0]
[24, 1, 0, 0]
63400 5
[10, 4, 1, 0, 0]
[24, 1, 0, 0]
63500 5
[10, 4, 1, 0, 0]
[24, 1, 0, 0]
BUY  1 x  PEARLS  @  9998
63600 5
[10, 4, 1, 0, 0]
[24, 1, 0, 0]
63700 5
[10, 4, 1, 0, 0]
[24, 1, 0, 0]
63800 6
[9, 4, 1, 0, 0]
[25, 1, 0, 0]
63900 6
[9, 4, 1, 0, 0]
[25, 1, 0, 0]
64000 0
[14, 5, 1, 0, 0]
[14, 5, 1, 0, 0]
64100 0
[14, 5, 1, 0, 0]
[14, 5, 1, 0, 0]
64200 0
[14, 5, 1, 0, 0]
[14, 5, 1, 0, 0]
64300 0
[14, 5, 1, 0, 0]
[14, 5, 1, 0, 0]
64400 -5
[24, 1, 0, 0]
[10, 4, 1, 0, 0]
64500 -5
[24, 1, 0, 0]
[10, 4, 1, 0, 0]
64600 -5
[24, 1, 0, 0]
[10, 4, 1, 0, 0]
64700 -5
[24, 1, 0, 0]
[10, 4, 1, 0, 0]
64800 -5
[24, 1, 0, 0]
[10, 4, 1, 0, 0]
64900 -5
BUY  1 x  BANANAS  @  4941
[23, 1, 0, 0]
[10, 4, 1, 0, 0]
65000 -4
[23, 1, 0, 0]
[11, 4, 1, 0, 0]
65100 -4
[23, 1, 0, 0]
[11, 4, 1, 0, 0]
65200 -5
[24, 1, 0, 0]
[10, 4, 1, 0, 0]
SELL  -5 x  PEARLS  @  10002
65300 -5
SELL  -1 x  BANANAS  @  4945
[25, 0, 0]
[9, 4, 1, 0, 0]
SELL  -1 x  PEARLS  @  10002
65400 -6
[25, 1, 0, 0]
[9, 4, 1, 0, 0]
BUY  1 x  PEARLS  @  9998
65500 -6
[25, 1, 0, 0]
[9, 4, 1, 0, 0]
65600 -6
[25, 1, 0, 0]
[9, 4, 1, 0, 0]
65700 -6
[25, 1, 0, 0]
[9, 4, 1, 0, 0]
65800 -6
[25, 1, 0, 0]
[9, 4, 1, 0, 0]
65900 -6
[25, 1, 0, 0]
[9, 4, 1, 0, 0]
66000 -6
[25, 1, 0, 0]
[9, 4, 1, 0, 0]
BUY  2 x  PEARLS  @  9998
66100 -4
[23, 1, 0, 0]
[11, 4, 1, 0, 0]
66200 -4
[23, 1, 0, 0]
[11, 4, 1, 0, 0]
66300 -4
[23, 1, 0, 0]
[11, 4, 1, 0, 0]
BUY  1 x  PEARLS  @  9998
66400 -4
[17, 6, 1, 0, 0]
[11, 4, 1, 0, 0]
66500 -4
BUY  1 x  BANANAS  @  4941
[22, 1, 0, 0]
[11, 4, 1, 0, 0]
66600 7
SELL  -1 x  BANANAS  @  4942
[9, 3, 1, 0, 0]
[25, 1, 0, 0]
66700 6
[9, 4, 1, 0, 0]
[25, 1, 0, 0]
66800 6
[9, 4, 1, 0, 0]
[25, 1, 0, 0]
BUY  1 x  PEARLS  @  9998
66900 6
[9, 4, 1, 0, 0]
[25, 1, 0, 0]
67000 6
BUY  5 x  BANANAS  @  4939
[7, 2, 0, 0, 0]
[26, 0, 0]
SELL  -4 x  PEARLS  @  10002
67100 11
[7, 2, 0, 0, 0]
[31, 0, 0]
67200 11
[7, 2, 0, 0, 0]
[31, 0, 0]
67300 11
[7, 2, 0, 0, 0]
[31, 0, 0]
67400 18
[1, 1, 0, 0, 0]
[38, 0]
BUY  5 x  PEARLS  @  9998
67500 18
[1, 1, 0, 0, 0]
[38, 0]
67600 18
[1, 1, 0, 0, 0]
[38, 0]
67700 18
[1, 1, 0, 0, 0]
[38, 0]
SELL  -1 x  PEARLS  @  10002
67800 18
[1, 1, 0, 0, 0]
[38, 0]
BUY  1 x  PEARLS  @  9998
67900 18
[1, 1, 0, 0, 0]
[38, 0]
68000 18
[1, 1, 0, 0, 0]
[38, 0]
68100 18
[1, 1, 0, 0, 0]
[38, 0]
68200 18
BUY  2 x  BANANAS  @  4941
[0, 0, 0, 0, 0]
[38, 0]
68300 20
[0, 0, 0, 0, 0]
[40]
68400 20
[0, 0, 0, 0, 0]
[40, 0]
68500 20
[0, 0, 0, 0, 0]
[40]
68600 20
[0, 0, 0, 0, 0]
[40, 0]
68700 20
[0, 0, 0, 0, 0]
[40, 0]
SELL  -1 x  PEARLS  @  10002
68800 2
[12, 5, 1, 0, 0]
[21, 1, 0, 0]
68900 2
SELL  -6 x  BANANAS  @  4941
[17, 1, 0, 0]
[11, 4, 1, 0, 0]
69000 -4
[23, 1, 0, 0]
[11, 4, 1, 0, 0]
69100 -4
[23, 1, 0, 0]
[11, 4, 1, 0, 0]
69200 -4
[17, 6, 1, 0, 0]
[11, 4, 1, 0, 0]
69300 -4
[23, 1, 0, 0]
[11, 4, 1, 0, 0]
69400 -4
[23, 1, 0, 0]
[11, 4, 1, 0, 0]
SELL  -4 x  PEARLS  @  10002
69500 -4
[23, 1, 0, 0]
[11, 4, 1, 0, 0]
SELL  -2 x  PEARLS  @  10002
69600 -4
[23, 1, 0, 0]
[11, 4, 1, 0, 0]
69700 -5
[24, 1, 0, 0]
[10, 4, 1, 0, 0]
69800 -5
[24, 1, 0, 0]
[10, 4, 1, 0, 0]
69900 -5
[24, 1, 0, 0]
[10, 4, 1, 0, 0]
70000 -5
[24, 1, 0, 0]
[10, 4, 1, 0, 0]
70100 -5
[24, 1, 0, 0]
[10, 4, 1, 0, 0]
70200 -5
[24, 1, 0, 0]
[10, 4, 1, 0, 0]
BUY  3 x  PEARLS  @  10000
70300 -5
[24, 1, 0, 0]
[10, 4, 1, 0, 0]
70400 -5
[17, 7, 1, 0, 0]
[10, 4, 1, 0, 0]
70500 -5
[24, 1, 0, 0]
[10, 4, 1, 0, 0]
70600 -5
SELL  -1 x  BANANAS  @  4941
[24, 1, 0, 0]
[9, 4, 1, 0, 0]
70700 -6
[25, 1, 0, 0]
[9, 4, 1, 0, 0]
70800 -6
[25, 1, 0, 0]
[9, 4, 1, 0, 0]
BUY  1 x  PEARLS  @  9998
70900 -6
[25, 1, 0, 0]
[9, 4, 1, 0, 0]
71000 -7
SELL  -1 x  BANANAS  @  4940
[27, 0, 0]
[8, 3, 1, 0, 0]
71100 -8
BUY  7 x  BANANAS  @  4935
[14, 6, 1, 0, 0]
[8, 3, 1, 0, 0]
71200 -1
[14, 6, 1, 0, 0]
[13, 5, 1, 0, 0]
71300 -1
[14, 6, 1, 0, 0]
[13, 5, 1, 0, 0]
71400 -1
[14, 6, 1, 0, 0]
[13, 5, 1, 0, 0]
71500 -1
[14, 6, 1, 0, 0]
[13, 5, 1, 0, 0]
71600 -1
[14, 6, 1, 0, 0]
[13, 5, 1, 0, 0]
71700 -1
[14, 6, 1, 0, 0]
[13, 5, 1, 0, 0]
71800 -1
[14, 6, 1, 0, 0]
[13, 5, 1, 0, 0]
71900 -1
BUY  5 x  BANANAS  @  4939
[11, 4, 1, 0, 0]
[18, 1, 0, 0]
72000 4
[11, 4, 1, 0, 0]
[23, 1, 0, 0]
72100 4
BUY  3 x  BANANAS  @  4938
[9, 3, 1, 0, 0]
[23, 1, 0, 0]
72200 7
[9, 3, 1, 0, 0]
[26, 1, 0, 0]
72300 16
[3, 1, 0, 0, 0]
[36, 0]
72400 16
[3, 1, 0, 0, 0]
[36, 0]
72500 16
[3, 1, 0, 0, 0]
[36, 0]
72600 15
[4, 1, 0, 0, 0]
[35, 0, 0]
72700 15
[4, 1, 0, 0, 0]
[35, 0]
72800 15
[4, 1, 0, 0, 0]
[35, 0]
72900 15
[4, 1, 0, 0, 0]
[35, 0]
73000 15
[4, 1, 0, 0, 0]
[35, 0]
73100 15
[4, 1, 0, 0, 0]
[35, 0, 0]
73200 15
[4, 1, 0, 0, 0]
[35, 0]
73300 15
SELL  -2 x  BANANAS  @  4941
[4, 1, 0, 0, 0]
[33, 0, 0]
73400 13
[5, 2, 0, 0, 0]
[33, 0, 0]
BUY  1 x  PEARLS  @  9998
73500 13
[5, 2, 0, 0, 0]
[33, 0]
BUY  1 x  PEARLS  @  9998
73600 13
[5, 2, 0, 0, 0]
[33, 0]
SELL  -1 x  PEARLS  @  10002
73700 13
SELL  -1 x  BANANAS  @  4943
[5, 2, 0, 0, 0]
[32, 0, 0]
BUY  10 x  PEARLS  @  9998
73800 12
[6, 2, 0, 0, 0]
[32, 0, 0]
SELL  -1 x  PEARLS  @  10002
73900 12
[6, 2, 0, 0, 0]
[32, 0, 0]
74000 12
BUY  3 x  BANANAS  @  4941
[4, 1, 0, 0, 0]
[32, 0, 0]
74100 15
[4, 1, 0, 0, 0]
[35, 0]
74200 15
[4, 1, 0, 0, 0]
[35, 0]
74300 15
[4, 1, 0, 0, 0]
[35, 0, 0]
74400 15
BUY  1 x  BANANAS  @  4939
[3, 1, 0, 0, 0]
[35, 0]
74500 16
SELL  -1 x  BANANAS  @  4941
[3, 1, 0, 0, 0]
[35, 0]
74600 15
[4, 1, 0, 0, 0]
[35, 0, 0]
74700 15
[4, 1, 0, 0, 0]
[35, 0]
BUY  1 x  PEARLS  @  9998
74800 15
[4, 1, 0, 0, 0]
[35, 0]
BUY  2 x  PEARLS  @  9998
74900 15
[4, 1, 0, 0, 0]
[35, 0, 0]
BUY  1 x  PEARLS  @  9998
75000 15
[4, 1, 0, 0, 0]
[35, 0]
75100 15
[4, 1, 0, 0, 0]
[35, 0, 0]
SELL  -1 x  PEARLS  @  10002
75200 15
SELL  -13 x  BANANAS  @  4941
[4, 1, 0, 0, 0]
[15, 6, 1, 0, 0]
75300 6
BUY  1 x  BANANAS  @  4937
[9, 3, 1, 0, 0]
[26, 0, 0]
75400 7
SELL  -5 x  BANANAS  @  4941
[9, 3, 1, 0, 0]
[15, 6, 1, 0, 0]
75500 11
[7, 2, 0, 0, 0]
[31, 0, 0]
75600 11
[7, 2, 0, 0, 0]
[31, 0, 0]
75700 11
[7, 2, 0, 0, 0]
[31, 0, 0]
75800 11
[7, 2, 0, 0, 0]
[31, 0, 0]
75900 10
BUY  1 x  BANANAS  @  4939
[7, 2, 0, 0, 0]
[30, 0, 0]
76000 11
[7, 2, 0, 0, 0]
[31, 0, 0]
SELL  -4 x  PEARLS  @  10000
76100 11
[7, 2, 0, 0, 0]
[31, 0, 0]
76200 11
[7, 2, 0, 0, 0]
[31, 0, 0]
76300 11
[7, 2, 0, 0, 0]
[31, 0, 0]
BUY  12 x  PEARLS  @  9998
76400 11
[7, 2, 0, 0, 0]
[31, 0, 0]
76500 11
[7, 2, 0, 0, 0]
[31, 0, 0]
76600 11
SELL  -1 x  BANANAS  @  4940
[7, 2, 0, 0, 0]
[30, 0, 0]
76700 10
[7, 3, 0, 0, 0]
[30, 0, 0]
76800 10
[7, 3, 0, 0, 0]
[30, 0, 0]
76900 10
[7, 3, 0, 0, 0]
[30, 0, 0]
77000 10
[7, 3, 0, 0, 0]
[30, 0, 0]
77100 10
[7, 3, 0, 0, 0]
[30, 0, 0]
77200 10
[7, 3, 0, 0, 0]
[30, 0, 0]
77300 10
[7, 3, 0, 0, 0]
[30, 0, 0]
77400 10
[7, 3, 0, 0, 0]
[30, 0, 0]
77500 10
[7, 3, 0, 0, 0]
[30, 0, 0]
BUY  2 x  PEARLS  @  9998
77600 10
[7, 3, 0, 0, 0]
[30, 0, 0]
77700 10
[7, 3, 0, 0, 0]
[30, 0, 0]
77800 10
[7, 3, 0, 0, 0]
[30, 0, 0]
77900 10
[7, 3, 0, 0, 0]
[30, 0, 0]
BUY  0 x  PEARLS  @  9998
78000 10
[7, 3, 0, 0, 0]
[30, 0, 0]
78100 10
[7, 3, 0, 0, 0]
[30, 0, 0]
SELL  -1 x  PEARLS  @  10002
78200 10
[7, 3, 0, 0, 0]
[28, 2, 0, 0]
78300 10
[7, 3, 0, 0, 0]
[30, 0, 0]
78400 10
[7, 3, 0, 0, 0]
[30, 0, 0]
78500 10
[7, 3, 0, 0, 0]
[30, 0, 0]
78600 10
[7, 3, 0, 0, 0]
[30, 0, 0]
78700 10
[7, 3, 0, 0, 0]
[30, 0, 0]
78800 10
SELL  -1 x  BANANAS  @  4940
[7, 3, 0, 0, 0]
[27, 2, 0, 0]
SELL  -8 x  PEARLS  @  10002
78900 9
[7, 3, 1, 0, 0]
[29, 0, 0]
79000 9
[7, 3, 1, 0, 0]
[29, 0, 0]
79100 9
BUY  1 x  BANANAS  @  4935
[7, 3, 0, 0, 0]
[29, 0, 0]
79200 10
BUY  3 x  BANANAS  @  4935
[5, 2, 0, 0, 0]
[30, 0, 0]
79300 13
[5, 2, 0, 0, 0]
[33, 0]
79400 14
[4, 2, 0, 0, 0]
[34, 0]
79500 14
[4, 2, 0, 0, 0]
[34, 0]
79600 13
[5, 2, 0, 0, 0]
[33, 0]
79700 13
BUY  3 x  BANANAS  @  4937
[3, 1, 0, 0, 0]
[33, 0]
SELL  -12 x  PEARLS  @  10002
79800 16
SELL  -1 x  BANANAS  @  4939
[3, 1, 0, 0, 0]
[35, 0]
79900 15
[4, 1, 0, 0, 0]
[35, 0, 0]
80000 15
[4, 1, 0, 0, 0]
[35, 0, 0]
80100 15
[4, 1, 0, 0, 0]
[35, 0, 0]
80200 15
[4, 1, 0, 0, 0]
[35, 0, 0]
80300 15
[4, 1, 0, 0, 0]
[35, 0]
80400 15
SELL  -1 x  BANANAS  @  4939
[4, 1, 0, 0, 0]
[34, 0]
BUY  1 x  PEARLS  @  9998
80500 14
[4, 2, 0, 0, 0]
[34, 0]
SELL  -1 x  PEARLS  @  10002
80600 14
[4, 2, 0, 0, 0]
[34, 0]
BUY  1 x  PEARLS  @  9998
80700 14
[4, 2, 0, 0, 0]
[34, 0]
BUY  1 x  PEARLS  @  9998
80800 14
[4, 2, 0, 0, 0]
[34, 0, 0]
80900 14
[4, 2, 0, 0, 0]
[34, 0, 0]
81000 14
[4, 2, 0, 0, 0]
[34, 0]
81100 14
[4, 2, 0, 0, 0]
[34, 0]
81200 14
[4, 2, 0, 0, 0]
[34, 0]
81300 14
[4, 2, 0, 0, 0]
[34, 0]
81400 14
[4, 2, 0, 0, 0]
[34, 0]
81500 14
[4, 2, 0, 0, 0]
[34, 0]
SELL  -1 x  PEARLS  @  10002
81600 14
[4, 2, 0, 0, 0]
[34, 0]
81700 14
[4, 2, 0, 0, 0]
[34, 0, 0]
81800 14
SELL  -1 x  BANANAS  @  4941
[4, 2, 0, 0, 0]
[33, 0, 0]
81900 13
[5, 2, 0, 0, 0]
[33, 0]
82000 13
[5, 2, 0, 0, 0]
[33, 0]
82100 13
[5, 2, 0, 0, 0]
[33, 0, 0]
82200 -6
[25, 1, 0, 0]
[9, 4, 1, 0, 0]
82300 -6
[25, 1, 0, 0]
[9, 4, 1, 0, 0]
82400 -6
[25, 1, 0, 0]
[9, 4, 1, 0, 0]
82500 -6
SELL  -1 x  BANANAS  @  4941
[26, 0, 0]
[9, 3, 1, 0, 0]
82600 -7
[26, 1, 0, 0]
[9, 3, 1, 0, 0]
SELL  -1 x  PEARLS  @  10002
82700 -7
BUY  1 x  BANANAS  @  4936
[25, 1, 0, 0]
[9, 3, 1, 0, 0]
82800 -6
[25, 1, 0, 0]
[9, 4, 1, 0, 0]
82900 -6
[25, 1, 0, 0]
[9, 4, 1, 0, 0]
83000 -6
[25, 1, 0, 0]
[9, 4, 1, 0, 0]
83100 -6
[25, 1, 0, 0]
[9, 4, 1, 0, 0]
BUY  1 x  PEARLS  @  9998
83200 -6
[25, 1, 0, 0]
[9, 4, 1, 0, 0]
83300 -6
[25, 1, 0, 0]
[9, 4, 1, 0, 0]
83400 -6
[25, 1, 0, 0]
[9, 4, 1, 0, 0]
SELL  -1 x  PEARLS  @  10002
83500 -6
[25, 1, 0, 0]
[9, 4, 1, 0, 0]
83600 -6
[25, 1, 0, 0]
[9, 4, 1, 0, 0]
83700 -6
[25, 1, 0, 0]
[9, 4, 1, 0, 0]
SELL  -1 x  PEARLS  @  10002
83800 -6
[25, 1, 0, 0]
[9, 4, 1, 0, 0]
83900 -7
[26, 1, 0, 0]
[9, 3, 1, 0, 0]
84000 -7
[26, 1, 0, 0]
[9, 3, 1, 0, 0]
84100 -7
SELL  -1 x  BANANAS  @  4939
[27, 0, 0]
[8, 3, 1, 0, 0]
SELL  -1 x  PEARLS  @  10002
84200 -8
BUY  3 x  BANANAS  @  4935
[24, 1, 0, 0]
[8, 3, 1, 0, 0]
84300 -5
[24, 1, 0, 0]
[10, 4, 1, 0, 0]
84400 -5
[24, 1, 0, 0]
[10, 4, 1, 0, 0]
84500 -5
[17, 7, 1, 0, 0]
[10, 4, 1, 0, 0]
84600 -3
[22, 1, 0, 0]
[11, 5, 1, 0, 0]
84700 -3
[22, 1, 0, 0]
[11, 5, 1, 0, 0]
84800 -3
SELL  -1 x  BANANAS  @  4940
[22, 1, 0, 0]
[11, 4, 1, 0, 0]
SELL  -1 x  PEARLS  @  10002
84900 -4
[23, 1, 0, 0]
[11, 4, 1, 0, 0]
85000 -4
[23, 1, 0, 0]
[11, 4, 1, 0, 0]
85100 -4
[23, 1, 0, 0]
[11, 4, 1, 0, 0]
85200 -4
[23, 1, 0, 0]
[11, 4, 1, 0, 0]
85300 -5
[24, 1, 0, 0]
[10, 4, 1, 0, 0]
85400 -5
SELL  -1 x  BANANAS  @  4939
[24, 1, 0, 0]
[9, 4, 1, 0, 0]
85500 -6
[25, 1, 0, 0]
[9, 4, 1, 0, 0]
85600 -6
[25, 1, 0, 0]
[9, 4, 1, 0, 0]
85700 -6
BUY  3 x  BANANAS  @  4935
[16, 6, 1, 0, 0]
[9, 4, 1, 0, 0]
85800 -3
[22, 1, 0, 0]
[11, 5, 1, 0, 0]
SELL  -1 x  PEARLS  @  10002
85900 -3
[22, 1, 0, 0]
[11, 5, 1, 0, 0]
86000 -3
[22, 1, 0, 0]
[11, 5, 1, 0, 0]
86100 -3
[22, 1, 0, 0]
[11, 5, 1, 0, 0]
86200 -3
[16, 6, 1, 0, 0]
[11, 5, 1, 0, 0]
BUY  2 x  PEARLS  @  9998
86300 -3
[16, 6, 1, 0, 0]
[11, 5, 1, 0, 0]
86400 -3
[22, 1, 0, 0]
[11, 5, 1, 0, 0]
86500 -3
[16, 6, 1, 0, 0]
[11, 5, 1, 0, 0]
86600 -3
[22, 1, 0, 0]
[11, 5, 1, 0, 0]
86700 -3
[22, 1, 0, 0]
[11, 5, 1, 0, 0]
86800 -3
[22, 1, 0, 0]
[11, 5, 1, 0, 0]
BUY  0 x  PEARLS  @  9998
86900 -3
SELL  -1 x  BANANAS  @  4937
[16, 6, 1, 0, 0]
[11, 4, 1, 0, 0]
BUY  0 x  PEARLS  @  10000
87000 -4
[23, 1, 0, 0]
[11, 4, 1, 0, 0]
87100 -4
SELL  -6 x  BANANAS  @  4937
[24, 0, 0]
[7, 3, 0, 0, 0]
BUY  0 x  PEARLS  @  9998
87200 -10
[30, 0, 0]
[7, 3, 0, 0, 0]
87300 -10
SELL  -1 x  BANANAS  @  4938
[30, 0, 0]
[7, 2, 0, 0, 0]
87400 -11
[31, 0, 0]
[7, 2, 0, 0, 0]
87500 -11
SELL  -1 x  BANANAS  @  4937
[31, 0]
[6, 2, 0, 0, 0]
87600 -12
[32, 0, 0]
[6, 2, 0, 0, 0]
87700 -12
BUY  3 x  BANANAS  @  4935
[27, 2, 0, 0]
[6, 2, 0, 0, 0]
87800 -9
[29, 0, 0]
[7, 3, 1, 0, 0]
87900 -9
SELL  -1 x  BANANAS  @  4937
[29, 0, 0]
[7, 3, 0, 0, 0]
88000 -10
[30, 0, 0]
[7, 3, 0, 0, 0]
88100 -10
[30, 0, 0]
[7, 3, 0, 0, 0]
88200 -10
[30, 0, 0]
[7, 3, 0, 0, 0]
88300 -10
[30, 0, 0]
[7, 3, 0, 0, 0]
88400 -10
[30, 0, 0]
[7, 3, 0, 0, 0]
88500 -10
[30, 0, 0]
[7, 3, 0, 0, 0]
SELL  -1 x  PEARLS  @  10002
88600 -10
SELL  -8 x  BANANAS  @  4937
[30]
[1, 1, 0, 0, 0]
SELL  -1 x  PEARLS  @  10002
88700 -18
[38, 0]
[1, 1, 0, 0, 0]
88800 -18
[38, 0]
[1, 1, 0, 0, 0]
88900 -18
[38, 0]
[1, 1, 0, 0, 0]
SELL  -4 x  PEARLS  @  10002
89000 -18
[38, 0]
[1, 1, 0, 0, 0]
89100 -18
SELL  -1 x  BANANAS  @  4938
[38]
[1, 0, 0, 0, 0]
89200 -19
SELL  -1 x  BANANAS  @  4938
[39]
[0, 0, 0, 0, 0]
89300 -20
[40]
[0, 0, 0, 0, 0]
89400 -18
[38, 0]
[1, 1, 0, 0, 0]
89500 -18
SELL  -1 x  BANANAS  @  4938
[38]
[1, 0, 0, 0, 0]
89600 -19
[39]
[1, 0, 0, 0, 0]
89700 -19
[39, 0]
[1, 0, 0, 0, 0]
89800 -19
[39, 0]
[1, 0, 0, 0, 0]
89900 -19
[39, 0]
[1, 0, 0, 0, 0]
90000 -19
[39]
[1, 0, 0, 0, 0]
90100 -19
[39, 0]
[1, 0, 0, 0, 0]
90200 -19
[39, 0]
[1, 0, 0, 0, 0]
90300 -19
[39]
[1, 0, 0, 0, 0]
90400 -19
BUY  3 x  BANANAS  @  4934
[36, 0]
[1, 0, 0, 0, 0]
90500 -16
[36, 0]
[3, 1, 0, 0, 0]
90600 -16
[36, 0]
[3, 1, 0, 0, 0]
90700 -16
[36, 0, 0]
[3, 1, 0, 0, 0]
BUY  4 x  PEARLS  @  9998
90800 -16
[36, 0]
[3, 1, 0, 0, 0]
90900 -16
[36, 0]
[3, 1, 0, 0, 0]
91000 -16
[36, 0]
[3, 1, 0, 0, 0]
91100 -16
[36, 0]
[3, 1, 0, 0, 0]
91200 -16
SELL  -1 x  BANANAS  @  4938
[36, 0]
[2, 1, 0, 0, 0]
BUY  2 x  PEARLS  @  10000
91300 -17
[37, 0]
[2, 1, 0, 0, 0]
BUY  1 x  PEARLS  @  9998
91400 -17
BUY  1 x  BANANAS  @  4933
[36, 0]
[2, 1, 0, 0, 0]
SELL  -1 x  PEARLS  @  10002
91500 -16
[36, 0]
[3, 1, 0, 0, 0]
91600 -16
[36, 0]
[3, 1, 0, 0, 0]
BUY  1 x  PEARLS  @  9998
91700 -16
[36, 0]
[3, 1, 0, 0, 0]
91800 -16
BUY  2 x  BANANAS  @  4934
[34, 0, 0]
[3, 1, 0, 0, 0]
BUY  0 x  PEARLS  @  9998
91900 -14
SELL  -1 x  BANANAS  @  4938
[34, 0, 0]
[4, 1, 0, 0, 0]
92000 -15
[35, 0]
[4, 1, 0, 0, 0]
92100 -15
[35, 0]
[4, 1, 0, 0, 0]
92200 -15
[35, 0]
[4, 1, 0, 0, 0]
92300 -15
[35, 0]
[4, 1, 0, 0, 0]
SELL  -1 x  PEARLS  @  10002
92400 -15
SELL  -1 x  BANANAS  @  4938
[35, 0]
[3, 1, 0, 0, 0]
92500 -16
[36, 0]
[3, 1, 0, 0, 0]
92600 -16
[36, 0]
[3, 1, 0, 0, 0]
92700 -16
[36, 0]
[3, 1, 0, 0, 0]
92800 -16
[36, 0]
[3, 1, 0, 0, 0]
92900 -16
[36, 0]
[3, 1, 0, 0, 0]
93000 -16
[36, 0]
[3, 1, 0, 0, 0]
93100 -16
[36, 0]
[3, 1, 0, 0, 0]
93200 -16
[36, 0]
[3, 1, 0, 0, 0]
SELL  -3 x  PEARLS  @  10002
93300 -16
[36, 0, 0]
[3, 1, 0, 0, 0]
93400 -16
[36, 0]
[3, 1, 0, 0, 0]
93500 -16
[36, 0, 0]
[3, 1, 0, 0, 0]
93600 -16
[36, 0]
[3, 1, 0, 0, 0]
BUY  2 x  PEARLS  @  10000
93700 -16
SELL  -1 x  BANANAS  @  4938
[36, 0]
[2, 1, 0, 0, 0]
93800 -17
[37, 0]
[2, 1, 0, 0, 0]
93900 -17
[37, 0]
[2, 1, 0, 0, 0]
SELL  -1 x  PEARLS  @  10002
94000 -17
SELL  -1 x  BANANAS  @  4938
[37]
[1, 1, 0, 0, 0]
94100 0
[14, 5, 1, 0, 0]
[14, 5, 1, 0, 0]
94200 0
[14, 5, 1, 0, 0]
[14, 5, 1, 0, 0]
94300 0
[14, 5, 1, 0, 0]
[14, 5, 1, 0, 0]
94400 0
[14, 5, 1, 0, 0]
[14, 5, 1, 0, 0]
94500 0
SELL  -5 x  BANANAS  @  4936
[19, 1, 0, 0]
[10, 4, 1, 0, 0]
94600 -5
[24, 1, 0, 0]
[10, 4, 1, 0, 0]
94700 -5
[24, 1, 0, 0]
[10, 4, 1, 0, 0]
94800 -5
[24, 1, 0, 0]
[10, 4, 1, 0, 0]
94900 -5
[24, 1, 0, 0]
[10, 4, 1, 0, 0]
SELL  -1 x  PEARLS  @  10002
95000 -5
SELL  -1 x  BANANAS  @  4935
[24, 1, 0, 0]
[9, 4, 1, 0, 0]
95100 -6
BUY  1 x  BANANAS  @  4932
[24, 1, 0, 0]
[9, 4, 1, 0, 0]
BUY  1 x  PEARLS  @  9998
95200 -5
[24, 1, 0, 0]
[10, 4, 1, 0, 0]
95300 -5
[24, 1, 0, 0]
[10, 4, 1, 0, 0]
95400 -5
[24, 1, 0, 0]
[10, 4, 1, 0, 0]
95500 -5
[24, 1, 0, 0]
[10, 4, 1, 0, 0]
95600 -5
BUY  8 x  BANANAS  @  4932
[11, 5, 1, 0, 0]
[14, 1, 0, 0]
95700 3
[11, 5, 1, 0, 0]
[22, 1, 0, 0]
BUY  1 x  PEARLS  @  9998
95800 3
[11, 5, 1, 0, 0]
[22, 1, 0, 0]
BUY  1 x  PEARLS  @  9998
95900 5
[10, 4, 1, 0, 0]
[24, 1, 0, 0]
BUY  1 x  PEARLS  @  9998
96000 5
[10, 4, 1, 0, 0]
[24, 1, 0, 0]
96100 5
BUY  4 x  BANANAS  @  4932
[7, 3, 1, 0, 0]
[25, 0, 0]
96200 9
[7, 3, 1, 0, 0]
[29, 0, 0]
96300 9
SELL  -1 x  BANANAS  @  4937
[7, 3, 1, 0, 0]
[27, 1, 0, 0]
SELL  -1 x  PEARLS  @  10002
96400 8
[8, 3, 1, 0, 0]
[28, 0, 0]
96500 8
[8, 3, 1, 0, 0]
[28, 0, 0]
96600 8
[8, 3, 1, 0, 0]
[27, 1, 0, 0]
SELL  -1 x  PEARLS  @  10002
96700 8
[8, 3, 1, 0, 0]
[28, 0, 0]
96800 8
[8, 3, 1, 0, 0]
[28, 0, 0]
96900 8
SELL  -1 x  BANANAS  @  4937
[8, 3, 1, 0, 0]
[26, 1, 0, 0]
97000 7
[9, 3, 1, 0, 0]
[26, 1, 0, 0]
97100 7
[9, 3, 1, 0, 0]
[26, 1, 0, 0]
97200 6
[9, 4, 1, 0, 0]
[25, 1, 0, 0]
97300 15
[4, 1, 0, 0, 0]
[35, 0, 0]
97400 15
[4, 1, 0, 0, 0]
[35, 0]
97500 15
[4, 1, 0, 0, 0]
[35, 0]
97600 15
[4, 1, 0, 0, 0]
[35, 0, 0]
97700 15
[4, 1, 0, 0, 0]
[35, 0]
97800 15
[4, 1, 0, 0, 0]
[35, 0]
97900 14
[4, 2, 0, 0, 0]
[34, 0, 0]
98000 14
[4, 2, 0, 0, 0]
[34, 0]
BUY  1 x  PEARLS  @  9998
98100 14
[4, 2, 0, 0, 0]
[34, 0]
98200 14
[4, 2, 0, 0, 0]
[34, 0]
BUY  5 x  PEARLS  @  9998
98300 14
[4, 2, 0, 0, 0]
[34, 0]
98400 14
[4, 2, 0, 0, 0]
[34, 0, 0]
98500 14
BUY  2 x  BANANAS  @  4934
[3, 1, 0, 0, 0]
[34, 0]
98600 16
[3, 1, 0, 0, 0]
[36, 0]
SELL  -4 x  PEARLS  @  10002
98700 16
[3, 1, 0, 0, 0]
[36, 0]
98800 14
[4, 2, 0, 0, 0]
[34, 0, 0]
BUY  1 x  PEARLS  @  9998
98900 14
[4, 2, 0, 0, 0]
[34, 0]
99000 18
[1, 1, 0, 0, 0]
[38, 0]
99100 18
[1, 1, 0, 0, 0]
[38, 0]
99200 18
[1, 1, 0, 0, 0]
[38, 0]
BUY  3 x  PEARLS  @  9998
99300 18
[1, 1, 0, 0, 0]
[38, 0]
99400 18
SELL  -1 x  BANANAS  @  4937
[1, 1, 0, 0, 0]
[37, 0]
BUY  5 x  PEARLS  @  9998
99500 17
[2, 1, 0, 0, 0]
[37, 0]
99600 17
[2, 1, 0, 0, 0]
[37, 0]
99700 17
[2, 1, 0, 0, 0]
[37, 0]
SELL  -1 x  PEARLS  @  10002
99800 17
[2, 1, 0, 0, 0]
[37, 0]
99900 17
[2, 1, 0, 0, 0]
[37, 0]
100000 17
[2, 1, 0, 0, 0]
[37, 0]
100100 17
BUY  1 x  BANANAS  @  4932
[1, 1, 0, 0, 0]
[37]
100200 18
[1, 1, 0, 0, 0]
[38, 0]
100300 18
[1, 1, 0, 0, 0]
[38, 0]
100400 18
[1, 1, 0, 0, 0]
[38, 0]
BUY  6 x  PEARLS  @  9998
100500 18
[1, 1, 0, 0, 0]
[38, 0]
100600 18
SELL  -1 x  BANANAS  @  4936
[1, 1, 0, 0, 0]
[37, 0]
BUY  0 x  PEARLS  @  9998
100700 17
[2, 1, 0, 0, 0]
[37, 0]
100800 17
BUY  2 x  BANANAS  @  4933
[1, 0, 0, 0, 0]
[37, 0]
100900 19
[1, 0, 0, 0, 0]
[39]
101000 19
[1, 0, 0, 0, 0]
[39, 0]
101100 19
SELL  -1 x  BANANAS  @  4936
[1, 0, 0, 0, 0]
[38, 0]
101200 18
[1, 1, 0, 0, 0]
[38, 0]
101300 18
[1, 1, 0, 0, 0]
[38, 0]
101400 18
[1, 1, 0, 0, 0]
[38, 0]
BUY  2 x  PEARLS  @  9998
101500 18
[1, 1, 0, 0, 0]
[38]
101600 18
[1, 1, 0, 0, 0]
[38, 0]
101700 18
BUY  1 x  BANANAS  @  4932
BUY  1 x  BANANAS  @  4933
[0, 0, 0, 0, 0]
[38, 0]
SELL  -1 x  PEARLS  @  10002
101800 20
[0, 0, 0, 0, 0]
[40]
101900 20
[0, 0, 0, 0, 0]
[40]
102000 20
[0, 0, 0, 0, 0]
[40]
102100 20
[0, 0, 0, 0, 0]
[40, 0]
102200 20
[0, 0, 0, 0, 0]
[40]
102300 20
[0, 0, 0, 0, 0]
[40, 0]
102400 19
[1, 0, 0, 0, 0]
[39]
102500 19
[1, 0, 0, 0, 0]
[39]
102600 19
[1, 0, 0, 0, 0]
[39, 0]
102700 19
[1, 0, 0, 0, 0]
[39, 0]
102800 19
BUY  1 x  BANANAS  @  4936
[0, 0, 0, 0, 0]
[39, 0]
102900 20
[0, 0, 0, 0, 0]
[40, 0]
103000 20
SELL  -2 x  BANANAS  @  4936
[0, 0, 0, 0, 0]
[38, 0]
103100 18
[1, 1, 0, 0, 0]
[38, 0]
103200 18
[1, 1, 0, 0, 0]
[38, 0]
103300 18
[1, 1, 0, 0, 0]
[38, 0]
103400 18
[1, 1, 0, 0, 0]
[38, 0]
103500 18
[1, 1, 0, 0, 0]
[38, 0]
103600 18
[1, 1, 0, 0, 0]
[38, 0]
BUY  3 x  PEARLS  @  9998
103700 18
[1, 1, 0, 0, 0]
[38, 0]
BUY  0 x  PEARLS  @  9998
103800 18
[1, 1, 0, 0, 0]
[38, 0]
103900 18
[1, 1, 0, 0, 0]
[38, 0]
104000 18
[1, 1, 0, 0, 0]
[38, 0]
BUY  0 x  PEARLS  @  9998
104100 18
[1, 1, 0, 0, 0]
[38, 0]
104200 18
[1, 1, 0, 0, 0]
[38, 0]
104300 18
[1, 1, 0, 0, 0]
[38, 0]
104400 18
[1, 1, 0, 0, 0]
[38]
104500 18
BUY  2 x  BANANAS  @  4931
[0, 0, 0, 0, 0]
[38, 0]
104600 20
[0, 0, 0, 0, 0]
[40]
104700 20
[0, 0, 0, 0, 0]
[40]
104800 20
[0, 0, 0, 0, 0]
[40, 0]
104900 20
[0, 0, 0, 0, 0]
[40, 0]
105000 20
[0, 0, 0, 0, 0]
[40]
105100 20
[0, 0, 0, 0, 0]
[40]
SELL  -1 x  PEARLS  @  10002
105200 20
[0, 0, 0, 0, 0]
[40]
105300 20
[0, 0, 0, 0, 0]
[40]
105400 20
[0, 0, 0, 0, 0]
[40, 0]
105500 20
BUY  0 x  BANANAS  @  4931
[0, 0, 0, 0, 0]
[40, 0]
105600 20
[0, 0, 0, 0, 0]
[40]
105700 20
[0, 0, 0, 0, 0]
[40]
105800 20
[0, 0, 0, 0, 0]
[40]
105900 20
[0, 0, 0, 0, 0]
[40]
SELL  -1 x  PEARLS  @  10002
106000 20
SELL  -1 x  BANANAS  @  4933
[0, 0, 0, 0, 0]
[39, 0]
106100 19
[1, 0, 0, 0, 0]
[39, 0]
106200 0
[14, 5, 1, 0, 0]
[14, 5, 1, 0, 0]
106300 0
BUY  1 x  BANANAS  @  4929
BUY  5 x  BANANAS  @  4931
[9, 4, 1, 0, 0]
[19, 1, 0, 0]
106400 6
[9, 4, 1, 0, 0]
[25, 1, 0, 0]
106500 6
[9, 4, 1, 0, 0]
[25, 1, 0, 0]
106600 5
[10, 4, 1, 0, 0]
[24, 1, 0, 0]
106700 5
[10, 4, 1, 0, 0]
[24, 1, 0, 0]
106800 5
[10, 4, 1, 0, 0]
[24, 1, 0, 0]
106900 6
[9, 4, 1, 0, 0]
[25, 1, 0, 0]
107000 6
[9, 4, 1, 0, 0]
[25, 1, 0, 0]
107100 6
[9, 4, 1, 0, 0]
[25, 1, 0, 0]
SELL  -4 x  PEARLS  @  10002
107200 6
[9, 4, 1, 0, 0]
[25, 1, 0, 0]
107300 6
SELL  -4 x  BANANAS  @  4933
[9, 4, 1, 0, 0]
[21, 1, 0, 0]
107400 2
[12, 5, 1, 0, 0]
[21, 1, 0, 0]
SELL  -10 x  PEARLS  @  10002
107500 -8
[28, 0, 0]
[8, 3, 1, 0, 0]
107600 -8
[27, 1, 0, 0]
[8, 3, 1, 0, 0]
107700 -8
[28, 0, 0]
[8, 3, 1, 0, 0]
107800 -8
[28, 0, 0]
[8, 3, 1, 0, 0]
107900 -7
[26, 1, 0, 0]
[9, 3, 1, 0, 0]
108000 -7
[26, 1, 0, 0]
[9, 3, 1, 0, 0]
108100 -7
[26, 1, 0, 0]
[9, 3, 1, 0, 0]
108200 -7
[26, 1, 0, 0]
[9, 3, 1, 0, 0]
108300 -7
[26, 1, 0, 0]
[9, 3, 1, 0, 0]
SELL  -9 x  PEARLS  @  10002
108400 7
[9, 3, 1, 0, 0]
[27, 0, 0]
108500 16
[3, 1, 0, 0, 0]
[36, 0]
108600 16
BUY  1 x  BANANAS  @  4929
[2, 1, 0, 0, 0]
[36, 0]
BUY  1 x  PEARLS  @  9998
108700 17
[2, 1, 0, 0, 0]
[37, 0]
108800 17
SELL  -1 x  BANANAS  @  4934
[2, 1, 0, 0, 0]
[36, 0]
108900 14
[4, 2, 0, 0, 0]
[34, 0]
109000 14
[4, 2, 0, 0, 0]
[34, 0]
109100 14
[4, 2, 0, 0, 0]
[34, 0]
109200 14
SELL  -3 x  BANANAS  @  4933
[4, 2, 0, 0, 0]
[31, 0, 0]
109300 11
[7, 2, 0, 0, 0]
[31, 0, 0]
SELL  -1 x  PEARLS  @  10002
109400 11
BUY  4 x  BANANAS  @  4932
[4, 1, 0, 0, 0]
[31, 0]
109500 15
SELL  -10 x  BANANAS  @  4934
[4, 1, 0, 0, 0]
[24, 1, 0, 0]
109600 5
[10, 4, 1, 0, 0]
[24, 1, 0, 0]
109700 5
[10, 4, 1, 0, 0]
[24, 1, 0, 0]
109800 4
[11, 4, 1, 0, 0]
[23, 1, 0, 0]
109900 4
[11, 4, 1, 0, 0]
[23, 1, 0, 0]
110000 4
[11, 4, 1, 0, 0]
[23, 1, 0, 0]
110100 4
SELL  -1 x  BANANAS  @  4934
[11, 4, 1, 0, 0]
[22, 1, 0, 0]
110200 3
BUY  1 x  BANANAS  @  4929
[11, 4, 1, 0, 0]
[22, 1, 0, 0]
110300 4
[11, 4, 1, 0, 0]
[17, 6, 1, 0, 0]
110400 4
[11, 4, 1, 0, 0]
[23, 1, 0, 0]
110500 4
[11, 4, 1, 0, 0]
[23, 1, 0, 0]
110600 4
[11, 4, 1, 0, 0]
[17, 6, 1, 0, 0]
BUY  1 x  PEARLS  @  9998
110700 4
[11, 4, 1, 0, 0]
[23, 1, 0, 0]
SELL  -1 x  PEARLS  @  10002
110800 4
[11, 4, 1, 0, 0]
[17, 6, 1, 0, 0]
110900 4
[11, 4, 1, 0, 0]
[23, 1, 0, 0]
111000 4
[11, 4, 1, 0, 0]
[23, 1, 0, 0]
111100 4
BUY  5 x  BANANAS  @  4930
[7, 3, 1, 0, 0]
[24, 0, 0]
111200 9
SELL  -1 x  BANANAS  @  4933
[7, 3, 1, 0, 0]
[27, 1, 0, 0]
111300 8
BUY  1 x  BANANAS  @  4929
[7, 3, 1, 0, 0]
[27, 1, 0, 0]
111400 9
[7, 3, 1, 0, 0]
[29, 0, 0]
BUY  1 x  PEARLS  @  9998
111500 9
[7, 3, 1, 0, 0]
[29, 0, 0]
SELL  -5 x  PEARLS  @  10002
111600 9
[7, 3, 1, 0, 0]
[29, 0, 0]
111700 9
[7, 3, 1, 0, 0]
[29, 0, 0]
111800 9
[7, 3, 1, 0, 0]
[29, 0, 0]
111900 8
[8, 3, 1, 0, 0]
[27, 1, 0, 0]
112000 8
[8, 3, 1, 0, 0]
[28, 0, 0]
112100 8
[8, 3, 1, 0, 0]
[28, 0, 0]
112200 8
[8, 3, 1, 0, 0]
[28, 0, 0]
112300 8
[8, 3, 1, 0, 0]
[28, 0, 0]
112400 8
[8, 3, 1, 0, 0]
[27, 1, 0, 0]
112500 8
BUY  3 x  BANANAS  @  4930
[7, 2, 0, 0, 0]
[28, 0, 0]
112600 11
[7, 2, 0, 0, 0]
[31, 0, 0]
112700 11
BUY  1 x  BANANAS  @  4931
[6, 2, 0, 0, 0]
[31, 0]
112800 12
[6, 2, 0, 0, 0]
[32, 0, 0]
112900 12
[6, 2, 0, 0, 0]
[32, 0, 0]
113000 12
[6, 2, 0, 0, 0]
[32, 0, 0]
113100 12
[6, 2, 0, 0, 0]
[32, 0, 0]
113200 12
[6, 2, 0, 0, 0]
[32, 0, 0]
113300 12
[6, 2, 0, 0, 0]
[32, 0]
113400 12
[6, 2, 0, 0, 0]
[32, 0, 0]
SELL  -1 x  PEARLS  @  10002
113500 12
SELL  -1 x  BANANAS  @  4934
[6, 2, 0, 0, 0]
[31, 0, 0]
113600 11
[7, 2, 0, 0, 0]
[29, 2, 0, 0]
113700 11
[7, 2, 0, 0, 0]
[31, 0, 0]
113800 11
[7, 2, 0, 0, 0]
[31, 0, 0]
113900 11
[7, 2, 0, 0, 0]
[31, 0, 0]
114000 11
[7, 2, 0, 0, 0]
[31, 0, 0]
114100 11
SELL  -1 x  BANANAS  @  4932
[7, 2, 0, 0, 0]
[30, 0, 0]
114200 10
[7, 3, 0, 0, 0]
[30, 0, 0]
114300 10
SELL  -8 x  BANANAS  @  4932
[7, 3, 0, 0, 0]
[15, 6, 1, 0, 0]
114400 1
[13, 5, 1, 0, 0]
[14, 6, 1, 0, 0]
114500 1
BUY  1 x  BANANAS  @  4927
[12, 5, 1, 0, 0]
[20, 1, 0, 0]
114600 2
[12, 5, 1, 0, 0]
[21, 1, 0, 0]
114700 2
SELL  -4 x  BANANAS  @  4930
[12, 5, 1, 0, 0]
[12, 5, 1, 0, 0]
114800 -2
[21, 1, 0, 0]
[12, 5, 1, 0, 0]
114900 -2
[15, 6, 1, 0, 0]
[12, 5, 1, 0, 0]
115000 -2
SELL  -5 x  BANANAS  @  4929
[22, 0, 0]
[9, 3, 1, 0, 0]
115100 -7
[26, 1, 0, 0]
[9, 3, 1, 0, 0]
115200 -7
[26, 1, 0, 0]
[9, 3, 1, 0, 0]
115300 -7
[26, 1, 0, 0]
[9, 3, 1, 0, 0]
SELL  -11 x  PEARLS  @  10002
115400 -7
[26, 1, 0, 0]
[9, 3, 1, 0, 0]
115500 -7
[26, 1, 0, 0]
[9, 3, 1, 0, 0]
BUY  4 x  PEARLS  @  9998
115600 -7
[26, 1, 0, 0]
[9, 3, 1, 0, 0]
115700 -7
[26, 1, 0, 0]
[9, 3, 1, 0, 0]
115800 -7
[26, 1, 0, 0]
[9, 3, 1, 0, 0]
115900 -7
[26, 1, 0, 0]
[9, 3, 1, 0, 0]
116000 -7
[26, 1, 0, 0]
[9, 3, 1, 0, 0]
116100 -7
SELL  -2 x  BANANAS  @  4927
[27, 0, 0]
[7, 3, 1, 0, 0]
116200 -10
[30, 0, 0]
[7, 3, 0, 0, 0]
116300 -10
[30, 0, 0]
[7, 3, 0, 0, 0]
BUY  1 x  PEARLS  @  9998
116400 -10
[30, 0, 0]
[7, 3, 0, 0, 0]
BUY  1 x  PEARLS  @  9998
116500 -10
SELL  -1 x  BANANAS  @  4930
[30, 0, 0]
[7, 2, 0, 0, 0]
116600 -11
[31, 0, 0]
[7, 2, 0, 0, 0]
116700 -11
[31, 0, 0]
[7, 2, 0, 0, 0]
116800 -11
BUY  2 x  BANANAS  @  4927
[29, 0, 0]
[7, 2, 0, 0, 0]
116900 0
[14, 5, 1, 0, 0]
[14, 5, 1, 0, 0]
117000 0
[14, 5, 1, 0, 0]
[14, 5, 1, 0, 0]
117100 0
BUY  5 x  BANANAS  @  4926
[10, 4, 1, 0, 0]
[19, 1, 0, 0]
117200 5
[10, 4, 1, 0, 0]
[24, 1, 0, 0]
117300 5
SELL  -1 x  BANANAS  @  4931
[10, 4, 1, 0, 0]
[23, 1, 0, 0]
117400 4
[11, 4, 1, 0, 0]
[23, 1, 0, 0]
117500 4
[11, 4, 1, 0, 0]
[23, 1, 0, 0]
117600 4
[11, 4, 1, 0, 0]
[23, 1, 0, 0]
117700 15
[4, 1, 0, 0, 0]
[35, 0, 0]
117800 15
[4, 1, 0, 0, 0]
[35, 0, 0]
117900 15
[4, 1, 0, 0, 0]
[35, 0]
BUY  1 x  PEARLS  @  9998
118000 15
SELL  -1 x  BANANAS  @  4930
[4, 1, 0, 0, 0]
[34, 0]
118100 14
[4, 2, 0, 0, 0]
[34, 0, 0]
SELL  -1 x  PEARLS  @  10002
118200 12
[6, 2, 0, 0, 0]
[32, 0, 0]
118300 10
[7, 3, 0, 0, 0]
[28, 2, 0, 0]
SELL  -2 x  PEARLS  @  10002
118400 10
[7, 3, 0, 0, 0]
[28, 2, 0, 0]
118500 10
[7, 3, 0, 0, 0]
[30, 0, 0]
118600 10
BUY  6 x  BANANAS  @  4925
[3, 1, 0, 0, 0]
[30, 0]
118700 16
[3, 1, 0, 0, 0]
[36, 0]
118800 16
[3, 1, 0, 0, 0]
[36, 0]
118900 16
[3, 1, 0, 0, 0]
[36, 0]
SELL  -3 x  PEARLS  @  10002
119000 16
[3, 1, 0, 0, 0]
[36, 0]
BUY  1 x  PEARLS  @  9998
119100 16
[3, 1, 0, 0, 0]
[36, 0]
SELL  -1 x  PEARLS  @  10002
119200 16
[3, 1, 0, 0, 0]
[36, 0]
119300 4
[11, 4, 1, 0, 0]
[23, 1, 0, 0]
119400 4
[11, 4, 1, 0, 0]
[23, 1, 0, 0]
119500 4
[11, 4, 1, 0, 0]
[23, 1, 0, 0]
119600 4
[11, 4, 1, 0, 0]
[23, 1, 0, 0]
119700 4
[11, 4, 1, 0, 0]
[23, 1, 0, 0]
119800 4
BUY  1 x  BANANAS  @  4926
[10, 4, 1, 0, 0]
[23, 1, 0, 0]
119900 5
[10, 4, 1, 0, 0]
[24, 1, 0, 0]
120000 5
[10, 4, 1, 0, 0]
[24, 1, 0, 0]
120100 -2
[21, 1, 0, 0]
[12, 5, 1, 0, 0]
120200 -2
[15, 6, 1, 0, 0]
[12, 5, 1, 0, 0]
SELL  -4 x  PEARLS  @  10002
120300 -2
[15, 6, 1, 0, 0]
[12, 5, 1, 0, 0]
120400 -2
[15, 6, 1, 0, 0]
[12, 5, 1, 0, 0]
120500 -2
[21, 1, 0, 0]
[12, 5, 1, 0, 0]
120600 -2
[15, 6, 1, 0, 0]
[12, 5, 1, 0, 0]
120700 -2
[21, 1, 0, 0]
[12, 5, 1, 0, 0]
BUY  1 x  PEARLS  @  9998
120800 -2
[15, 6, 1, 0, 0]
[12, 5, 1, 0, 0]
120900 -2
[15, 6, 1, 0, 0]
[12, 5, 1, 0, 0]
SELL  -1 x  PEARLS  @  10002
121000 -2
[21, 1, 0, 0]
[12, 5, 1, 0, 0]
121100 -3
[22, 1, 0, 0]
[11, 5, 1, 0, 0]
121200 -3
[22, 1, 0, 0]
[11, 5, 1, 0, 0]
121300 -3
BUY  1 x  BANANAS  @  4926
[15, 6, 1, 0, 0]
[11, 5, 1, 0, 0]
121400 -2
[21, 1, 0, 0]
[12, 5, 1, 0, 0]
121500 -2
[21, 1, 0, 0]
[12, 5, 1, 0, 0]
SELL  -1 x  PEARLS  @  10002
121600 -2
SELL  -3 x  BANANAS  @  4929
[21, 1, 0, 0]
[10, 4, 1, 0, 0]
121700 -5
SELL  -1 x  BANANAS  @  4931
[24, 1, 0, 0]
[9, 4, 1, 0, 0]
121800 -6
[25, 1, 0, 0]
[9, 4, 1, 0, 0]
121900 -5
[24, 1, 0, 0]
[10, 4, 1, 0, 0]
SELL  -1 x  PEARLS  @  10002
122000 -5
[24, 1, 0, 0]
[10, 4, 1, 0, 0]
122100 -5
[24, 1, 0, 0]
[10, 4, 1, 0, 0]
122200 -5
BUY  1 x  BANANAS  @  4930
[23, 1, 0, 0]
[10, 4, 1, 0, 0]
122300 -3
[22, 1, 0, 0]
[11, 5, 1, 0, 0]
122400 -3
[22, 1, 0, 0]
[11, 5, 1, 0, 0]
122500 -3
SELL  -4 x  BANANAS  @  4932
[22, 1, 0, 0]
[9, 3, 1, 0, 0]
122600 -7
SELL  -1 x  BANANAS  @  4934
[26, 1, 0, 0]
[8, 3, 1, 0, 0]
122700 -8
[28, 0, 0]
[8, 3, 1, 0, 0]
SELL  -5 x  PEARLS  @  10002
122800 -8
BUY  1 x  BANANAS  @  4930
[26, 1, 0, 0]
[8, 3, 1, 0, 0]
122900 -7
[26, 1, 0, 0]
[9, 3, 1, 0, 0]
123000 -7
[26, 1, 0, 0]
[9, 3, 1, 0, 0]
123100 -7
[26, 1, 0, 0]
[9, 3, 1, 0, 0]
SELL  -1 x  PEARLS  @  10002
123200 -7
[26, 1, 0, 0]
[9, 3, 1, 0, 0]
BUY  1 x  PEARLS  @  9998
123300 -7
[26, 1, 0, 0]
[9, 3, 1, 0, 0]
123400 -7
[26, 1, 0, 0]
[9, 3, 1, 0, 0]
123500 -7
[26, 1, 0, 0]
[9, 3, 1, 0, 0]
123600 -7
[26, 1, 0, 0]
[9, 3, 1, 0, 0]
123700 -7
[26, 1, 0, 0]
[9, 3, 1, 0, 0]
123800 -6
[25, 1, 0, 0]
[9, 4, 1, 0, 0]
123900 -6
SELL  -7 x  BANANAS  @  4934
[26, 0, 0]
[5, 2, 0, 0, 0]
124000 -13
[33, 0]
[5, 2, 0, 0, 0]
SELL  -1 x  PEARLS  @  10002
124100 -13
[33, 0]
[5, 2, 0, 0, 0]
BUY  3 x  PEARLS  @  9998
124200 -13
[33, 0, 0]
[5, 2, 0, 0, 0]
BUY  5 x  PEARLS  @  9998
124300 -13
SELL  -1 x  BANANAS  @  4933
[33, 0, 0]
[4, 2, 0, 0, 0]
124400 -14
[34, 0]
[4, 2, 0, 0, 0]
124500 -14
[34, 0]
[4, 2, 0, 0, 0]
124600 -14
[34, 0]
[4, 2, 0, 0, 0]
124700 -14
[34, 0]
[4, 2, 0, 0, 0]
124800 -14
[34, 0]
[4, 2, 0, 0, 0]
124900 -14
[34, 0]
[4, 2, 0, 0, 0]
125000 -14
[34, 0]
[4, 2, 0, 0, 0]
125100 -14
SELL  -1 x  BANANAS  @  4933
[34, 0]
[4, 1, 0, 0, 0]
BUY  5 x  PEARLS  @  9998
125200 -15
SELL  -1 x  BANANAS  @  4933
[35, 0]
[3, 1, 0, 0, 0]
125300 -16
[36, 0]
[3, 1, 0, 0, 0]
125400 -16
[36, 0]
[3, 1, 0, 0, 0]
125500 -16
[36, 0]
[3, 1, 0, 0, 0]
BUY  1 x  PEARLS  @  9998
125600 -16
SELL  -4 x  BANANAS  @  4933
[36]
[0, 0, 0, 0, 0]
125700 -20
[40]
[0, 0, 0, 0, 0]
125800 -20
[40]
[0, 0, 0, 0, 0]
125900 -20
SELL  0 x  BANANAS  @  4933
[40]
[0, 0, 0, 0, 0]
SELL  -2 x  PEARLS  @  10000
126000 -20
[40]
[0, 0, 0, 0, 0]
126100 -20
[40, 0]
[0, 0, 0, 0, 0]
126200 -20
[40, 0]
[0, 0, 0, 0, 0]
126300 -20
[40]
[0, 0, 0, 0, 0]
126400 -20
[40]
[0, 0, 0, 0, 0]
BUY  5 x  PEARLS  @  9998
126500 -20
[40]
[0, 0, 0, 0, 0]
126600 -20
[40, 0]
[0, 0, 0, 0, 0]
126700 -20
[40, 0]
[0, 0, 0, 0, 0]
BUY  2 x  PEARLS  @  9998
126800 -20
[40, 0]
[0, 0, 0, 0, 0]
SELL  -1 x  PEARLS  @  10002
126900 -20
[40, 0]
[0, 0, 0, 0, 0]
127000 -20
[40, 0]
[0, 0, 0, 0, 0]
SELL  -2 x  PEARLS  @  10002
127100 -20
[40, 0]
[0, 0, 0, 0, 0]
BUY  1 x  PEARLS  @  9998
127200 -20
[40]
[0, 0, 0, 0, 0]
127300 -20
[40]
[0, 0, 0, 0, 0]
127400 -20
[40]
[0, 0, 0, 0, 0]
SELL  -1 x  PEARLS  @  10002
127500 -20
[40, 0]
[0, 0, 0, 0, 0]
127600 -20
SELL  0 x  BANANAS  @  4935
[40]
[0, 0, 0, 0, 0]
127700 -20
[40, 0]
[0, 0, 0, 0, 0]
127800 -20
[40, 0]
[0, 0, 0, 0, 0]
127900 -20
[40]
[0, 0, 0, 0, 0]
128000 -20
BUY  7 x  BANANAS  @  4930
[33, 0, 0]
[0, 0, 0, 0, 0]
SELL  -2 x  PEARLS  @  10002
128100 -13
[33, 0, 0]
[5, 2, 0, 0, 0]
BUY  2 x  PEARLS  @  10000
128200 -13
[33, 0]
[5, 2, 0, 0, 0]
128300 -13
SELL  -1 x  BANANAS  @  4932
[33, 0]
[4, 2, 0, 0, 0]
128400 -14
[34, 0]
[4, 2, 0, 0, 0]
SELL  -1 x  PEARLS  @  10002
128500 -12
[32, 0, 0]
[6, 2, 0, 0, 0]
128600 -12
[32, 0]
[6, 2, 0, 0, 0]
128700 -12
[32, 0, 0]
[6, 2, 0, 0, 0]
128800 -12
[32, 0, 0]
[6, 2, 0, 0, 0]
128900 -12
[32, 0, 0]
[6, 2, 0, 0, 0]
129000 -12
[32, 0, 0]
[6, 2, 0, 0, 0]
129100 -12
[32, 0, 0]
[6, 2, 0, 0, 0]
129200 -18
[38]
[1, 1, 0, 0, 0]
129300 -18
[38, 0]
[1, 1, 0, 0, 0]
129400 -18
[38, 0]
[1, 1, 0, 0, 0]
BUY  1 x  PEARLS  @  9998
129500 -18
[38, 0]
[1, 1, 0, 0, 0]
BUY  1 x  PEARLS  @  9998
129600 -18
[38, 0]
[1, 1, 0, 0, 0]
129700 -18
[38, 0]
[1, 1, 0, 0, 0]
BUY  2 x  PEARLS  @  10000
129800 -18
[38, 0]
[1, 1, 0, 0, 0]
129900 -18
[38, 0]
[1, 1, 0, 0, 0]
130000 -18
[38, 0]
[1, 1, 0, 0, 0]
130100 -18
[38]
[1, 1, 0, 0, 0]
130200 -18
[38, 0]
[1, 1, 0, 0, 0]
130300 -18
[38, 0]
[1, 1, 0, 0, 0]
130400 -18
[38, 0]
[1, 1, 0, 0, 0]
SELL  -5 x  PEARLS  @  10002
130500 -18
[38]
[1, 1, 0, 0, 0]
130600 -18
[38, 0]
[1, 1, 0, 0, 0]
SELL  -1 x  PEARLS  @  10002
130700 -18
[38, 0]
[1, 1, 0, 0, 0]
130800 -18
[38, 0]
[1, 1, 0, 0, 0]
130900 -18
[38, 0]
[1, 1, 0, 0, 0]
131000 -18
SELL  -1 x  BANANAS  @  4934
[38]
[1, 0, 0, 0, 0]
131100 -19
SELL  -1 x  BANANAS  @  4935
SELL  -2 x  BANANAS  @  4936
[39]
[-1, -1, 0, 0, 0]
131200 -19
[39]
[1, 0, 0, 0, 0]
131300 -19
[39, 0]
[1, 0, 0, 0, 0]
131400 -19
[39]
[1, 0, 0, 0, 0]
131500 -19
[39]
[1, 0, 0, 0, 0]
131600 -17
[37, 0]
[2, 1, 0, 0, 0]
131700 -17
BUY  4 x  BANANAS  @  4932
[33, 0, 0]
[2, 1, 0, 0, 0]
131800 -13
BUY  5 x  BANANAS  @  4932
[27, 1, 0, 0]
[5, 2, 0, 0, 0]
131900 -8
[27, 1, 0, 0]
[8, 3, 1, 0, 0]
132000 -6
[25, 1, 0, 0]
[9, 4, 1, 0, 0]
132100 -6
[25, 1, 0, 0]
[9, 4, 1, 0, 0]
SELL  -1 x  PEARLS  @  10002
132200 -6
[25, 1, 0, 0]
[9, 4, 1, 0, 0]
132300 -7
[26, 1, 0, 0]
[9, 3, 1, 0, 0]
BUY  3 x  PEARLS  @  9998
132400 -6
[25, 1, 0, 0]
[9, 4, 1, 0, 0]
132500 -6
SELL  -1 x  BANANAS  @  4936
[26, 0, 0]
[9, 3, 1, 0, 0]
132600 -7
[26, 1, 0, 0]
[9, 3, 1, 0, 0]
132700 -6
[25, 1, 0, 0]
[9, 4, 1, 0, 0]
132800 -6
[25, 1, 0, 0]
[9, 4, 1, 0, 0]
132900 -6
SELL  -1 x  BANANAS  @  4935
[26, 0, 0]
[9, 3, 1, 0, 0]
133000 -7
[27, 0, 0]
[9, 3, 1, 0, 0]
BUY  1 x  PEARLS  @  9998
133100 -7
[26, 1, 0, 0]
[9, 3, 1, 0, 0]
133200 -7
SELL  -1 x  BANANAS  @  4935
[27, 0, 0]
[8, 3, 1, 0, 0]
133300 -8
SELL  -1 x  BANANAS  @  4935
[27, 1, 0, 0]
[7, 3, 1, 0, 0]
133400 -9
[27, 2, 0, 0]
[7, 3, 1, 0, 0]
133500 -9
[29, 0, 0]
[7, 3, 1, 0, 0]
133600 -9
BUY  1 x  BANANAS  @  4930
[28, 0, 0]
[7, 3, 1, 0, 0]
133700 -8
[28, 0, 0]
[8, 3, 1, 0, 0]
133800 -8
[28, 0, 0]
[8, 3, 1, 0, 0]
133900 -8
[28, 0, 0]
[8, 3, 1, 0, 0]
134000 -8
[27, 1, 0, 0]
[8, 3, 1, 0, 0]
134100 -8
[28, 0, 0]
[8, 3, 1, 0, 0]
134200 -8
[27, 1, 0, 0]
[8, 3, 1, 0, 0]
134300 -8
[27, 1, 0, 0]
[8, 3, 1, 0, 0]
134400 -8
[28, 0, 0]
[8, 3, 1, 0, 0]
134500 -16
[36, 0]
[3, 1, 0, 0, 0]
134600 -16
[36, 0]
[3, 1, 0, 0, 0]
134700 -16
[36, 0]
[3, 1, 0, 0, 0]
134800 -16
BUY  5 x  BANANAS  @  4932
[31, 0, 0]
[3, 1, 0, 0, 0]
134900 -11
[31, 0, 0]
[7, 2, 0, 0, 0]
135000 -11
[31, 0, 0]
[7, 2, 0, 0, 0]
SELL  -3 x  PEARLS  @  10002
135100 -11
[31, 0, 0]
[7, 2, 0, 0, 0]
SELL  -1 x  PEARLS  @  10002
135200 -11
SELL  -1 x  BANANAS  @  4935
[31, 0, 0]
[6, 2, 0, 0, 0]
135300 -12
[32, 0, 0]
[6, 2, 0, 0, 0]
135400 -12
[32, 0, 0]
[6, 2, 0, 0, 0]
135500 -12
[32, 0, 0]
[6, 2, 0, 0, 0]
135600 -12
[32, 0, 0]
[6, 2, 0, 0, 0]
135700 -12
SELL  -2 x  BANANAS  @  4934
[32, 0, 0]
[4, 2, 0, 0, 0]
135800 -14
BUY  1 x  BANANAS  @  4931
[33, 0]
[4, 2, 0, 0, 0]
135900 -13
[33, 0]
[5, 2, 0, 0, 0]
SELL  -4 x  PEARLS  @  10002
136000 -13
[33, 0, 0]
[5, 2, 0, 0, 0]
136100 -13
BUY  1 x  BANANAS  @  4929
[32, 0, 0]
[5, 2, 0, 0, 0]
136200 -12
SELL  -2 x  BANANAS  @  4933
[32, 0, 0]
[4, 2, 0, 0, 0]
136300 -14
[34, 0]
[4, 2, 0, 0, 0]
136400 -14
SELL  -1 x  BANANAS  @  4934
[34, 0]
[4, 1, 0, 0, 0]
136500 -15
BUY  5 x  BANANAS  @  4931
[30, 0, 0]
[4, 1, 0, 0, 0]
136600 -10
[30, 0, 0]
[7, 3, 0, 0, 0]
136700 -10
[30, 0, 0]
[7, 3, 0, 0, 0]
136800 -10
[30, 0, 0]
[7, 3, 0, 0, 0]
136900 -10
[30, 0, 0]
[7, 3, 0, 0, 0]
137000 -10
[28, 2, 0, 0]
[7, 3, 0, 0, 0]
SELL  -1 x  PEARLS  @  10002
137100 -10
BUY  1 x  BANANAS  @  4928
[29, 0, 0]
[7, 3, 0, 0, 0]
SELL  -1 x  PEARLS  @  10002
137200 -9
[29, 0, 0]
[7, 3, 1, 0, 0]
137300 -9
[29, 0, 0]
[7, 3, 1, 0, 0]
137400 -9
[29, 0, 0]
[7, 3, 1, 0, 0]
137500 -8
[28, 0, 0]
[8, 3, 1, 0, 0]
BUY  2 x  PEARLS  @  9998
137600 -8
[27, 1, 0, 0]
[8, 3, 1, 0, 0]
137700 -8
[28, 0, 0]
[8, 3, 1, 0, 0]
137800 -6
[25, 1, 0, 0]
[9, 4, 1, 0, 0]
137900 -4
[23, 1, 0, 0]
[11, 4, 1, 0, 0]
138000 -4
[23, 1, 0, 0]
[11, 4, 1, 0, 0]
BUY  8 x  PEARLS  @  9998
138100 -4
BUY  8 x  BANANAS  @  4929
[11, 4, 1, 0, 0]
[15, 1, 0, 0]
138200 4
SELL  -1 x  BANANAS  @  4933
[11, 4, 1, 0, 0]
[22, 1, 0, 0]
BUY  1 x  PEARLS  @  9998
138300 3
[11, 5, 1, 0, 0]
[22, 1, 0, 0]
138400 3
[11, 5, 1, 0, 0]
[16, 6, 1, 0, 0]
SELL  -9 x  PEARLS  @  10002
138500 3
SELL  -10 x  BANANAS  @  4933
[17, 0, 0]
[9, 3, 1, 0, 0]
138600 -7
SELL  -4 x  BANANAS  @  4933
[27, 0, 0]
[7, 2, 0, 0, 0]
138700 -12
[32, 0, 0]
[6, 2, 0, 0, 0]
138800 -12
[32, 0, 0]
[6, 2, 0, 0, 0]
138900 -12
[32, 0, 0]
[6, 2, 0, 0, 0]
139000 -12
[32, 0, 0]
[6, 2, 0, 0, 0]
139100 -12
[32, 0, 0]
[6, 2, 0, 0, 0]
139200 -12
[32, 0, 0]
[6, 2, 0, 0, 0]
139300 -12
SELL  -1 x  BANANAS  @  4933
[32, 0]
[5, 2, 0, 0, 0]
139400 -13
[33, 0, 0]
[5, 2, 0, 0, 0]
BUY  1 x  PEARLS  @  9998
139500 -13
[33, 0, 0]
[5, 2, 0, 0, 0]
139600 -13
[33, 0]
[5, 2, 0, 0, 0]
139700 -13
[33, 0, 0]
[5, 2, 0, 0, 0]
139800 -13
BUY  2 x  BANANAS  @  4930
[31, 0, 0]
[5, 2, 0, 0, 0]
139900 -11
[31, 0, 0]
[7, 2, 0, 0, 0]
140000 -11
SELL  -1 x  BANANAS  @  4931
[31, 0, 0]
[6, 2, 0, 0, 0]
140100 -12
[32, 0]
[6, 2, 0, 0, 0]
140200 -12
[32, 0, 0]
[6, 2, 0, 0, 0]
140300 -12
[32, 0, 0]
[6, 2, 0, 0, 0]
140400 -12
[32, 0, 0]
[6, 2, 0, 0, 0]
140500 -12
[32, 0, 0]
[6, 2, 0, 0, 0]
BUY  1 x  PEARLS  @  9998
140600 -12
[32, 0, 0]
[6, 2, 0, 0, 0]
140700 -12
[32, 0, 0]
[6, 2, 0, 0, 0]
140800 -12
[32, 0, 0]
[6, 2, 0, 0, 0]
BUY  1 x  PEARLS  @  9998
140900 -12
[32, 0, 0]
[6, 2, 0, 0, 0]
141000 -12
[32, 0, 0]
[6, 2, 0, 0, 0]
BUY  1 x  PEARLS  @  9998
141100 -12
[32, 0, 0]
[6, 2, 0, 0, 0]
141200 -12
[32, 0, 0]
[6, 2, 0, 0, 0]
141300 -12
[32, 0]
[6, 2, 0, 0, 0]
SELL  -3 x  PEARLS  @  10000
141400 -12
[32, 0, 0]
[6, 2, 0, 0, 0]
BUY  1 x  PEARLS  @  9998
141500 -12
[32, 0, 0]
[6, 2, 0, 0, 0]
141600 -12
[32, 0]
[6, 2, 0, 0, 0]
141700 -12
[32, 0, 0]
[6, 2, 0, 0, 0]
SELL  -1 x  PEARLS  @  10002
141800 -12
[32, 0, 0]
[6, 2, 0, 0, 0]
141900 -12
[32, 0, 0]
[6, 2, 0, 0, 0]
142000 -12
[32, 0, 0]
[6, 2, 0, 0, 0]
142100 -12
[32, 0, 0]
[6, 2, 0, 0, 0]
142200 -12
[32, 0, 0]
[6, 2, 0, 0, 0]
142300 -12
[32, 0, 0]
[6, 2, 0, 0, 0]
142400 -12
[32, 0, 0]
[6, 2, 0, 0, 0]
142500 -12
[32, 0, 0]
[6, 2, 0, 0, 0]
BUY  1 x  PEARLS  @  9998
142600 -12
SELL  -1 x  BANANAS  @  4934
[32, 0]
[5, 2, 0, 0, 0]
142700 -13
SELL  -3 x  BANANAS  @  4933
[33, 0]
[3, 1, 0, 0, 0]
142800 -16
[36, 0]
[3, 1, 0, 0, 0]
142900 -16
[36, 0]
[3, 1, 0, 0, 0]
143000 -16
[36, 0]
[3, 1, 0, 0, 0]
143100 -16
[36, 0]
[3, 1, 0, 0, 0]
143200 -16
[36, 0]
[3, 1, 0, 0, 0]
143300 -16
[36, 0]
[3, 1, 0, 0, 0]
143400 -16
SELL  -1 x  BANANAS  @  4932
[36, 0]
[2, 1, 0, 0, 0]
143500 -17
[37, 0]
[2, 1, 0, 0, 0]
143600 -17
[37, 0]
[2, 1, 0, 0, 0]
143700 -17
[37, 0]
[2, 1, 0, 0, 0]
143800 -17
[37, 0]
[2, 1, 0, 0, 0]
143900 -17
[37, 0]
[2, 1, 0, 0, 0]
SELL  -4 x  PEARLS  @  10000
144000 -17
[37, 0]
[2, 1, 0, 0, 0]
144100 -17
SELL  -1 x  BANANAS  @  4935
[37]
[1, 1, 0, 0, 0]
144200 -18
[38, 0]
[1, 1, 0, 0, 0]
144300 -18
[38, 0]
[1, 1, 0, 0, 0]
144400 -18
[38, 0]
[1, 1, 0, 0, 0]
144500 -18
[38, 0]
[1, 1, 0, 0, 0]
144600 -18
[38]
[1, 1, 0, 0, 0]
144700 -16
[36, 0]
[3, 1, 0, 0, 0]
144800 -16
[36, 0]
[3, 1, 0, 0, 0]
SELL  -1 x  PEARLS  @  10002
144900 -16
[36, 0]
[3, 1, 0, 0, 0]
145000 -16
[36, 0]
[3, 1, 0, 0, 0]
145100 -16
[36, 0]
[3, 1, 0, 0, 0]
145200 -16
BUY  1 x  BANANAS  @  4932
[35, 0]
[3, 1, 0, 0, 0]
145300 -15
SELL  -2 x  BANANAS  @  4936
[35, 0]
[2, 1, 0, 0, 0]
145400 -17
[37, 0]
[2, 1, 0, 0, 0]
145500 -17
[37, 0]
[2, 1, 0, 0, 0]
145600 -17
[37, 0]
[2, 1, 0, 0, 0]
145700 -17
[37, 0]
[2, 1, 0, 0, 0]
145800 -17
[37, 0]
[2, 1, 0, 0, 0]
145900 -17
[37, 0]
[2, 1, 0, 0, 0]
SELL  -2 x  PEARLS  @  10002
146000 -15
[35, 0]
[4, 1, 0, 0, 0]
146100 -15
[35, 0]
[4, 1, 0, 0, 0]
146200 -15
SELL  -5 x  BANANAS  @  4933
[35]
[0, 0, 0, 0, 0]
146300 -20
BUY  9 x  BANANAS  @  4931
[31, 0, 0]
[0, 0, 0, 0, 0]
146400 -11
[31, 0, 0]
[7, 2, 0, 0, 0]
146500 -11
SELL  -4 x  BANANAS  @  4935
[31, 0, 0]
[4, 1, 0, 0, 0]
BUY  2 x  PEARLS  @  9998
146600 -15
[35, 0]
[4, 1, 0, 0, 0]
146700 -15
[35, 0]
[4, 1, 0, 0, 0]
146800 -15
[35, 0, 0]
[4, 1, 0, 0, 0]
146900 -15
[35, 0]
[4, 1, 0, 0, 0]
147000 -15
[35, 0]
[4, 1, 0, 0, 0]
SELL  -1 x  PEARLS  @  10002
147100 -17
[37, 0]
[2, 1, 0, 0, 0]
147200 -17
SELL  -1 x  BANANAS  @  4934
[37]
[1, 1, 0, 0, 0]
147300 -18
[38, 0]
[1, 1, 0, 0, 0]
147400 -18
BUY  1 x  BANANAS  @  4930
[37, 0]
[1, 1, 0, 0, 0]
147500 -17
SELL  -1 x  BANANAS  @  4935
[37, 0]
[1, 1, 0, 0, 0]
147600 -18
[38, 0]
[1, 1, 0, 0, 0]
147700 -18
[38, 0]
[1, 1, 0, 0, 0]
SELL  -1 x  PEARLS  @  10002
147800 -18
[38, 0]
[1, 1, 0, 0, 0]
147900 -18
SELL  -2 x  BANANAS  @  4934
[38]
[0, 0, 0, 0, 0]
148000 -20
[40]
[0, 0, 0, 0, 0]
SELL  -4 x  PEARLS  @  10002
148100 -20
[40]
[0, 0, 0, 0, 0]
BUY  1 x  PEARLS  @  9998
148200 -20
SELL  0 x  BANANAS  @  4935
[40]
[0, 0, 0, 0, 0]
BUY  4 x  PEARLS  @  9998
148300 -20
BUY  4 x  BANANAS  @  4933
[36, 0, 0]
[0, 0, 0, 0, 0]
SELL  -5 x  PEARLS  @  10002
148400 -16
[36, 0]
[3, 1, 0, 0, 0]
148500 -16
[36, 0]
[3, 1, 0, 0, 0]
148600 -16
[36, 0]
[3, 1, 0, 0, 0]
148700 -16
SELL  -1 x  BANANAS  @  4935
[36, 0]
[2, 1, 0, 0, 0]
148800 -15
[35, 0, 0]
[4, 1, 0, 0, 0]
148900 -15
[35, 0]
[4, 1, 0, 0, 0]
149000 -15
SELL  -3 x  BANANAS  @  4934
[35, 0]
[1, 1, 0, 0, 0]
149100 -18
[38, 0]
[1, 1, 0, 0, 0]
149200 -18
[38, 0]
[1, 1, 0, 0, 0]
149300 -18
[38]
[1, 1, 0, 0, 0]
149400 -18
[38, 0]
[1, 1, 0, 0, 0]
149500 -18
[38]
[1, 1, 0, 0, 0]
149600 -18
[38, 0]
[1, 1, 0, 0, 0]
149700 -18
[38]
[1, 1, 0, 0, 0]
149800 -18
[38]
[1, 1, 0, 0, 0]
149900 -18
BUY  4 x  BANANAS  @  4931
[34, 0, 0]
[1, 1, 0, 0, 0]
150000 -14
[34, 0, 0]
[4, 2, 0, 0, 0]
150100 -14
[34, 0, 0]
[4, 2, 0, 0, 0]
150200 -14
[34, 0]
[4, 2, 0, 0, 0]
150300 -14
[34, 0]
[4, 2, 0, 0, 0]
SELL  -1 x  PEARLS  @  10002
150400 -14
[34, 0, 0]
[4, 2, 0, 0, 0]
150500 -14
[34, 0]
[4, 2, 0, 0, 0]
SELL  -1 x  PEARLS  @  10002
150600 -14
[34, 0, 0]
[4, 2, 0, 0, 0]
SELL  -1 x  PEARLS  @  10002
150700 -8
[28, 0, 0]
[8, 3, 1, 0, 0]
150800 -8
BUY  3 x  BANANAS  @  4930
[24, 1, 0, 0]
[8, 3, 1, 0, 0]
150900 -5
[24, 1, 0, 0]
[10, 4, 1, 0, 0]
151000 -5
[24, 1, 0, 0]
[10, 4, 1, 0, 0]
151100 -5
[24, 1, 0, 0]
[10, 4, 1, 0, 0]
151200 -5
[24, 1, 0, 0]
[10, 4, 1, 0, 0]
151300 -5
[24, 1, 0, 0]
[10, 4, 1, 0, 0]
151400 -5
[24, 1, 0, 0]
[10, 4, 1, 0, 0]
BUY  1 x  PEARLS  @  9998
151500 -5
[24, 1, 0, 0]
[10, 4, 1, 0, 0]
151600 -6
[25, 1, 0, 0]
[9, 4, 1, 0, 0]
151700 -5
BUY  1 x  BANANAS  @  4929
[23, 1, 0, 0]
[10, 4, 1, 0, 0]
151800 -4
[17, 6, 1, 0, 0]
[11, 4, 1, 0, 0]
151900 13
[5, 2, 0, 0, 0]
[33, 0, 0]
152000 13
[5, 2, 0, 0, 0]
[33, 0]
SELL  -5 x  PEARLS  @  10000
152100 13
SELL  -1 x  BANANAS  @  4933
[5, 2, 0, 0, 0]
[32, 0]
SELL  -1 x  PEARLS  @  10002
152200 12
[6, 2, 0, 0, 0]
[32, 0, 0]
152300 12
[6, 2, 0, 0, 0]
[32, 0, 0]
152400 12
[6, 2, 0, 0, 0]
[32, 0, 0]
BUY  1 x  PEARLS  @  9998
152500 12
[6, 2, 0, 0, 0]
[32, 0, 0]
152600 12
[6, 2, 0, 0, 0]
[32, 0, 0]
152700 12
[6, 2, 0, 0, 0]
[32, 0, 0]
152800 12
[6, 2, 0, 0, 0]
[32, 0, 0]
152900 12
[6, 2, 0, 0, 0]
[32, 0, 0]
153000 12
BUY  2 x  BANANAS  @  4931
[4, 2, 0, 0, 0]
[32, 0]
BUY  1 x  PEARLS  @  9998
153100 14
[4, 2, 0, 0, 0]
[34, 0]
153200 14
[4, 2, 0, 0, 0]
[34, 0]
SELL  -2 x  PEARLS  @  10002
153300 14
[4, 2, 0, 0, 0]
[34, 0]
BUY  1 x  PEARLS  @  9998
153400 14
[4, 2, 0, 0, 0]
[34, 0]
153500 14
[4, 2, 0, 0, 0]
[34, 0]
153600 14
[4, 2, 0, 0, 0]
[34, 0, 0]
153700 14
[4, 2, 0, 0, 0]
[34, 0]
153800 14
[4, 2, 0, 0, 0]
[34, 0]
153900 14
[4, 2, 0, 0, 0]
[34, 0]
154000 14
SELL  -1 x  BANANAS  @  4936
[4, 2, 0, 0, 0]
[33, 0, 0]
154100 13
[5, 2, 0, 0, 0]
[33, 0]
154200 13
[5, 2, 0, 0, 0]
[33, 0]
154300 15
BUY  2 x  BANANAS  @  4932
[2, 1, 0, 0, 0]
[35, 0]
154400 17
[2, 1, 0, 0, 0]
[37, 0]
154500 17
[2, 1, 0, 0, 0]
[37, 0]
154600 17
[2, 1, 0, 0, 0]
[37, 0]
154700 17
[2, 1, 0, 0, 0]
[37, 0]
154800 17
[2, 1, 0, 0, 0]
[37, 0]
154900 17
[2, 1, 0, 0, 0]
[37, 0]
155000 17
[2, 1, 0, 0, 0]
[37, 0]
155100 17
[2, 1, 0, 0, 0]
[37, 0]
SELL  -5 x  PEARLS  @  10002
155200 17
[2, 1, 0, 0, 0]
[37, 0]
155300 16
[3, 1, 0, 0, 0]
[36, 0]
BUY  3 x  PEARLS  @  9998
155400 16
[3, 1, 0, 0, 0]
[36, 0]
155500 16
[3, 1, 0, 0, 0]
[36, 0]
155600 16
[3, 1, 0, 0, 0]
[36, 0]
155700 16
SELL  -13 x  BANANAS  @  4934
[3, 1, 0, 0, 0]
[16, 6, 1, 0, 0]
155800 3
[11, 5, 1, 0, 0]
[22, 1, 0, 0]
155900 3
[11, 5, 1, 0, 0]
[16, 6, 1, 0, 0]
156000 3
[11, 5, 1, 0, 0]
[22, 1, 0, 0]
SELL  -3 x  PEARLS  @  10002
156100 3
[11, 5, 1, 0, 0]
[22, 1, 0, 0]
SELL  -1 x  PEARLS  @  10002
156200 3
[11, 5, 1, 0, 0]
[22, 1, 0, 0]
156300 3
[11, 5, 1, 0, 0]
[22, 1, 0, 0]
156400 3
[11, 5, 1, 0, 0]
[22, 1, 0, 0]
156500 3
[11, 5, 1, 0, 0]
[22, 1, 0, 0]
156600 12
[6, 2, 0, 0, 0]
[32, 0, 0]
156700 12
[6, 2, 0, 0, 0]
[32, 0, 0]
156800 -8
[28, 0, 0]
[8, 3, 1, 0, 0]
156900 -6
[25, 1, 0, 0]
[9, 4, 1, 0, 0]
BUY  1 x  PEARLS  @  9998
157000 -12
[32, 0, 0]
[6, 2, 0, 0, 0]
157100 -12
[32, 0, 0]
[6, 2, 0, 0, 0]
157200 -12
[32, 0, 0]
[6, 2, 0, 0, 0]
157300 0
[14, 5, 1, 0, 0]
[14, 5, 1, 0, 0]
157400 0
BUY  1 x  BANANAS  @  4930
BUY  3 x  BANANAS  @  4931
[11, 4, 1, 0, 0]
[19, 1, 0, 0]
157500 5
BUY  5 x  BANANAS  @  4931
[7, 3, 0, 0, 0]
[25, 0, 0]
157600 10
[7, 3, 0, 0, 0]
[30, 0, 0]
157700 10
[7, 3, 0, 0, 0]
[30, 0, 0]
157800 10
[7, 3, 0, 0, 0]
[28, 2, 0, 0]
157900 10
[7, 3, 0, 0, 0]
[30, 0, 0]
158000 10
[7, 3, 0, 0, 0]
[30, 0, 0]
BUY  1 x  PEARLS  @  9998
158100 10
[7, 3, 0, 0, 0]
[30, 0, 0]
158200 10
BUY  10 x  BANANAS  @  4930
[0, 0, 0, 0, 0]
[30, 0]
158300 20
BUY  0 x  BANANAS  @  4932
[0, 0, 0, 0, 0]
[40]
158400 20
[0, 0, 0, 0, 0]
[40, 0]
158500 18
SELL  -1 x  BANANAS  @  4935
[1, 1, 0, 0, 0]
[37, 0]
SELL  -1 x  PEARLS  @  10002
158600 17
[2, 1, 0, 0, 0]
[37, 0]
158700 17
SELL  -1 x  BANANAS  @  4935
[2, 1, 0, 0, 0]
[36, 0]
BUY  1 x  PEARLS  @  9998
158800 16
[3, 1, 0, 0, 0]
[36, 0]
158900 16
[3, 1, 0, 0, 0]
[36, 0]
159000 16
SELL  -1 x  BANANAS  @  4934
[3, 1, 0, 0, 0]
[35, 0]
BUY  4 x  PEARLS  @  9998
159100 15
[4, 1, 0, 0, 0]
[35, 0]
159200 15
[4, 1, 0, 0, 0]
[35, 0, 0]
159300 15
[4, 1, 0, 0, 0]
[35, 0]
159400 15
BUY  5 x  BANANAS  @  4931
[0, 0, 0, 0, 0]
[35]
BUY  1 x  PEARLS  @  9998
159500 20
SELL  -1 x  BANANAS  @  4935
[0, 0, 0, 0, 0]
[39, 0]
159600 19
[1, 0, 0, 0, 0]
[39]
159700 19
[1, 0, 0, 0, 0]
[39, 0]
159800 19
[1, 0, 0, 0, 0]
[39]
SELL  -6 x  PEARLS  @  10002
159900 19
[1, 0, 0, 0, 0]
[39]
160000 19
[1, 0, 0, 0, 0]
[39]
160100 19
[1, 0, 0, 0, 0]
[39]
SELL  -2 x  PEARLS  @  10000
160200 19
[1, 0, 0, 0, 0]
[39, 0]
160300 19
[1, 0, 0, 0, 0]
[39]
160400 19
[1, 0, 0, 0, 0]
[39]
160500 19
[1, 0, 0, 0, 0]
[39, 0]
160600 19
[1, 0, 0, 0, 0]
[39]
160700 19
[1, 0, 0, 0, 0]
[39]
160800 19
[1, 0, 0, 0, 0]
[39]
160900 19
[1, 0, 0, 0, 0]
[39, 0]
161000 19
[1, 0, 0, 0, 0]
[39]
161100 19
[1, 0, 0, 0, 0]
[39]
161200 19
[1, 0, 0, 0, 0]
[39]
161300 19
[1, 0, 0, 0, 0]
[39]
161400 19
SELL  -1 x  BANANAS  @  4933
[1, 0, 0, 0, 0]
[38, 0]
161500 18
SELL  -4 x  BANANAS  @  4932
[1, 1, 0, 0, 0]
[34, 0, 0]
161600 14
[4, 2, 0, 0, 0]
[34, 0]
SELL  -1 x  PEARLS  @  10002
161700 14
[4, 2, 0, 0, 0]
[34, 0]
161800 14
[4, 2, 0, 0, 0]
[34, 0]
161900 14
[4, 2, 0, 0, 0]
[34, 0]
162000 14
[4, 2, 0, 0, 0]
[34, 0, 0]
162100 14
[4, 2, 0, 0, 0]
[34, 0]
162200 14
[4, 2, 0, 0, 0]
[34, 0, 0]
162300 14
[4, 2, 0, 0, 0]
[34, 0, 0]
162400 14
BUY  5 x  BANANAS  @  4928
[1, 0, 0, 0, 0]
[34]
162500 19
[1, 0, 0, 0, 0]
[39]
162600 19
[1, 0, 0, 0, 0]
[39]
162700 19
[1, 0, 0, 0, 0]
[39]
162800 19
[1, 0, 0, 0, 0]
[39]
162900 19
[1, 0, 0, 0, 0]
[39, 0]
163000 19
[1, 0, 0, 0, 0]
[39, 0]
BUY  6 x  PEARLS  @  10000
163100 19
[1, 0, 0, 0, 0]
[39]
163200 19
[1, 0, 0, 0, 0]
[39]
163300 19
[1, 0, 0, 0, 0]
[39]
163400 19
[1, 0, 0, 0, 0]
[39]
163500 17
[2, 1, 0, 0, 0]
[37, 0]
163600 17
[2, 1, 0, 0, 0]
[37, 0]
SELL  -2 x  PEARLS  @  10002
163700 17
[2, 1, 0, 0, 0]
[37, 0]
163800 17
[2, 1, 0, 0, 0]
[37, 0]
163900 17
[2, 1, 0, 0, 0]
[37]
164000 17
SELL  -1 x  BANANAS  @  4932
[2, 1, 0, 0, 0]
[36, 0]
164100 16
SELL  -1 x  BANANAS  @  4932
[3, 1, 0, 0, 0]
[35, 0, 0]
SELL  -1 x  PEARLS  @  10002
164200 15
[4, 1, 0, 0, 0]
[35, 0]
164300 15
[4, 1, 0, 0, 0]
[35, 0]
164400 15
SELL  -1 x  BANANAS  @  4932
[4, 1, 0, 0, 0]
[34, 0, 0]
164500 14
[4, 2, 0, 0, 0]
[34, 0, 0]
164600 14
[4, 2, 0, 0, 0]
[34, 0]
BUY  1 x  PEARLS  @  9998
164700 14
[4, 2, 0, 0, 0]
[34, 0]
164800 14
[4, 2, 0, 0, 0]
[34, 0]
164900 14
[4, 2, 0, 0, 0]
[34, 0]
165000 13
[5, 2, 0, 0, 0]
[33, 0, 0]
BUY  1 x  PEARLS  @  9998
165100 13
[5, 2, 0, 0, 0]
[33, 0, 0]
165200 13
[5, 2, 0, 0, 0]
[33, 0, 0]
SELL  -1 x  PEARLS  @  10002
165300 13
[5, 2, 0, 0, 0]
[33, 0, 0]
165400 13
[5, 2, 0, 0, 0]
[33, 0, 0]
165500 13
[5, 2, 0, 0, 0]
[33, 0, 0]
165600 13
[5, 2, 0, 0, 0]
[33, 0]
BUY  3 x  PEARLS  @  10000
165700 13
SELL  -1 x  BANANAS  @  4930
[5, 2, 0, 0, 0]
[32, 0, 0]
165800 12
[6, 2, 0, 0, 0]
[32, 0, 0]
165900 10
[7, 3, 0, 0, 0]
[30, 0, 0]
166000 10
[7, 3, 0, 0, 0]
[30, 0, 0]
166100 10
[7, 3, 0, 0, 0]
[30, 0, 0]
166200 10
[7, 3, 0, 0, 0]
[30, 0, 0]
SELL  -1 x  PEARLS  @  10002
166300 10
[7, 3, 0, 0, 0]
[30, 0, 0]
166400 10
[7, 3, 0, 0, 0]
[30, 0, 0]
166500 10
BUY  1 x  BANANAS  @  4926
[7, 2, 0, 0, 0]
[30, 0, 0]
166600 11
[7, 2, 0, 0, 0]
[31, 0, 0]
166700 11
[7, 2, 0, 0, 0]
[31, 0, 0]
166800 11
[7, 2, 0, 0, 0]
[31, 0, 0]
166900 11
BUY  1 x  BANANAS  @  4929
[6, 2, 0, 0, 0]
[31, 0, 0]
167000 12
[6, 2, 0, 0, 0]
[32, 0, 0]
167100 12
[6, 2, 0, 0, 0]
[32, 0, 0]
167200 6
[9, 4, 1, 0, 0]
[25, 1, 0, 0]
167300 6
[9, 4, 1, 0, 0]
[25, 1, 0, 0]
167400 6
[9, 4, 1, 0, 0]
[25, 1, 0, 0]
167500 6
[9, 4, 1, 0, 0]
[25, 1, 0, 0]
167600 10
[7, 3, 0, 0, 0]
[30, 0, 0]
167700 10
[7, 3, 0, 0, 0]
[30, 0, 0]
167800 10
[7, 3, 0, 0, 0]
[28, 2, 0, 0]
167900 10
[7, 3, 0, 0, 0]
[30, 0, 0]
168000 10
[7, 3, 0, 0, 0]
[30, 0, 0]
168100 10
[7, 3, 0, 0, 0]
[30, 0, 0]
168200 10
[7, 3, 0, 0, 0]
[30, 0, 0]
168300 8
[8, 3, 1, 0, 0]
[28, 0, 0]
168400 8
[8, 3, 1, 0, 0]
[27, 1, 0, 0]
168500 8
[8, 3, 1, 0, 0]
[28, 0, 0]
168600 8
[8, 3, 1, 0, 0]
[28, 0, 0]
168700 8
[8, 3, 1, 0, 0]
[27, 1, 0, 0]
168800 8
[8, 3, 1, 0, 0]
[28, 0, 0]
168900 8
[8, 3, 1, 0, 0]
[28, 0, 0]
169000 8
[8, 3, 1, 0, 0]
[28, 0, 0]
BUY  1 x  PEARLS  @  9998
169100 8
[8, 3, 1, 0, 0]
[28, 0, 0]
169200 8
[8, 3, 1, 0, 0]
[28, 0, 0]
169300 10
[7, 3, 0, 0, 0]
[28, 2, 0, 0]
169400 10
[7, 3, 0, 0, 0]
[30, 0, 0]
SELL  -2 x  PEARLS  @  10002
169500 10
[7, 3, 0, 0, 0]
[30, 0, 0]
169600 10
[7, 3, 0, 0, 0]
[30, 0, 0]
169700 10
[7, 3, 0, 0, 0]
[30, 0, 0]
169800 10
[7, 3, 0, 0, 0]
[30, 0, 0]
169900 10
[7, 3, 0, 0, 0]
[28, 2, 0, 0]
170000 10
[7, 3, 0, 0, 0]
[30, 0, 0]
BUY  5 x  PEARLS  @  9998
170100 10
SELL  -2 x  BANANAS  @  4930
[7, 3, 0, 0, 0]
[27, 1, 0, 0]
170200 8
BUY  3 x  BANANAS  @  4928
[7, 2, 0, 0, 0]
[28, 0, 0]
BUY  1 x  PEARLS  @  9998
170300 11
[7, 2, 0, 0, 0]
[31, 0, 0]
BUY  2 x  PEARLS  @  10000
170400 11
[7, 2, 0, 0, 0]
[31, 0, 0]
170500 11
[7, 2, 0, 0, 0]
[31, 0, 0]
170600 11
[7, 2, 0, 0, 0]
[31, 0, 0]
170700 8
[8, 3, 1, 0, 0]
[28, 0, 0]
170800 8
[8, 3, 1, 0, 0]
[27, 1, 0, 0]
170900 8
[8, 3, 1, 0, 0]
[27, 1, 0, 0]
171000 8
BUY  2 x  BANANAS  @  4929
[7, 3, 0, 0, 0]
[28, 0, 0]
171100 10
[7, 3, 0, 0, 0]
[30, 0, 0]
171200 10
[7, 3, 0, 0, 0]
[30, 0, 0]
171300 10
[7, 3, 0, 0, 0]
[30, 0, 0]
171400 10
BUY  2 x  BANANAS  @  4929
[6, 2, 0, 0, 0]
[30, 0, 0]
171500 12
[6, 2, 0, 0, 0]
[32, 0, 0]
171600 12
[6, 2, 0, 0, 0]
[32, 0, 0]
BUY  1 x  PEARLS  @  9998
171700 12
BUY  3 x  BANANAS  @  4929
[4, 1, 0, 0, 0]
[32, 0, 0]
SELL  -2 x  PEARLS  @  10002
171800 15
SELL  -1 x  BANANAS  @  4932
[4, 1, 0, 0, 0]
[34, 0, 0]
171900 15
[4, 1, 0, 0, 0]
[35, 0, 0]
SELL  -6 x  PEARLS  @  10000
172000 15
[4, 1, 0, 0, 0]
[35, 0]
172100 15
[4, 1, 0, 0, 0]
[35, 0, 0]
172200 15
SELL  -2 x  BANANAS  @  4931
[4, 1, 0, 0, 0]
[33, 0]
172300 13
[5, 2, 0, 0, 0]
[33, 0, 0]
172400 13
[5, 2, 0, 0, 0]
[33, 0, 0]
172500 13
[5, 2, 0, 0, 0]
[33, 0, 0]
172600 13
[5, 2, 0, 0, 0]
[33, 0]
172700 12
BUY  6 x  BANANAS  @  4929
[1, 1, 0, 0, 0]
[32, 0]
172800 18
BUY  1 x  BANANAS  @  4927
[1, 0, 0, 0, 0]
[38]
172900 19
[1, 0, 0, 0, 0]
[39]
BUY  2 x  PEARLS  @  9998
173000 19
[1, 0, 0, 0, 0]
[39, 0]
173100 19
[1, 0, 0, 0, 0]
[39]
173200 19
[1, 0, 0, 0, 0]
[39, 0]
173300 19
[1, 0, 0, 0, 0]
[39]
173400 17
[2, 1, 0, 0, 0]
[37, 0]
173500 17
[2, 1, 0, 0, 0]
[37, 0]
173600 17
[2, 1, 0, 0, 0]
[37, 0]
173700 17
[2, 1, 0, 0, 0]
[37, 0]
173800 17
[2, 1, 0, 0, 0]
[37, 0]
173900 17
[2, 1, 0, 0, 0]
[37, 0]
174000 17
SELL  -1 x  BANANAS  @  4932
[2, 1, 0, 0, 0]
[36, 0]
174100 16
[3, 1, 0, 0, 0]
[36, 0]
174200 16
[3, 1, 0, 0, 0]
[36, 0]
174300 16
[3, 1, 0, 0, 0]
[36, 0]
174400 16
[3, 1, 0, 0, 0]
[36, 0]
SELL  -1 x  PEARLS  @  10002
174500 16
[3, 1, 0, 0, 0]
[36, 0]
SELL  -1 x  PEARLS  @  10002
174600 16
[3, 1, 0, 0, 0]
[36, 0]
174700 16
[3, 1, 0, 0, 0]
[36, 0]
174800 16
BUY  1 x  BANANAS  @  4928
[2, 1, 0, 0, 0]
[36, 0]
174900 17
[2, 1, 0, 0, 0]
[37, 0]
175000 17
[2, 1, 0, 0, 0]
[37, 0]
175100 17
[2, 1, 0, 0, 0]
[37, 0]
175200 17
[2, 1, 0, 0, 0]
[37, 0]
BUY  4 x  PEARLS  @  9998
175300 17
[2, 1, 0, 0, 0]
[37, 0]
175400 17
[2, 1, 0, 0, 0]
[37, 0]
175500 17
[2, 1, 0, 0, 0]
[37, 0]
175600 17
[2, 1, 0, 0, 0]
[37, 0]
175700 17
[2, 1, 0, 0, 0]
[37, 0]
175800 17
[2, 1, 0, 0, 0]
[37, 0]
175900 17
[2, 1, 0, 0, 0]
[37, 0]
176000 17
[2, 1, 0, 0, 0]
[37, 0]
176100 17
[2, 1, 0, 0, 0]
[37, 0]
176200 17
[2, 1, 0, 0, 0]
[37, 0]
176300 17
[2, 1, 0, 0, 0]
[37, 0]
176400 17
[2, 1, 0, 0, 0]
[37, 0]
176500 17
[2, 1, 0, 0, 0]
[37, 0]
BUY  4 x  PEARLS  @  9998
176600 17
[2, 1, 0, 0, 0]
[37, 0]
BUY  1 x  PEARLS  @  9998
176700 17
[2, 1, 0, 0, 0]
[37, 0]
176800 17
[2, 1, 0, 0, 0]
[37, 0]
176900 17
[2, 1, 0, 0, 0]
[37, 0]
177000 17
[2, 1, 0, 0, 0]
[37, 0]
177100 17
[2, 1, 0, 0, 0]
[37, 0]
177200 17
[2, 1, 0, 0, 0]
[37, 0]
177300 17
[2, 1, 0, 0, 0]
[37, 0]
BUY  1 x  PEARLS  @  9998
177400 17
[2, 1, 0, 0, 0]
[37, 0]
177500 17
[2, 1, 0, 0, 0]
[37, 0]
177600 17
[2, 1, 0, 0, 0]
[37, 0]
177700 13
[5, 2, 0, 0, 0]
[33, 0]
177800 13
[5, 2, 0, 0, 0]
[33, 0]
177900 13
[5, 2, 0, 0, 0]
[33, 0]
178000 12
[6, 2, 0, 0, 0]
[32, 0, 0]
178100 12
SELL  -1 x  BANANAS  @  4932
[6, 2, 0, 0, 0]
[31, 0, 0]
178200 11
[7, 2, 0, 0, 0]
[31, 0, 0]
178300 11
[7, 2, 0, 0, 0]
[31, 0, 0]
178400 11
[7, 2, 0, 0, 0]
[31, 0, 0]
178500 11
SELL  -11 x  BANANAS  @  4933
[7, 2, 0, 0, 0]
[14, 5, 1, 0, 0]
178600 0
SELL  -7 x  BANANAS  @  4932
[20, 0, 0]
[9, 3, 1, 0, 0]
178700 -7
[26, 1, 0, 0]
[9, 3, 1, 0, 0]
178800 -7
[26, 1, 0, 0]
[9, 3, 1, 0, 0]
178900 -7
[27, 0, 0]
[9, 3, 1, 0, 0]
179000 -7
[26, 1, 0, 0]
[9, 3, 1, 0, 0]
179100 -7
SELL  -12 x  BANANAS  @  4930
[27, 0]
[1, 0, 0, 0, 0]
179200 -19
[39]
[1, 0, 0, 0, 0]
179300 -19
[39]
[1, 0, 0, 0, 0]
179400 -19
[39, 0]
[1, 0, 0, 0, 0]
179500 -19
[39]
[1, 0, 0, 0, 0]
SELL  -1 x  PEARLS  @  10002
179600 -19
SELL  -1 x  BANANAS  @  4932
[39]
[0, 0, 0, 0, 0]
179700 -20
[40]
[0, 0, 0, 0, 0]
179800 -20
[40]
[0, 0, 0, 0, 0]
179900 -10
BUY  3 x  BANANAS  @  4928
[26, 1, 0, 0]
[7, 3, 0, 0, 0]
SELL  -4 x  PEARLS  @  10002
180000 -7
BUY  3 x  BANANAS  @  4928
[23, 1, 0, 0]
[9, 3, 1, 0, 0]
BUY  1 x  PEARLS  @  9998
180100 -4
BUY  7 x  BANANAS  @  4928
[11, 5, 1, 0, 0]
[15, 1, 0, 0]
180200 3
SELL  -1 x  BANANAS  @  4933
[11, 5, 1, 0, 0]
[15, 6, 1, 0, 0]
180300 -3
[16, 6, 1, 0, 0]
[11, 5, 1, 0, 0]
BUY  1 x  PEARLS  @  9998
180400 -3
SELL  -1 x  BANANAS  @  4933
[22, 1, 0, 0]
[11, 4, 1, 0, 0]
180500 -4
[23, 1, 0, 0]
[11, 4, 1, 0, 0]
180600 -4
[23, 1, 0, 0]
[11, 4, 1, 0, 0]
SELL  -1 x  PEARLS  @  10002
180700 -4
SELL  -1 x  BANANAS  @  4929
[23, 1, 0, 0]
[10, 4, 1, 0, 0]
180800 -5
[24, 1, 0, 0]
[10, 4, 1, 0, 0]
180900 -5
[24, 1, 0, 0]
[10, 4, 1, 0, 0]
181000 -7
[27, 0, 0]
[9, 3, 1, 0, 0]
181100 -7
[26, 1, 0, 0]
[9, 3, 1, 0, 0]
181200 -7
[26, 1, 0, 0]
[9, 3, 1, 0, 0]
181300 -7
BUY  1 x  BANANAS  @  4929
[25, 1, 0, 0]
[9, 3, 1, 0, 0]
181400 -6
[25, 1, 0, 0]
[9, 4, 1, 0, 0]
181500 -6
[25, 1, 0, 0]
[9, 4, 1, 0, 0]
181600 -6
[25, 1, 0, 0]
[9, 4, 1, 0, 0]
SELL  -2 x  PEARLS  @  10002
181700 -6
[25, 1, 0, 0]
[9, 4, 1, 0, 0]
181800 -6
[25, 1, 0, 0]
[9, 4, 1, 0, 0]
181900 5
[10, 4, 1, 0, 0]
[24, 1, 0, 0]
182000 5
[10, 4, 1, 0, 0]
[24, 1, 0, 0]
182100 5
[10, 4, 1, 0, 0]
[24, 1, 0, 0]
182200 5
SELL  -2 x  BANANAS  @  4930
SELL  -1 x  BANANAS  @  4931
[10, 4, 1, 0, 0]
[21, 1, 0, 0]
182300 3
[11, 5, 1, 0, 0]
[22, 1, 0, 0]
BUY  2 x  PEARLS  @  10000
182400 3
[11, 5, 1, 0, 0]
[22, 1, 0, 0]
182500 3
SELL  -1 x  BANANAS  @  4932
[11, 5, 1, 0, 0]
[15, 6, 1, 0, 0]
SELL  -1 x  PEARLS  @  10002
182600 2
[12, 5, 1, 0, 0]
[21, 1, 0, 0]
182700 2
BUY  2 x  BANANAS  @  4929
[11, 4, 1, 0, 0]
[21, 1, 0, 0]
182800 4
[11, 4, 1, 0, 0]
[23, 1, 0, 0]
BUY  5 x  PEARLS  @  10000
182900 4
[11, 4, 1, 0, 0]
[23, 1, 0, 0]
183000 4
[11, 4, 1, 0, 0]
[23, 1, 0, 0]
SELL  -1 x  PEARLS  @  10002
183100 4
[11, 4, 1, 0, 0]
[23, 1, 0, 0]
183200 4
SELL  -7 x  BANANAS  @  4932
[15, 1, 0, 0]
[11, 5, 1, 0, 0]
BUY  4 x  PEARLS  @  9998
183300 -3
[16, 6, 1, 0, 0]
[11, 5, 1, 0, 0]
183400 -3
[22, 1, 0, 0]
[11, 5, 1, 0, 0]
BUY  2 x  PEARLS  @  9998
183500 -3
[22, 1, 0, 0]
[11, 5, 1, 0, 0]
183600 -3
BUY  5 x  BANANAS  @  4929
[12, 5, 1, 0, 0]
[16, 1, 0, 0]
183700 2
SELL  -1 x  BANANAS  @  4933
[12, 5, 1, 0, 0]
[14, 6, 1, 0, 0]
183800 1
BUY  7 x  BANANAS  @  4928
[8, 3, 1, 0, 0]
[21, 0, 0]
183900 8
[8, 3, 1, 0, 0]
[28, 0, 0]
184000 8
[8, 3, 1, 0, 0]
[27, 1, 0, 0]
184100 8
[8, 3, 1, 0, 0]
[27, 1, 0, 0]
184200 8
[8, 3, 1, 0, 0]
[28, 0, 0]
184300 8
[8, 3, 1, 0, 0]
[27, 1, 0, 0]
184400 8
[8, 3, 1, 0, 0]
[28, 0, 0]
184500 8
[8, 3, 1, 0, 0]
[28, 0, 0]
184600 8
[8, 3, 1, 0, 0]
[27, 1, 0, 0]
184700 8
[8, 3, 1, 0, 0]
[28, 0, 0]
184800 8
[8, 3, 1, 0, 0]
[27, 1, 0, 0]
184900 9
SELL  -1 x  BANANAS  @  4933
[7, 3, 1, 0, 0]
[27, 1, 0, 0]
185000 8
[8, 3, 1, 0, 0]
[28, 0, 0]
185100 10
[7, 3, 0, 0, 0]
[30, 0, 0]
185200 10
[7, 3, 0, 0, 0]
[30, 0, 0]
185300 10
SELL  -1 x  BANANAS  @  4934
[7, 3, 0, 0, 0]
[29, 0, 0]
185400 9
[7, 3, 1, 0, 0]
[27, 2, 0, 0]
185500 9
[7, 3, 1, 0, 0]
[27, 2, 0, 0]
185600 11
[7, 2, 0, 0, 0]
[31, 0, 0]
185700 11
[7, 2, 0, 0, 0]
[31, 0, 0]
185800 11
[7, 2, 0, 0, 0]
[31, 0, 0]
185900 11
[7, 2, 0, 0, 0]
[31, 0, 0]
186000 11
BUY  1 x  BANANAS  @  4931
[6, 2, 0, 0, 0]
[31, 0, 0]
186100 12
[6, 2, 0, 0, 0]
[32, 0, 0]
186200 12
BUY  7 x  BANANAS  @  4928
[1, 0, 0, 0, 0]
[32, 0]
186300 19
[1, 0, 0, 0, 0]
[39, 0]
186400 19
[1, 0, 0, 0, 0]
[39]
BUY  1 x  PEARLS  @  9998
186500 19
[1, 0, 0, 0, 0]
[39, 0]
186600 19
[1, 0, 0, 0, 0]
[39, 0]
186700 19
[1, 0, 0, 0, 0]
[39]
BUY  2 x  PEARLS  @  9998
186800 19
[1, 0, 0, 0, 0]
[39]
186900 19
[1, 0, 0, 0, 0]
[39]
187000 19
[1, 0, 0, 0, 0]
[39]
187100 19
[1, 0, 0, 0, 0]
[39, 0]
187200 19
BUY  1 x  BANANAS  @  4929
[0, 0, 0, 0, 0]
[39, 0]
BUY  2 x  PEARLS  @  9998
187300 20
[0, 0, 0, 0, 0]
[40]
187400 20
[0, 0, 0, 0, 0]
[40]
187500 20
[0, 0, 0, 0, 0]
[40]
187600 20
[0, 0, 0, 0, 0]
[40]
SELL  -10 x  PEARLS  @  10002
187700 20
[0, 0, 0, 0, 0]
[40]
187800 20
[0, 0, 0, 0, 0]
[40, 0]
187900 20
[0, 0, 0, 0, 0]
[40, 0]
188000 20
[0, 0, 0, 0, 0]
[40]
188100 20
SELL  -1 x  BANANAS  @  4934
[0, 0, 0, 0, 0]
[39, 0]
188200 19
[1, 0, 0, 0, 0]
[39, 0]
BUY  1 x  PEARLS  @  9998
188300 19
BUY  1 x  BANANAS  @  4930
[0, 0, 0, 0, 0]
[39, 0]
188400 20
[0, 0, 0, 0, 0]
[40]
188500 20
[0, 0, 0, 0, 0]
[40]
188600 19
[1, 0, 0, 0, 0]
[39]
188700 3
[11, 5, 1, 0, 0]
[22, 1, 0, 0]
188800 3
[11, 5, 1, 0, 0]
[22, 1, 0, 0]
188900 3
[11, 5, 1, 0, 0]
[22, 1, 0, 0]
BUY  5 x  PEARLS  @  9998
189000 3
[11, 5, 1, 0, 0]
[16, 6, 1, 0, 0]
189100 3
BUY  5 x  BANANAS  @  4929
[8, 3, 1, 0, 0]
[22, 1, 0, 0]
189200 8
[8, 3, 1, 0, 0]
[28, 0, 0]
189300 8
[8, 3, 1, 0, 0]
[27, 1, 0, 0]
189400 8
[8, 3, 1, 0, 0]
[28, 0, 0]
189500 8
[8, 3, 1, 0, 0]
[28, 0, 0]
189600 8
[8, 3, 1, 0, 0]
[27, 1, 0, 0]
SELL  -8 x  PEARLS  @  10002
189700 8
[8, 3, 1, 0, 0]
[28, 0, 0]
BUY  1 x  PEARLS  @  9998
189800 8
[8, 3, 1, 0, 0]
[27, 1, 0, 0]
BUY  1 x  PEARLS  @  9998
189900 8
BUY  3 x  BANANAS  @  4930
[7, 2, 0, 0, 0]
[28, 0, 0]
190000 11
[7, 2, 0, 0, 0]
[31, 0, 0]
BUY  1 x  PEARLS  @  9998
190100 11
[7, 2, 0, 0, 0]
[31, 0, 0]
190200 11
[7, 2, 0, 0, 0]
[31, 0, 0]
BUY  1 x  PEARLS  @  9998
190300 11
BUY  4 x  BANANAS  @  4932
[4, 1, 0, 0, 0]
[31, 0, 0]
190400 15
[4, 1, 0, 0, 0]
[35, 0]
190500 15
[4, 1, 0, 0, 0]
[35, 0]
190600 15
[4, 1, 0, 0, 0]
[35, 0]
190700 19
SELL  -1 x  BANANAS  @  4934
[1, 0, 0, 0, 0]
[38, 0]
190800 18
[1, 1, 0, 0, 0]
[38]
190900 18
[1, 1, 0, 0, 0]
[38, 0]
191000 18
[1, 1, 0, 0, 0]
[38, 0]
191100 18
[1, 1, 0, 0, 0]
[38, 0]
191200 18
[1, 1, 0, 0, 0]
[38, 0]
191300 18
[1, 1, 0, 0, 0]
[38, 0]
191400 18
[1, 1, 0, 0, 0]
[38, 0]
191500 18
[1, 1, 0, 0, 0]
[38, 0]
191600 18
[1, 1, 0, 0, 0]
[38, 0]
191700 18
[1, 1, 0, 0, 0]
[38, 0]
191800 18
[1, 1, 0, 0, 0]
[38, 0]
191900 18
SELL  -1 x  BANANAS  @  4933
[1, 1, 0, 0, 0]
[37, 0]
192000 17
[2, 1, 0, 0, 0]
[37, 0]
192100 17
SELL  -1 x  BANANAS  @  4934
[2, 1, 0, 0, 0]
[36, 0]
192200 16
SELL  -1 x  BANANAS  @  4933
[3, 1, 0, 0, 0]
[35, 0]
192300 15
SELL  -1 x  BANANAS  @  4933
[4, 1, 0, 0, 0]
[34, 0]
192400 14
[4, 2, 0, 0, 0]
[34, 0]
192500 14
SELL  -12 x  BANANAS  @  4932
SELL  -1 x  BANANAS  @  4933
[4, 2, 0, 0, 0]
[14, 6, 1, 0, 0]
192600 2
SELL  -1 x  BANANAS  @  4930
[12, 5, 1, 0, 0]
[14, 6, 1, 0, 0]
192700 1
[13, 5, 1, 0, 0]
[14, 6, 1, 0, 0]
192800 1
[13, 5, 1, 0, 0]
[14, 6, 1, 0, 0]
192900 1
[13, 5, 1, 0, 0]
[14, 6, 1, 0, 0]
193000 1
[13, 5, 1, 0, 0]
[14, 6, 1, 0, 0]
BUY  3 x  PEARLS  @  10000
193100 2
[12, 5, 1, 0, 0]
[21, 1, 0, 0]
193200 2
[12, 5, 1, 0, 0]
[15, 6, 1, 0, 0]
193300 2
[12, 5, 1, 0, 0]
[21, 1, 0, 0]
193400 2
[12, 5, 1, 0, 0]
[21, 1, 0, 0]
193500 2
[12, 5, 1, 0, 0]
[21, 1, 0, 0]
193600 2
[12, 5, 1, 0, 0]
[21, 1, 0, 0]
193700 -12
[32, 0, 0]
[6, 2, 0, 0, 0]
193800 -12
[32, 0]
[6, 2, 0, 0, 0]
193900 -12
SELL  -1 x  BANANAS  @  4934
[32, 0]
[5, 2, 0, 0, 0]
194000 -13
SELL  -1 x  BANANAS  @  4934
[33, 0, 0]
[4, 2, 0, 0, 0]
194100 -14
[34, 0, 0]
[4, 2, 0, 0, 0]
194200 -14
BUY  1 x  BANANAS  @  4930
[33, 0, 0]
[4, 2, 0, 0, 0]
SELL  -1 x  PEARLS  @  10002
194300 -13
BUY  1 x  BANANAS  @  4930
[32, 0, 0]
[5, 2, 0, 0, 0]
194400 -12
[32, 0, 0]
[6, 2, 0, 0, 0]
SELL  -7 x  PEARLS  @  10002
194500 -12
[32, 0, 0]
[6, 2, 0, 0, 0]
194600 -12
[32, 0, 0]
[6, 2, 0, 0, 0]
194700 -12
[32, 0, 0]
[6, 2, 0, 0, 0]
194800 -12
[32, 0, 0]
[6, 2, 0, 0, 0]
194900 -11
[31, 0, 0]
[7, 2, 0, 0, 0]
195000 -11
[31, 0, 0]
[7, 2, 0, 0, 0]
SELL  -1 x  PEARLS  @  10002
195100 -11
[31, 0, 0]
[7, 2, 0, 0, 0]
195200 -11
[31, 0, 0]
[7, 2, 0, 0, 0]
BUY  9 x  PEARLS  @  9998
195300 -11
[31, 0, 0]
[7, 2, 0, 0, 0]
195400 -11
[31, 0, 0]
[7, 2, 0, 0, 0]
195500 -11
[31, 0, 0]
[7, 2, 0, 0, 0]
SELL  -1 x  PEARLS  @  10002
195600 -11
[31, 0, 0]
[7, 2, 0, 0, 0]
195700 -13
[33, 0]
[5, 2, 0, 0, 0]
195800 -13
[33, 0, 0]
[5, 2, 0, 0, 0]
195900 -13
[33, 0]
[5, 2, 0, 0, 0]
196000 -13
BUY  5 x  BANANAS  @  4931
[27, 1, 0, 0]
[5, 2, 0, 0, 0]
196100 -8
[28, 0, 0]
[8, 3, 1, 0, 0]
196200 -8
[28, 0, 0]
[8, 3, 1, 0, 0]
196300 -4
[23, 1, 0, 0]
[11, 4, 1, 0, 0]
196400 -4
[17, 6, 1, 0, 0]
[11, 4, 1, 0, 0]
BUY  6 x  PEARLS  @  10000
196500 -4
[23, 1, 0, 0]
[11, 4, 1, 0, 0]
196600 -4
[23, 1, 0, 0]
[11, 4, 1, 0, 0]
196700 -4
SELL  -1 x  BANANAS  @  4933
[23, 1, 0, 0]
[10, 4, 1, 0, 0]
196800 -5
[24, 1, 0, 0]
[10, 4, 1, 0, 0]
196900 -5
[24, 1, 0, 0]
[10, 4, 1, 0, 0]
197000 -5
[24, 1, 0, 0]
[10, 4, 1, 0, 0]
BUY  1 x  PEARLS  @  9998
197100 -5
[24, 1, 0, 0]
[10, 4, 1, 0, 0]
SELL  -1 x  PEARLS  @  10002
197200 -5
BUY  2 x  BANANAS  @  4932
[16, 6, 1, 0, 0]
[10, 4, 1, 0, 0]
197300 -3
[16, 6, 1, 0, 0]
[11, 5, 1, 0, 0]
197400 -3
[22, 1, 0, 0]
[11, 5, 1, 0, 0]
BUY  1 x  PEARLS  @  9998
197500 -3
[16, 6, 1, 0, 0]
[11, 5, 1, 0, 0]
197600 -3
[22, 1, 0, 0]
[11, 5, 1, 0, 0]
197700 -3
BUY  1 x  BANANAS  @  4930
[21, 1, 0, 0]
[11, 5, 1, 0, 0]
197800 -1
[14, 6, 1, 0, 0]
[13, 5, 1, 0, 0]
197900 -1
SELL  -10 x  BANANAS  @  4934
SELL  -1 x  BANANAS  @  4935
[21, 0]
[6, 2, 0, 0, 0]
198000 -11
[31, 0, 0]
[7, 2, 0, 0, 0]
198100 -11
[31, 0, 0]
[7, 2, 0, 0, 0]
198200 -11
[31, 0, 0]
[7, 2, 0, 0, 0]
198300 -11
BUY  1 x  BANANAS  @  4931
[30, 0, 0]
[7, 2, 0, 0, 0]
198400 -10
[30, 0, 0]
[7, 3, 0, 0, 0]
198500 -10
[30, 0, 0]
[7, 3, 0, 0, 0]
198600 -10
[28, 2, 0, 0]
[7, 3, 0, 0, 0]
198700 -10
[28, 2, 0, 0]
[7, 3, 0, 0, 0]
198800 -10
[30, 0, 0]
[7, 3, 0, 0, 0]
198900 -10
[30, 0, 0]
[7, 3, 0, 0, 0]
199000 -10
[30, 0, 0]
[7, 3, 0, 0, 0]
199100 -10
[30, 0, 0]
[7, 3, 0, 0, 0]
199200 -10
[28, 2, 0, 0]
[7, 3, 0, 0, 0]
199300 -10
SELL  -1 x  BANANAS  @  4935
[30, 0, 0]
[7, 2, 0, 0, 0]
199400 -11
[31, 0, 0]
[7, 2, 0, 0, 0]
SELL  -4 x  PEARLS  @  10002
199500 -11
[31, 0, 0]
[7, 2, 0, 0, 0]
BUY  2 x  PEARLS  @  9998
199600 -11
[31, 0, 0]
[7, 2, 0, 0, 0]
199700 -11
[31, 0, 0]
[7, 2, 0, 0, 0]
SELL  -1 x  PEARLS  @  10002
199800 -11
[31, 0, 0]
[7, 2, 0, 0, 0]
199900 -11
BUY  3 x  BANANAS  @  4932
[28, 0, 0]
[7, 2, 0, 0, 0]


Submission logs:
2023-03-12T20:53:01Z Orders for product BANANAS exceeded limit of 20 set