Sandbox logs:
0 
100 
200 
300 BUY 3x PEARLS @  9998
400 
500 SELL 1x PEARLS @  10002
600 
700 
800 
900 
1000 
1100 
1200 
1300 BUY 4x BANANAS @  4946
1400 
1500 SELL 1x PEARLS @  10002
1600 
1700 BUY 2x BANANAS @  4948
1800 
1900 
2000 
2100 
2200 
2300 
2400 SELL 3x BANANAS @  4951
2500 BUY 5x BANANAS @  4948
2600 
2700 
2800 SELL 1x BANANAS @  4952
2900 SELL 10x PEARLS @  10002
3000 
3100 
3200 
3300 
3400 
3500 
3600 BUY 1x PEARLS @  9998
3700 
3800 SELL 1x PEARLS @  10002
3900 
4000 SELL 9x PEARLS @  10002
4100 
4200 BUY 12x BANANAS @  4947
4300 
4400 BUY 1x PEARLS @  9998
4500 
4600 
4700 BUY 8x BANANAS @  4947
4800 SELL 1x BANANAS @  4951
SELL 3x PEARLS @  10002
4900 BUY 4x PEARLS @  9998
5000 
5100 BUY 2x BANANAS @  4948
SELL 1x PEARLS @  10002
5200 
5300 
5400 
5500 
5600 SELL 1x PEARLS @  10002
5700 
5800 SELL 1x BANANAS @  4953
SELL 1x PEARLS @  10002
5900 
6000 BUY 4x PEARLS @  9998
6100 
6200 BUY 13x BANANAS @  4948
6300 BUY 1x BANANAS @  4948
6400 
6500 
6600 
6700 SELL 4x PEARLS @  10002
6800 
6900 SELL 1x BANANAS @  4952
7000 
7100 
7200 
7300 
7400 SELL 1x PEARLS @  10002
7500 
7600 
7700 SELL 1x BANANAS @  4951
7800 SELL 1x BANANAS @  4951
7900 
8000 
8100 
8200 BUY 1x PEARLS @  9998
8300 SELL 1x PEARLS @  10002
8400 
8500 
8600 
8700 BUY 1x BANANAS @  4946
8800 BUY 4x BANANAS @  4947
BUY 12x PEARLS @  9998
8900 SELL 5x PEARLS @  10002
9000 
9100 BUY 3x BANANAS @  4949
9200 
9300 
9400 
9500 
9600 BUY 1x BANANAS @  4946
9700 
9800 
9900 
10000 
10100 
10200 
10300 BUY 4x BANANAS @  4947
10400 
10500 
10600 BUY 2x PEARLS @  9998
10700 
10800 SELL 1x PEARLS @  10002
10900 
11000 
11100 
11200 SELL 1x PEARLS @  10002
11300 
11400 
11500 
11600 
11700 
11800 
11900 
12000 
12100 BUY 4x BANANAS @  4948
12200 
12300 
12400 BUY 1x BANANAS @  4949
12500 BUY 2x BANANAS @  4949
SELL 5x PEARLS @  10002
12600 BUY 31x BANANAS @  4949
12700 
12800 BUY 3x BANANAS @  4948
12900 
13000 
13100 
13200 
13300 
13400 SELL 1x PEARLS @  10002
13500 BUY 9x BANANAS @  4949
13600 
13700 BUY 7x BANANAS @  4949
13800 
13900 BUY 2x BANANAS @  4947
14000 BUY 27x BANANAS @  4949
14100 BUY 24x BANANAS @  4949
14200 BUY 24x BANANAS @  4949
14300 BUY 2x BANANAS @  4949
14400 BUY 23x BANANAS @  4949
14500 BUY 1x BANANAS @  4949
14600 BUY 3x BANANAS @  4947
14700 BUY 26x BANANAS @  4949
14800 BUY 23x BANANAS @  4949
14900 BUY 8x BANANAS @  4947
15000 BUY 1x BANANAS @  4943
15100 BUY 26x BANANAS @  4949
SELL 1x PEARLS @  10002
15200 
15300 BUY 24x BANANAS @  4949
15400 BUY 4x BANANAS @  4947
15500 BUY 20x BANANAS @  4949
15600 
15700 
15800 
15900 
16000 
16100 
16200 BUY 1x BANANAS @  4945
16300 BUY 2x BANANAS @  4949
16400 BUY 1x PEARLS @  9998
16500 
16600 
16700 BUY 1x BANANAS @  4945
SELL 3x PEARLS @  10002
16800 BUY 5x BANANAS @  4949
16900 
17000 
17100 
17200 
17300 BUY 2x BANANAS @  4947
BUY 1x PEARLS @  9998
17400 
17500 SELL 11x BANANAS @  4951
17600 
17700 
17800 
17900 
18000 
18100 
18200 
18300 
18400 
18500 
18600 
18700 SELL 9x PEARLS @  10002
18800 
18900 
19000 
19100 
19200 
19300 
19400 
19500 
19600 
19700 
19800 SELL 4x PEARLS @  10002
19900 
20000 
20100 
20200 
20300 
20400 
20500 
20600 
20700 BUY 1x BANANAS @  4948
20800 SELL 1x BANANAS @  4953
20900 
21000 BUY 3x BANANAS @  4949
21100 
21200 
21300 BUY 1x BANANAS @  4948
21400 
21500 SELL 4x BANANAS @  4952
21600 SELL 2x BANANAS @  4951
SELL 1x PEARLS @  10002
21700 
21800 
21900 
22000 BUY 1x BANANAS @  4948
22100 
22200 
22300 
22400 SELL 2x PEARLS @  10002
22500 SELL 6x PEARLS @  10002
22600 
22700 
22800 BUY 3x PEARLS @  9998
22900 BUY 1x PEARLS @  9998
23000 
23100 
23200 BUY 1x PEARLS @  9998
23300 
23400 
23500 
23600 SELL 3x BANANAS @  4952
23700 
23800 
23900 SELL 1x BANANAS @  4953
24000 
24100 
24200 SELL 1x BANANAS @  4951
24300 SELL 6x PEARLS @  10002
24400 
24500 BUY 2x PEARLS @  9998
24600 
24700 
24800 
24900 
25000 BUY 1x BANANAS @  4949
25100 
25200 
25300 BUY 1x BANANAS @  4948
25400 
25500 
25600 
25700 
25800 
25900 
26000 BUY 7x BANANAS @  4949
26100 
26200 
26300 
26400 SELL 3x PEARLS @  10002
26500 BUY 3x BANANAS @  4949
26600 SELL 3x PEARLS @  10002
26700 
26800 
26900 BUY 1x PEARLS @  9998
27000 
27100 
27200 
27300 
27400 
27500 BUY 1x BANANAS @  4947
27600 BUY 1x PEARLS @  9998
27700 
27800 
27900 BUY 4x PEARLS @  9998
28000 
28100 
28200 
28300 
28400 
28500 SELL 1x BANANAS @  4952
28600 
28700 
28800 
28900 
29000 
29100 SELL 9x BANANAS @  4951
29200 
29300 
29400 SELL 4x BANANAS @  4954
29500 SELL 1x PEARLS @  10002
29600 BUY 1x PEARLS @  9998
29700 
29800 
29900 
30000 
30100 
30200 
30300 
30400 
30500 
30600 
30700 SELL 3x BANANAS @  4953
30800 
30900 
31000 
31100 
31200 
31300 
31400 SELL 2x BANANAS @  4951
31500 SELL 22x BANANAS @  4951
31600 SELL 2x BANANAS @  4952
31700 SELL 29x BANANAS @  4951
BUY 4x PEARLS @  9998
31800 
31900 SELL 9x BANANAS @  4952
32000 SELL 30x BANANAS @  4951
32100 SELL 31x BANANAS @  4951
32200 SELL 26x BANANAS @  4951
32300 
32400 
32500 SELL 1x BANANAS @  4955
32600 
32700 SELL 1x PEARLS @  10002
32800 
32900 
33000 SELL 1x PEARLS @  10002
33100 
33200 
33300 
33400 
33500 
33600 
33700 
33800 SELL 1x PEARLS @  10002
33900 
34000 SELL 1x BANANAS @  4953
SELL 1x PEARLS @  10002
34100 BUY 7x BANANAS @  4949
34200 
34300 
34400 
34500 
34600 
34700 BUY 5x PEARLS @  9998
34800 SELL 1x PEARLS @  10002
34900 
35000 
35100 
35200 
35300 SELL 9x BANANAS @  4951
35400 
35500 SELL 5x PEARLS @  10002
35600 
35700 SELL 1x PEARLS @  10002
35800 
35900 
36000 BUY 1x PEARLS @  9998
36100 BUY 4x PEARLS @  9998
36200 
36300 SELL 21x BANANAS @  4951
BUY 1x PEARLS @  9998
36400 
36500 SELL 1x BANANAS @  4951
36600 SELL 1x BANANAS @  4951
SELL 4x PEARLS @  10002
36700 SELL 11x BANANAS @  4954
SELL 1x PEARLS @  10002
36800 SELL 1x PEARLS @  10002
36900 
37000 SELL 2x BANANAS @  4953
37100 SELL 1x BANANAS @  4955
37200 SELL 3x BANANAS @  4951
37300 SELL 5x PEARLS @  10002
37400 
37500 SELL 1x BANANAS @  4955
SELL 1x PEARLS @  10002
37600 
37700 SELL 1x BANANAS @  4955
37800 
37900 
38000 
38100 
38200 BUY 2x PEARLS @  9998
38300 
38400 BUY 1x BANANAS @  4949
SELL 1x PEARLS @  10002
38500 SELL 1x BANANAS @  4954
SELL 1x PEARLS @  10002
38600 SELL 5x PEARLS @  10002
38700 
38800 
38900 
39000 
39100 
39200 SELL 1x BANANAS @  4955
39300 
39400 
39500 
39600 
39700 
39800 
39900 
40000 SELL 5x BANANAS @  4953
40100 SELL 1x PEARLS @  10002
40200 
40300 
40400 
40500 
40600 BUY 7x PEARLS @  9998
40700 
40800 
40900 
41000 
41100 
41200 BUY 8x PEARLS @  9998
41300 
41400 
41500 
41600 BUY 5x PEARLS @  9998
41700 
41800 
41900 
42000 
42100 
42200 
42300 SELL 1x BANANAS @  4953
42400 BUY 5x PEARLS @  9998
42500 
42600 
42700 
42800 
42900 
43000 SELL 7x PEARLS @  10002
43100 
43200 
43300 
43400 
43500 
43600 
43700 
43800 BUY 1x PEARLS @  9998
43900 
44000 BUY 6x BANANAS @  4948
SELL 4x PEARLS @  10002
44100 
44200 
44300 
44400 
44500 
44600 
44700 BUY 9x BANANAS @  4949
44800 BUY 10x BANANAS @  4949
44900 
45000 
45100 BUY 1x PEARLS @  9998
45200 
45300 BUY 1x BANANAS @  4946
BUY 1x PEARLS @  9998
45400 
45500 
45600 SELL 1x BANANAS @  4951
45700 SELL 4x PEARLS @  10002
45800 
45900 
46000 BUY 5x PEARLS @  9998
46100 BUY 1x BANANAS @  4946
46200 BUY 2x BANANAS @  4946
46300 
46400 
46500 BUY 1x BANANAS @  4945
46600 BUY 2x BANANAS @  4949
46700 
46800 
46900 
47000 BUY 8x BANANAS @  4949
47100 
47200 
47300 
47400 
47500 
47600 
47700 BUY 1x BANANAS @  4949
BUY 1x PEARLS @  9998
47800 BUY 8x BANANAS @  4948
BUY 1x PEARLS @  9998
47900 BUY 21x BANANAS @  4949
48000 BUY 29x BANANAS @  4949
48100 BUY 29x BANANAS @  4949
48200 BUY 26x BANANAS @  4949
48300 BUY 29x BANANAS @  4949
48400 BUY 22x BANANAS @  4949
48500 BUY 25x BANANAS @  4949
48600 BUY 4x BANANAS @  4947
48700 BUY 21x BANANAS @  4948
SELL 2x PEARLS @  10002
48800 BUY 31x BANANAS @  4949
48900 BUY 25x BANANAS @  4948
49000 BUY 29x BANANAS @  4948
49100 BUY 26x BANANAS @  4948
49200 BUY 2x BANANAS @  4946
49300 BUY 29x BANANAS @  4946
49400 BUY 22x BANANAS @  4947
49500 BUY 23x BANANAS @  4947
49600 BUY 22x BANANAS @  4947
49700 BUY 9x BANANAS @  4946
49800 BUY 22x BANANAS @  4948
BUY 1x PEARLS @  9998
49900 BUY 1x BANANAS @  4946
50000 BUY 30x BANANAS @  4947
50100 BUY 2x BANANAS @  4947
50200 BUY 25x BANANAS @  4948
50300 BUY 6x BANANAS @  4946
50400 BUY 30x BANANAS @  4948
SELL 4x PEARLS @  10002
50500 BUY 29x BANANAS @  4948
SELL 4x PEARLS @  10002
50600 BUY 1x BANANAS @  4948
50700 BUY 1x BANANAS @  4943
50800 BUY 6x BANANAS @  4946
BUY 1x PEARLS @  9998
50900 BUY 27x BANANAS @  4948
51000 BUY 24x BANANAS @  4948
51100 BUY 27x BANANAS @  4948
51200 BUY 32x BANANAS @  4947
51300 BUY 25x BANANAS @  4947
51400 BUY 23x BANANAS @  4948
51500 BUY 22x BANANAS @  4948
51600 BUY 2x BANANAS @  4947
51700 BUY 5x BANANAS @  4946
51800 BUY 26x BANANAS @  4948
51900 BUY 6x BANANAS @  4946
52000 BUY 1x BANANAS @  4947
52100 BUY 30x BANANAS @  4947
52200 BUY 3x BANANAS @  4946
52300 BUY 2x BANANAS @  4945
52400 BUY 24x BANANAS @  4947
52500 BUY 31x BANANAS @  4947
52600 BUY 1x BANANAS @  4947
BUY 2x PEARLS @  9998
52700 BUY 29x BANANAS @  4948
BUY 1x PEARLS @  9998
52800 BUY 24x BANANAS @  4948
BUY 1x PEARLS @  9998
52900 BUY 1x BANANAS @  4947
53000 BUY 28x BANANAS @  4948
53100 BUY 1x BANANAS @  4949
53200 BUY 1x PEARLS @  9998
53300 
53400 BUY 1x BANANAS @  4943
53500 BUY 8x BANANAS @  4948
53600 BUY 23x BANANAS @  4949
53700 BUY 10x BANANAS @  4948
53800 BUY 6x BANANAS @  4948
BUY 13x PEARLS @  9998
53900 
54000 
54100 
54200 
54300 
54400 
54500 BUY 1x BANANAS @  4945
54600 
54700 
54800 
54900 BUY 29x BANANAS @  4949
55000 BUY 27x BANANAS @  4949
BUY 5x PEARLS @  9998
55100 SELL 9x PEARLS @  10002
55200 
55300 BUY 7x BANANAS @  4948
55400 
55500 BUY 26x BANANAS @  4949
55600 BUY 28x BANANAS @  4949
55700 BUY 7x BANANAS @  4948
55800 
55900 BUY 11x PEARLS @  9998
56000 
56100 
56200 
56300 BUY 8x BANANAS @  4948
56400 
56500 
56600 BUY 27x BANANAS @  4949
56700 
56800 
56900 
57000 BUY 25x BANANAS @  4949
57100 BUY 2x BANANAS @  4949
57200 BUY 2x BANANAS @  4946
57300 SELL 1x PEARLS @  10002
57400 BUY 2x BANANAS @  4948
57500 BUY 1x BANANAS @  4949
57600 BUY 1x PEARLS @  9998
57700 BUY 2x BANANAS @  4949
57800 
57900 SELL 1x PEARLS @  10002
58000 
58100 
58200 
58300 BUY 1x PEARLS @  9998
58400 
58500 BUY 1x PEARLS @  9998
58600 
58700 
58800 
58900 BUY 1x PEARLS @  9998
59000 
59100 BUY 12x BANANAS @  4945
BUY 2x PEARLS @  9998
59200 
59300 BUY 13x PEARLS @  9998
59400 BUY 3x BANANAS @  4949
59500 
59600 
59700 
59800 
59900 SELL 1x PEARLS @  10002
60000 
60100 BUY 1x PEARLS @  9998
60200 
60300 
60400 
60500 
60600 
60700 
60800 
60900 
61000 
61100 BUY 2x BANANAS @  4945
61200 
61300 
61400 SELL 2x PEARLS @  10002
61500 SELL 6x PEARLS @  10002
61600 
61700 
61800 
61900 BUY 1x PEARLS @  9998
62000 
62100 
62200 
62300 
62400 
62500 
62600 
62700 BUY 4x BANANAS @  4949
62800 
62900 
63000 
63100 BUY 1x BANANAS @  4948
63200 
63300 
63400 BUY 9x BANANAS @  4948
63500 BUY 3x BANANAS @  4948
BUY 1x PEARLS @  9998
63600 BUY 6x BANANAS @  4948
63700 BUY 2x BANANAS @  4949
63800 BUY 28x BANANAS @  4949
63900 BUY 3x BANANAS @  4947
64000 BUY 1x BANANAS @  4948
64100 BUY 29x BANANAS @  4948
64200 BUY 1x BANANAS @  4946
64300 BUY 29x BANANAS @  4948
64400 BUY 26x BANANAS @  4947
64500 BUY 1x BANANAS @  4947
64600 BUY 24x BANANAS @  4948
64700 BUY 1x BANANAS @  4946
64800 BUY 4x BANANAS @  4945
64900 BUY 1x BANANAS @  4941
65000 BUY 3x BANANAS @  4946
65100 BUY 31x BANANAS @  4947
65200 BUY 25x BANANAS @  4947
SELL 5x PEARLS @  10002
65300 BUY 2x BANANAS @  4946
SELL 1x PEARLS @  10002
65400 BUY 25x BANANAS @  4947
BUY 1x PEARLS @  9998
65500 BUY 6x BANANAS @  4945
65600 BUY 28x BANANAS @  4947
65700 BUY 21x BANANAS @  4947
65800 BUY 29x BANANAS @  4947
65900 BUY 1x BANANAS @  4946
66000 BUY 21x BANANAS @  4947
BUY 2x PEARLS @  9998
66100 BUY 22x BANANAS @  4947
66200 BUY 28x BANANAS @  4947
66300 BUY 25x BANANAS @  4947
BUY 1x PEARLS @  9998
66400 BUY 6x BANANAS @  4945
66500 BUY 1x BANANAS @  4941
66600 BUY 8x BANANAS @  4944
66700 BUY 30x BANANAS @  4946
66800 BUY 2x BANANAS @  4945
BUY 1x PEARLS @  9998
66900 BUY 29x BANANAS @  4945
67000 BUY 5x BANANAS @  4939
SELL 4x PEARLS @  10002
67100 BUY 4x BANANAS @  4943
67200 BUY 30x BANANAS @  4943
67300 BUY 3x BANANAS @  4942
67400 BUY 30x BANANAS @  4943
BUY 5x PEARLS @  9998
67500 BUY 29x BANANAS @  4944
67600 BUY 31x BANANAS @  4944
67700 BUY 21x BANANAS @  4944
SELL 1x PEARLS @  10002
67800 BUY 2x BANANAS @  4944
BUY 1x PEARLS @  9998
67900 BUY 4x BANANAS @  4942
68000 BUY 30x BANANAS @  4945
68100 BUY 26x BANANAS @  4944
68200 BUY 5x BANANAS @  4941
68300 BUY 27x BANANAS @  4944
68400 BUY 28x BANANAS @  4944
68500 BUY 1x BANANAS @  4944
68600 BUY 10x BANANAS @  4943
68700 BUY 2x BANANAS @  4944
SELL 1x PEARLS @  10002
68800 BUY 23x BANANAS @  4945
68900 BUY 21x BANANAS @  4944
69000 BUY 1x BANANAS @  4944
69100 BUY 21x BANANAS @  4945
69200 BUY 6x BANANAS @  4943
69300 BUY 24x BANANAS @  4945
69400 BUY 28x BANANAS @  4945
SELL 4x PEARLS @  10002
69500 BUY 27x BANANAS @  4945
SELL 2x PEARLS @  10002
69600 BUY 4x BANANAS @  4943
69700 BUY 29x BANANAS @  4944
69800 BUY 28x BANANAS @  4944
69900 BUY 26x BANANAS @  4944
70000 BUY 29x BANANAS @  4944
70100 BUY 6x BANANAS @  4942
70200 BUY 26x BANANAS @  4943
70300 BUY 25x BANANAS @  4942
70400 BUY 9x BANANAS @  4940
70500 BUY 24x BANANAS @  4943
70600 BUY 29x BANANAS @  4942
70700 BUY 2x BANANAS @  4940
70800 BUY 32x BANANAS @  4942
BUY 1x PEARLS @  9998
70900 BUY 29x BANANAS @  4941
71000 BUY 31x BANANAS @  4941
71100 BUY 7x BANANAS @  4935
71200 BUY 26x BANANAS @  4941
71300 BUY 20x BANANAS @  4942
71400 BUY 30x BANANAS @  4941
71500 BUY 1x BANANAS @  4942
71600 BUY 22x BANANAS @  4943
71700 BUY 28x BANANAS @  4943
71800 BUY 22x BANANAS @  4943
71900 BUY 5x BANANAS @  4939
72000 BUY 8x BANANAS @  4942
72100 BUY 3x BANANAS @  4938
72200 BUY 21x BANANAS @  4943
72300 BUY 30x BANANAS @  4942
72400 BUY 24x BANANAS @  4942
72500 BUY 30x BANANAS @  4942
72600 BUY 24x BANANAS @  4942
72700 BUY 29x BANANAS @  4943
72800 BUY 30x BANANAS @  4943
72900 BUY 24x BANANAS @  4943
73000 BUY 2x BANANAS @  4943
73100 BUY 5x BANANAS @  4942
73200 BUY 31x BANANAS @  4944
73300 BUY 24x BANANAS @  4944
73400 BUY 6x BANANAS @  4943
BUY 1x PEARLS @  9998
73500 BUY 21x BANANAS @  4945
BUY 1x PEARLS @  9998
73600 BUY 21x BANANAS @  4944
SELL 1x PEARLS @  10002
73700 BUY 20x BANANAS @  4944
BUY 10x PEARLS @  9998
73800 BUY 27x BANANAS @  4944
SELL 1x PEARLS @  10002
73900 BUY 2x BANANAS @  4944
74000 BUY 3x BANANAS @  4941
74100 BUY 2x BANANAS @  4944
74200 BUY 29x BANANAS @  4945
74300 BUY 24x BANANAS @  4944
74400 BUY 1x BANANAS @  4939
74500 BUY 27x BANANAS @  4945
74600 BUY 29x BANANAS @  4944
74700 BUY 22x BANANAS @  4944
BUY 1x PEARLS @  9998
74800 BUY 24x BANANAS @  4944
BUY 2x PEARLS @  9998
74900 BUY 3x BANANAS @  4942
BUY 1x PEARLS @  9998
75000 BUY 25x BANANAS @  4943
75100 BUY 23x BANANAS @  4943
SELL 1x PEARLS @  10002
75200 BUY 29x BANANAS @  4943
75300 BUY 1x BANANAS @  4937
75400 BUY 2x BANANAS @  4943
75500 BUY 24x BANANAS @  4943
75600 BUY 9x BANANAS @  4941
75700 BUY 1x BANANAS @  4941
75800 BUY 2x BANANAS @  4942
75900 BUY 1x BANANAS @  4939
76000 BUY 9x BANANAS @  4941
76100 BUY 26x BANANAS @  4943
76200 BUY 20x BANANAS @  4943
76300 BUY 22x BANANAS @  4943
BUY 12x PEARLS @  9998
76400 BUY 28x BANANAS @  4942
76500 BUY 1x BANANAS @  4941
76600 BUY 30x BANANAS @  4941
76700 BUY 1x BANANAS @  4941
76800 BUY 27x BANANAS @  4942
76900 BUY 23x BANANAS @  4942
77000 BUY 2x BANANAS @  4941
77100 BUY 30x BANANAS @  4942
77200 BUY 30x BANANAS @  4941
77300 BUY 1x BANANAS @  4941
77400 BUY 22x BANANAS @  4941
77500 BUY 2x BANANAS @  4941
BUY 3x PEARLS @  9998
77600 BUY 1x BANANAS @  4941
77700 BUY 28x BANANAS @  4941
77800 BUY 29x BANANAS @  4941
77900 BUY 26x BANANAS @  4942
BUY 1x PEARLS @  9998
78000 BUY 28x BANANAS @  4942
78100 BUY 31x BANANAS @  4942
SELL 1x PEARLS @  10002
78200 BUY 28x BANANAS @  4942
78300 BUY 28x BANANAS @  4942
78400 BUY 28x BANANAS @  4942
78500 BUY 21x BANANAS @  4941
78600 BUY 2x BANANAS @  4941
78700 BUY 21x BANANAS @  4941
78800 BUY 29x BANANAS @  4941
SELL 8x PEARLS @  10002
78900 BUY 1x BANANAS @  4941
79000 BUY 1x BANANAS @  4941
79100 BUY 1x BANANAS @  4935
79200 BUY 3x BANANAS @  4935
79300 BUY 23x BANANAS @  4941
79400 BUY 22x BANANAS @  4941
79500 BUY 2x BANANAS @  4940
79600 BUY 24x BANANAS @  4941
79700 BUY 3x BANANAS @  4937
SELL 12x PEARLS @  10002
79800 BUY 26x BANANAS @  4941
79900 BUY 22x BANANAS @  4941
80000 BUY 25x BANANAS @  4940
80100 BUY 5x BANANAS @  4939
80200 BUY 22x BANANAS @  4941
80300 BUY 23x BANANAS @  4941
80400 BUY 22x BANANAS @  4940
BUY 1x PEARLS @  9998
80500 BUY 27x BANANAS @  4940
SELL 1x PEARLS @  10002
80600 BUY 21x BANANAS @  4940
BUY 1x PEARLS @  9998
80700 BUY 31x BANANAS @  4940
BUY 1x PEARLS @  9998
80800 BUY 30x BANANAS @  4940
80900 BUY 26x BANANAS @  4941
81000 BUY 22x BANANAS @  4941
81100 BUY 26x BANANAS @  4941
81200 BUY 23x BANANAS @  4941
81300 BUY 29x BANANAS @  4942
81400 BUY 31x BANANAS @  4942
81500 BUY 30x BANANAS @  4942
SELL 1x PEARLS @  10002
81600 BUY 25x BANANAS @  4942
81700 BUY 26x BANANAS @  4942
81800 BUY 28x BANANAS @  4943
81900 BUY 24x BANANAS @  4942
82000 BUY 24x BANANAS @  4942
82100 BUY 2x BANANAS @  4941
82200 BUY 24x BANANAS @  4942
82300 BUY 30x BANANAS @  4943
82400 BUY 25x BANANAS @  4943
82500 BUY 26x BANANAS @  4943
82600 BUY 26x BANANAS @  4942
SELL 1x PEARLS @  10002
82700 BUY 1x BANANAS @  4936
82800 BUY 23x BANANAS @  4942
82900 BUY 2x BANANAS @  4939
83000 BUY 23x BANANAS @  4941
83100 BUY 28x BANANAS @  4941
BUY 1x PEARLS @  9998
83200 BUY 30x BANANAS @  4940
83300 BUY 2x BANANAS @  4939
83400 BUY 27x BANANAS @  4941
SELL 1x PEARLS @  10002
83500 BUY 7x BANANAS @  4939
83600 BUY 27x BANANAS @  4941
83700 BUY 29x BANANAS @  4941
SELL 1x PEARLS @  10002
83800 BUY 24x BANANAS @  4941
83900 BUY 1x BANANAS @  4939
84000 BUY 22x BANANAS @  4941
84100 BUY 1x BANANAS @  4940
SELL 1x PEARLS @  10002
84200 BUY 3x BANANAS @  4935
84300 BUY 2x BANANAS @  4940
84400 BUY 6x BANANAS @  4939
84500 BUY 8x BANANAS @  4939
84600 BUY 21x BANANAS @  4941
84700 BUY 2x BANANAS @  4941
84800 BUY 1x BANANAS @  4941
SELL 1x PEARLS @  10002
84900 BUY 1x BANANAS @  4940
85000 BUY 29x BANANAS @  4941
85100 BUY 8x BANANAS @  4939
85200 BUY 9x BANANAS @  4938
85300 BUY 4x BANANAS @  4938
85400 BUY 29x BANANAS @  4940
85500 BUY 32x BANANAS @  4940
85600 BUY 7x BANANAS @  4939
85700 BUY 3x BANANAS @  4935
85800 BUY 22x BANANAS @  4940
SELL 1x PEARLS @  10002
85900 BUY 21x BANANAS @  4939
86000 BUY 21x BANANAS @  4939
86100 BUY 22x BANANAS @  4939
86200 BUY 22x BANANAS @  4939
BUY 2x PEARLS @  9998
86300 BUY 2x BANANAS @  4939
86400 BUY 23x BANANAS @  4940
86500 BUY 30x BANANAS @  4939
86600 BUY 27x BANANAS @  4939
86700 BUY 26x BANANAS @  4939
86800 BUY 21x BANANAS @  4938
BUY 2x PEARLS @  9998
86900 BUY 32x BANANAS @  4938
87000 BUY 10x BANANAS @  4937
87100 BUY 32x BANANAS @  4939
BUY 1x PEARLS @  9998
87200 BUY 27x BANANAS @  4939
87300 BUY 31x BANANAS @  4939
87400 BUY 30x BANANAS @  4939
87500 BUY 22x BANANAS @  4939
87600 BUY 26x BANANAS @  4939
87700 BUY 3x BANANAS @  4935
87800 BUY 2x BANANAS @  4938
87900 BUY 22x BANANAS @  4939
88000 BUY 28x BANANAS @  4938
88100 BUY 1x BANANAS @  4938
88200 BUY 24x BANANAS @  4939
88300 BUY 29x BANANAS @  4939
88400 BUY 9x BANANAS @  4937
88500 BUY 24x BANANAS @  4939
SELL 1x PEARLS @  10002
88600 BUY 22x BANANAS @  4939
SELL 1x PEARLS @  10002
88700 BUY 28x BANANAS @  4939
88800 BUY 30x BANANAS @  4939
88900 BUY 2x BANANAS @  4939
SELL 4x PEARLS @  10002
89000 BUY 28x BANANAS @  4940
89100 BUY 24x BANANAS @  4940
89200 BUY 25x BANANAS @  4940
89300 BUY 28x BANANAS @  4940
89400 BUY 23x BANANAS @  4940
89500 BUY 28x BANANAS @  4940
89600 BUY 26x BANANAS @  4940
89700 BUY 5x BANANAS @  4938
89800 BUY 1x BANANAS @  4940
89900 BUY 2x BANANAS @  4940
90000 BUY 29x BANANAS @  4941
90100 BUY 22x BANANAS @  4940
90200 BUY 24x BANANAS @  4940
90300 BUY 28x BANANAS @  4940
90400 BUY 3x BANANAS @  4934
90500 BUY 2x BANANAS @  4939
90600 BUY 24x BANANAS @  4940
90700 BUY 6x BANANAS @  4938
BUY 4x PEARLS @  9998
90800 BUY 27x BANANAS @  4940
90900 BUY 8x BANANAS @  4938
91000 BUY 29x BANANAS @  4940
91100 BUY 29x BANANAS @  4940
91200 BUY 24x BANANAS @  4939
91300 BUY 30x BANANAS @  4939
BUY 2x PEARLS @  9998
91400 BUY 1x BANANAS @  4933
SELL 1x PEARLS @  10002
91500 BUY 30x BANANAS @  4939
91600 BUY 22x BANANAS @  4940
BUY 1x PEARLS @  9998
91700 BUY 31x BANANAS @  4939
91800 BUY 2x BANANAS @  4934
BUY 3x PEARLS @  9998
91900 BUY 24x BANANAS @  4939
92000 BUY 26x BANANAS @  4939
92100 BUY 23x BANANAS @  4939
92200 BUY 26x BANANAS @  4940
92300 BUY 27x BANANAS @  4940
SELL 1x PEARLS @  10002
92400 BUY 22x BANANAS @  4939
92500 BUY 9x BANANAS @  4938
92600 BUY 26x BANANAS @  4939
92700 BUY 21x BANANAS @  4939
92800 BUY 20x BANANAS @  4939
92900 BUY 1x BANANAS @  4937
93000 BUY 3x BANANAS @  4937
93100 BUY 28x BANANAS @  4938
93200 BUY 30x BANANAS @  4939
SELL 3x PEARLS @  10002
93300 BUY 9x BANANAS @  4937
93400 BUY 30x BANANAS @  4939
93500 BUY 6x BANANAS @  4937
93600 BUY 1x BANANAS @  4939
93700 BUY 2x BANANAS @  4939
93800 BUY 26x BANANAS @  4939
93900 BUY 1x BANANAS @  4939
SELL 1x PEARLS @  10002
94000 BUY 21x BANANAS @  4940
94100 BUY 27x BANANAS @  4940
94200 BUY 23x BANANAS @  4939
94300 BUY 9x BANANAS @  4937
94400 BUY 2x BANANAS @  4938
94500 BUY 20x BANANAS @  4938
94600 BUY 25x BANANAS @  4938
94700 BUY 20x BANANAS @  4938
94800 BUY 24x BANANAS @  4937
94900 BUY 30x BANANAS @  4937
SELL 1x PEARLS @  10002
95000 BUY 28x BANANAS @  4938
95100 BUY 1x BANANAS @  4932
BUY 1x PEARLS @  9998
95200 BUY 22x BANANAS @  4937
95300 BUY 23x BANANAS @  4937
95400 BUY 31x BANANAS @  4937
95500 BUY 28x BANANAS @  4937
95600 BUY 8x BANANAS @  4932
95700 BUY 26x BANANAS @  4937
BUY 1x PEARLS @  9998
95800 BUY 28x BANANAS @  4937
BUY 1x PEARLS @  9998
95900 BUY 25x BANANAS @  4937
BUY 1x PEARLS @  9998
96000 BUY 30x BANANAS @  4937
96100 BUY 4x BANANAS @  4932
96200 BUY 22x BANANAS @  4938
96300 BUY 22x BANANAS @  4938
SELL 1x PEARLS @  10002
96400 BUY 32x BANANAS @  4938
96500 BUY 30x BANANAS @  4939
96600 BUY 20x BANANAS @  4939
SELL 1x PEARLS @  10002
96700 BUY 1x BANANAS @  4938
96800 BUY 26x BANANAS @  4938
96900 BUY 28x BANANAS @  4938
97000 BUY 22x BANANAS @  4938
97100 BUY 2x BANANAS @  4938
97200 BUY 8x BANANAS @  4937
97300 BUY 28x BANANAS @  4938
97400 BUY 2x BANANAS @  4938
97500 BUY 24x BANANAS @  4939
97600 BUY 26x BANANAS @  4938
97700 BUY 27x BANANAS @  4938
97800 BUY 24x BANANAS @  4939
97900 BUY 28x BANANAS @  4938
98000 BUY 22x BANANAS @  4938
BUY 1x PEARLS @  9998
98100 BUY 2x BANANAS @  4938
98200 BUY 1x BANANAS @  4938
BUY 5x PEARLS @  9998
98300 BUY 1x BANANAS @  4938
98400 BUY 23x BANANAS @  4939
98500 BUY 2x BANANAS @  4934
98600 BUY 31x BANANAS @  4939
SELL 4x PEARLS @  10002
98700 BUY 2x BANANAS @  4938
98800 BUY 21x BANANAS @  4939
BUY 1x PEARLS @  9998
98900 BUY 1x BANANAS @  4938
99000 
99100 BUY 28x BANANAS @  4938
99200 BUY 24x BANANAS @  4938
BUY 3x PEARLS @  9998
99300 BUY 8x BANANAS @  4937
99400 BUY 27x BANANAS @  4939
BUY 5x PEARLS @  9998
99500 BUY 1x BANANAS @  4938
99600 BUY 28x BANANAS @  4939
99700 BUY 29x BANANAS @  4938
SELL 1x PEARLS @  10002
99800 BUY 1x BANANAS @  4938
99900 BUY 26x BANANAS @  4938
100000 BUY 22x BANANAS @  4938
100100 BUY 1x BANANAS @  4932
100200 BUY 30x BANANAS @  4938
100300 BUY 28x BANANAS @  4938
100400 BUY 25x BANANAS @  4938
BUY 9x PEARLS @  9998
100500 BUY 27x BANANAS @  4937
100600 BUY 2x BANANAS @  4937
BUY 1x PEARLS @  9998
100700 BUY 30x BANANAS @  4938
100800 BUY 2x BANANAS @  4933
100900 BUY 1x BANANAS @  4935
101000 BUY 22x BANANAS @  4937
101100 BUY 27x BANANAS @  4938
101200 BUY 28x BANANAS @  4937
101300 BUY 20x BANANAS @  4937
101400 BUY 21x BANANAS @  4937
BUY 2x PEARLS @  9998
101500 BUY 21x BANANAS @  4937
101600 BUY 4x BANANAS @  4936
101700 BUY 1x BANANAS @  4932
SELL 1x PEARLS @  10002
101800 BUY 1x BANANAS @  4937
101900 BUY 2x BANANAS @  4938
102000 BUY 1x BANANAS @  4938
102100 BUY 10x BANANAS @  4936
102200 BUY 1x BANANAS @  4938
102300 BUY 28x BANANAS @  4940
102400 BUY 1x BANANAS @  4939
102500 BUY 1x BANANAS @  4939
102600 BUY 28x BANANAS @  4939
102700 BUY 21x BANANAS @  4939
102800 BUY 3x BANANAS @  4936
102900 BUY 4x BANANAS @  4938
103000 BUY 27x BANANAS @  4940
103100 BUY 22x BANANAS @  4940
103200 BUY 30x BANANAS @  4939
103300 BUY 22x BANANAS @  4938
103400 BUY 27x BANANAS @  4938
103500 BUY 27x BANANAS @  4938
103600 BUY 7x BANANAS @  4936
BUY 4x PEARLS @  9998
103700 BUY 8x BANANAS @  4936
BUY 1x PEARLS @  9998
103800 BUY 2x BANANAS @  4937
103900 BUY 28x BANANAS @  4938
104000 BUY 22x BANANAS @  4938
BUY 2x PEARLS @  9998
104100 BUY 31x BANANAS @  4937
104200 BUY 31x BANANAS @  4937
104300 BUY 21x BANANAS @  4937
104400 BUY 2x BANANAS @  4934
104500 BUY 5x BANANAS @  4931
104600 BUY 26x BANANAS @  4936
104700 BUY 30x BANANAS @  4936
104800 BUY 21x BANANAS @  4935
104900 BUY 24x BANANAS @  4935
105000 BUY 21x BANANAS @  4935
105100 BUY 22x BANANAS @  4935
SELL 1x PEARLS @  10002
105200 BUY 30x BANANAS @  4935
105300 BUY 31x BANANAS @  4935
105400 BUY 2x BANANAS @  4935
105500 BUY 5x BANANAS @  4931
105600 BUY 28x BANANAS @  4936
105700 BUY 2x BANANAS @  4933
105800 BUY 32x BANANAS @  4935
105900 BUY 23x BANANAS @  4935
SELL 1x PEARLS @  10002
106000 BUY 28x BANANAS @  4935
106100 BUY 8x BANANAS @  4933
106200 BUY 29x BANANAS @  4936
106300 BUY 1x BANANAS @  4929
106400 BUY 27x BANANAS @  4935
106500 BUY 25x BANANAS @  4935
106600 BUY 2x BANANAS @  4933
106700 BUY 31x BANANAS @  4935
106800 BUY 27x BANANAS @  4935
106900 BUY 23x BANANAS @  4936
107000 BUY 30x BANANAS @  4936
107100 BUY 1x BANANAS @  4935
SELL 4x PEARLS @  10002
107200 BUY 23x BANANAS @  4936
107300 BUY 23x BANANAS @  4935
107400 BUY 29x BANANAS @  4935
SELL 10x PEARLS @  10002
107500 BUY 27x BANANAS @  4935
107600 BUY 3x BANANAS @  4933
107700 BUY 21x BANANAS @  4935
107800 BUY 31x BANANAS @  4935
107900 BUY 25x BANANAS @  4935
108000 BUY 23x BANANAS @  4935
108100 BUY 30x BANANAS @  4935
108200 BUY 25x BANANAS @  4935
108300 BUY 27x BANANAS @  4935
SELL 9x PEARLS @  10002
108400 BUY 20x BANANAS @  4935
108500 BUY 30x BANANAS @  4935
108600 BUY 1x BANANAS @  4929
BUY 1x PEARLS @  9998
108700 BUY 27x BANANAS @  4935
108800 BUY 26x BANANAS @  4935
108900 BUY 1x BANANAS @  4933
109000 BUY 24x BANANAS @  4935
109100 BUY 10x BANANAS @  4934
109200 BUY 25x BANANAS @  4936
109300 BUY 1x BANANAS @  4935
SELL 1x PEARLS @  10002
109400 BUY 4x BANANAS @  4932
109500 BUY 30x BANANAS @  4936
109600 BUY 21x BANANAS @  4936
109700 BUY 28x BANANAS @  4936
109800 BUY 27x BANANAS @  4935
109900 BUY 29x BANANAS @  4935
110000 BUY 25x BANANAS @  4935
110100 BUY 25x BANANAS @  4935
110200 BUY 1x BANANAS @  4929
110300 BUY 5x BANANAS @  4934
110400 BUY 26x BANANAS @  4936
110500 BUY 21x BANANAS @  4936
110600 BUY 27x BANANAS @  4935
BUY 1x PEARLS @  9998
110700 BUY 25x BANANAS @  4935
SELL 1x PEARLS @  10002
110800 BUY 2x BANANAS @  4935
110900 BUY 2x BANANAS @  4933
111000 BUY 26x BANANAS @  4936
111100 BUY 5x BANANAS @  4930
111200 BUY 1x BANANAS @  4934
111300 BUY 1x BANANAS @  4929
111400 BUY 21x BANANAS @  4935
BUY 1x PEARLS @  9998
111500 BUY 24x BANANAS @  4935
SELL 5x PEARLS @  10002
111600 BUY 1x BANANAS @  4933
111700 BUY 20x BANANAS @  4935
111800 BUY 25x BANANAS @  4936
111900 BUY 24x BANANAS @  4936
112000 BUY 1x BANANAS @  4936
112100 BUY 25x BANANAS @  4936
112200 BUY 20x BANANAS @  4936
112300 BUY 27x BANANAS @  4936
112400 BUY 28x BANANAS @  4935
112500 BUY 3x BANANAS @  4930
112600 BUY 29x BANANAS @  4935
112700 BUY 1x BANANAS @  4931
112800 BUY 5x BANANAS @  4933
112900 BUY 25x BANANAS @  4934
113000 BUY 30x BANANAS @  4935
113100 BUY 9x BANANAS @  4933
113200 BUY 25x BANANAS @  4935
113300 BUY 2x BANANAS @  4933
113400 BUY 29x BANANAS @  4935
SELL 1x PEARLS @  10002
113500 BUY 29x BANANAS @  4935
113600 BUY 3x BANANAS @  4933
113700 BUY 8x BANANAS @  4933
113800 BUY 25x BANANAS @  4935
113900 BUY 1x BANANAS @  4932
114000 BUY 27x BANANAS @  4933
114100 BUY 30x BANANAS @  4934
114200 BUY 31x BANANAS @  4934
114300 BUY 21x BANANAS @  4934
114400 BUY 27x BANANAS @  4933
114500 BUY 1x BANANAS @  4927
114600 BUY 1x BANANAS @  4932
114700 BUY 30x BANANAS @  4933
114800 BUY 21x BANANAS @  4933
114900 BUY 3x BANANAS @  4930
115000 BUY 4x BANANAS @  4930
115100 BUY 2x BANANAS @  4931
115200 BUY 28x BANANAS @  4932
115300 BUY 30x BANANAS @  4932
SELL 11x PEARLS @  10002
115400 BUY 1x BANANAS @  4931
115500 BUY 2x BANANAS @  4931
BUY 4x PEARLS @  9998
115600 BUY 31x BANANAS @  4931
115700 BUY 1x BANANAS @  4931
115800 BUY 30x BANANAS @  4931
115900 BUY 28x BANANAS @  4931
116000 BUY 4x BANANAS @  4929
116100 BUY 28x BANANAS @  4931
116200 BUY 26x BANANAS @  4931
116300 BUY 10x BANANAS @  4929
BUY 1x PEARLS @  9998
116400 BUY 2x BANANAS @  4929
BUY 1x PEARLS @  9998
116500 BUY 2x BANANAS @  4931
116600 BUY 30x BANANAS @  4932
116700 BUY 1x BANANAS @  4932
116800 BUY 2x BANANAS @  4927
116900 BUY 29x BANANAS @  4933
117000 BUY 21x BANANAS @  4932
117100 BUY 5x BANANAS @  4926
117200 BUY 1x BANANAS @  4932
117300 BUY 29x BANANAS @  4932
117400 BUY 32x BANANAS @  4932
117500 BUY 10x BANANAS @  4930
117600 BUY 23x BANANAS @  4932
117700 BUY 24x BANANAS @  4931
117800 BUY 5x BANANAS @  4930
117900 BUY 31x BANANAS @  4932
BUY 1x PEARLS @  9998
118000 BUY 1x BANANAS @  4931
118100 BUY 20x BANANAS @  4932
SELL 1x PEARLS @  10002
118200 BUY 7x BANANAS @  4929
118300 BUY 3x BANANAS @  4930
SELL 2x PEARLS @  10002
118400 BUY 28x BANANAS @  4931
118500 BUY 28x BANANAS @  4931
118600 BUY 6x BANANAS @  4925
118700 BUY 2x BANANAS @  4931
118800 BUY 24x BANANAS @  4932
118900 BUY 1x BANANAS @  4932
SELL 3x PEARLS @  10002
119000 BUY 27x BANANAS @  4932
BUY 1x PEARLS @  9998
119100 BUY 25x BANANAS @  4933
SELL 1x PEARLS @  10002
119200 BUY 29x BANANAS @  4933
119300 BUY 23x BANANAS @  4932
119400 BUY 27x BANANAS @  4932
119500 BUY 27x BANANAS @  4932
119600 BUY 25x BANANAS @  4932
119700 BUY 2x BANANAS @  4932
119800 BUY 1x BANANAS @  4926
119900 BUY 8x BANANAS @  4930
120000 BUY 1x BANANAS @  4931
120100 BUY 2x BANANAS @  4931
120200 BUY 23x BANANAS @  4932
SELL 4x PEARLS @  10002
120300 BUY 1x BANANAS @  4930
120400 BUY 28x BANANAS @  4932
120500 BUY 29x BANANAS @  4932
120600 BUY 27x BANANAS @  4932
120700 BUY 1x BANANAS @  4932
BUY 1x PEARLS @  9998
120800 BUY 28x BANANAS @  4932
120900 BUY 2x BANANAS @  4930
SELL 1x PEARLS @  10002
121000 BUY 26x BANANAS @  4932
121100 BUY 21x BANANAS @  4932
121200 BUY 27x BANANAS @  4932
121300 BUY 1x BANANAS @  4926
121400 BUY 20x BANANAS @  4933
121500 BUY 27x BANANAS @  4933
SELL 1x PEARLS @  10002
121600 BUY 2x BANANAS @  4931
121700 BUY 1x BANANAS @  4932
121800 BUY 6x BANANAS @  4931
121900 BUY 22x BANANAS @  4933
SELL 1x PEARLS @  10002
122000 BUY 1x BANANAS @  4931
122100 BUY 23x BANANAS @  4934
122200 BUY 1x BANANAS @  4930
122300 BUY 24x BANANAS @  4934
122400 BUY 22x BANANAS @  4935
122500 BUY 6x BANANAS @  4934
122600 BUY 24x BANANAS @  4936
122700 BUY 21x BANANAS @  4936
SELL 5x PEARLS @  10002
122800 BUY 1x BANANAS @  4930
122900 BUY 4x BANANAS @  4935
123000 BUY 27x BANANAS @  4937
123100 BUY 21x BANANAS @  4937
SELL 1x PEARLS @  10002
123200 BUY 26x BANANAS @  4937
BUY 1x PEARLS @  9998
123300 BUY 21x BANANAS @  4937
123400 BUY 1x BANANAS @  4936
123500 BUY 23x BANANAS @  4936
123600 BUY 30x BANANAS @  4936
123700 BUY 28x BANANAS @  4935
123800 BUY 31x BANANAS @  4936
123900 BUY 27x BANANAS @  4936
124000 BUY 25x BANANAS @  4936
SELL 1x PEARLS @  10002
124100 BUY 28x BANANAS @  4935
BUY 3x PEARLS @  9998
124200 BUY 2x BANANAS @  4934
BUY 5x PEARLS @  9998
124300 BUY 23x BANANAS @  4935
124400 BUY 24x BANANAS @  4935
124500 BUY 2x BANANAS @  4934
124600 BUY 30x BANANAS @  4934
124700 BUY 32x BANANAS @  4934
124800 BUY 28x BANANAS @  4934
124900 BUY 1x BANANAS @  4934
125000 BUY 27x BANANAS @  4935
125100 BUY 26x BANANAS @  4935
BUY 5x PEARLS @  9998
125200 BUY 2x BANANAS @  4934
125300 BUY 25x BANANAS @  4935
125400 BUY 26x BANANAS @  4935
125500 BUY 26x BANANAS @  4935
BUY 1x PEARLS @  9998
125600 BUY 31x BANANAS @  4935
125700 BUY 26x BANANAS @  4935
125800 BUY 1x BANANAS @  4933
125900 BUY 22x BANANAS @  4935
126000 BUY 2x BANANAS @  4934
126100 BUY 31x BANANAS @  4934
126200 BUY 29x BANANAS @  4934
126300 BUY 1x BANANAS @  4934
126400 BUY 31x BANANAS @  4935
BUY 5x PEARLS @  9998
126500 BUY 27x BANANAS @  4935
126600 BUY 31x BANANAS @  4935
126700 BUY 23x BANANAS @  4935
BUY 2x PEARLS @  9998
126800 BUY 1x BANANAS @  4935
SELL 1x PEARLS @  10002
126900 BUY 3x BANANAS @  4934
127000 BUY 28x BANANAS @  4936
SELL 2x PEARLS @  10002
127100 BUY 1x BANANAS @  4934
BUY 1x PEARLS @  9998
127200 BUY 20x BANANAS @  4937
127300 BUY 27x BANANAS @  4937
127400 BUY 1x BANANAS @  4937
SELL 1x PEARLS @  10002
127500 BUY 4x BANANAS @  4935
127600 BUY 26x BANANAS @  4937
127700 BUY 25x BANANAS @  4937
127800 BUY 6x BANANAS @  4935
127900 BUY 30x BANANAS @  4937
128000 BUY 7x BANANAS @  4930
SELL 2x PEARLS @  10002
128100 BUY 25x BANANAS @  4936
128200 BUY 32x BANANAS @  4936
128300 BUY 26x BANANAS @  4936
128400 BUY 24x BANANAS @  4936
SELL 1x PEARLS @  10002
128500 BUY 1x BANANAS @  4936
128600 BUY 26x BANANAS @  4936
128700 BUY 23x BANANAS @  4937
128800 BUY 29x BANANAS @  4937
128900 BUY 29x BANANAS @  4938
129000 BUY 32x BANANAS @  4938
129100 BUY 21x BANANAS @  4938
129200 BUY 2x BANANAS @  4936
129300 BUY 20x BANANAS @  4938
129400 BUY 20x BANANAS @  4939
BUY 1x PEARLS @  9998
129500 BUY 29x BANANAS @  4939
BUY 1x PEARLS @  9998
129600 BUY 31x BANANAS @  4938
129700 BUY 27x BANANAS @  4938
129800 BUY 26x BANANAS @  4938
129900 BUY 1x BANANAS @  4938
130000 BUY 32x BANANAS @  4938
130100 BUY 8x BANANAS @  4937
130200 BUY 24x BANANAS @  4939
130300 BUY 29x BANANAS @  4938
130400 BUY 30x BANANAS @  4938
SELL 5x PEARLS @  10002
130500 BUY 9x BANANAS @  4937
130600 BUY 23x BANANAS @  4938
SELL 1x PEARLS @  10002
130700 BUY 24x BANANAS @  4938
130800 BUY 27x BANANAS @  4938
130900 BUY 25x BANANAS @  4938
131000 BUY 24x BANANAS @  4938
131100 BUY 2x BANANAS @  4937
131200 BUY 22x BANANAS @  4937
131300 BUY 22x BANANAS @  4937
131400 BUY 23x BANANAS @  4937
131500 BUY 21x BANANAS @  4937
131600 BUY 30x BANANAS @  4937
131700 BUY 4x BANANAS @  4932
131800 BUY 5x BANANAS @  4932
131900 BUY 25x BANANAS @  4937
132000 BUY 24x BANANAS @  4937
132100 BUY 21x BANANAS @  4937
SELL 1x PEARLS @  10002
132200 BUY 26x BANANAS @  4938
132300 BUY 25x BANANAS @  4938
BUY 3x PEARLS @  9998
132400 BUY 23x BANANAS @  4938
132500 BUY 24x BANANAS @  4938
132600 BUY 24x BANANAS @  4937
132700 BUY 31x BANANAS @  4937
132800 BUY 30x BANANAS @  4937
132900 BUY 21x BANANAS @  4937
133000 BUY 32x BANANAS @  4937
BUY 1x PEARLS @  9998
133100 BUY 1x BANANAS @  4936
133200 BUY 1x BANANAS @  4936
133300 BUY 29x BANANAS @  4937
133400 BUY 23x BANANAS @  4936
133500 BUY 22x BANANAS @  4936
133600 BUY 1x BANANAS @  4930
133700 BUY 1x BANANAS @  4935
133800 BUY 28x BANANAS @  4936
133900 BUY 20x BANANAS @  4936
134000 BUY 31x BANANAS @  4936
134100 BUY 25x BANANAS @  4936
134200 BUY 23x BANANAS @  4937
134300 BUY 4x BANANAS @  4935
134400 BUY 25x BANANAS @  4937
134500 BUY 3x BANANAS @  4935
134600 BUY 21x BANANAS @  4937
134700 BUY 23x BANANAS @  4937
134800 BUY 5x BANANAS @  4932
134900 BUY 3x BANANAS @  4935
135000 BUY 24x BANANAS @  4938
SELL 3x PEARLS @  10002
135100 BUY 26x BANANAS @  4938
SELL 1x PEARLS @  10002
135200 BUY 9x BANANAS @  4936
135300 BUY 30x BANANAS @  4937
135400 BUY 1x BANANAS @  4935
135500 BUY 2x BANANAS @  4937
135600 BUY 24x BANANAS @  4937
135700 BUY 24x BANANAS @  4936
135800 BUY 1x BANANAS @  4931
135900 BUY 24x BANANAS @  4936
SELL 4x PEARLS @  10002
136000 BUY 1x BANANAS @  4933
136100 BUY 1x BANANAS @  4929
136200 BUY 21x BANANAS @  4936
136300 BUY 21x BANANAS @  4936
136400 BUY 28x BANANAS @  4935
136500 BUY 5x BANANAS @  4931
136600 BUY 27x BANANAS @  4935
136700 BUY 1x BANANAS @  4934
136800 BUY 25x BANANAS @  4934
136900 BUY 20x BANANAS @  4935
137000 BUY 24x BANANAS @  4934
SELL 1x PEARLS @  10002
137100 BUY 1x BANANAS @  4928
SELL 1x PEARLS @  10002
137200 BUY 22x BANANAS @  4934
137300 BUY 28x BANANAS @  4935
137400 BUY 22x BANANAS @  4935
137500 BUY 23x BANANAS @  4935
BUY 2x PEARLS @  9998
137600 BUY 1x BANANAS @  4932
137700 BUY 24x BANANAS @  4934
137800 BUY 25x BANANAS @  4934
137900 BUY 26x BANANAS @  4934
138000 BUY 22x BANANAS @  4934
BUY 8x PEARLS @  9998
138100 BUY 8x BANANAS @  4929
138200 BUY 23x BANANAS @  4935
BUY 1x PEARLS @  9998
138300 BUY 23x BANANAS @  4935
138400 BUY 30x BANANAS @  4935
SELL 9x PEARLS @  10002
138500 BUY 29x BANANAS @  4935
138600 BUY 26x BANANAS @  4935
138700 BUY 5x BANANAS @  4933
138800 BUY 21x BANANAS @  4935
138900 BUY 1x BANANAS @  4934
139000 BUY 31x BANANAS @  4935
139100 BUY 30x BANANAS @  4935
139200 BUY 22x BANANAS @  4935
139300 BUY 28x BANANAS @  4935
139400 BUY 4x BANANAS @  4933
BUY 1x PEARLS @  9998
139500 BUY 1x BANANAS @  4934
139600 BUY 26x BANANAS @  4935
139700 BUY 2x BANANAS @  4934
139800 BUY 2x BANANAS @  4930
139900 BUY 32x BANANAS @  4933
140000 BUY 25x BANANAS @  4934
140100 BUY 25x BANANAS @  4934
140200 BUY 31x BANANAS @  4934
140300 BUY 21x BANANAS @  4935
140400 BUY 21x BANANAS @  4935
140500 BUY 21x BANANAS @  4935
BUY 1x PEARLS @  9998
140600 BUY 22x BANANAS @  4935
140700 BUY 22x BANANAS @  4936
140800 BUY 3x BANANAS @  4933
BUY 1x PEARLS @  9998
140900 BUY 23x BANANAS @  4935
141000 BUY 21x BANANAS @  4934
BUY 1x PEARLS @  9998
141100 BUY 28x BANANAS @  4934
141200 BUY 22x BANANAS @  4935
141300 BUY 7x BANANAS @  4933
141400 BUY 26x BANANAS @  4935
BUY 1x PEARLS @  9998
141500 BUY 26x BANANAS @  4935
141600 BUY 8x BANANAS @  4933
141700 BUY 20x BANANAS @  4935
SELL 1x PEARLS @  10002
141800 BUY 21x BANANAS @  4935
141900 BUY 2x BANANAS @  4934
142000 BUY 29x BANANAS @  4935
142100 BUY 27x BANANAS @  4935
142200 BUY 21x BANANAS @  4936
142300 BUY 25x BANANAS @  4936
142400 BUY 23x BANANAS @  4936
142500 BUY 24x BANANAS @  4935
BUY 1x PEARLS @  9998
142600 BUY 2x BANANAS @  4935
142700 BUY 22x BANANAS @  4935
142800 BUY 29x BANANAS @  4935
142900 BUY 32x BANANAS @  4936
143000 BUY 2x BANANAS @  4935
143100 BUY 27x BANANAS @  4936
143200 BUY 24x BANANAS @  4936
143300 BUY 27x BANANAS @  4936
143400 BUY 27x BANANAS @  4936
143500 BUY 26x BANANAS @  4937
143600 BUY 24x BANANAS @  4936
143700 BUY 1x BANANAS @  4936
143800 BUY 22x BANANAS @  4936
143900 BUY 29x BANANAS @  4937
144000 BUY 4x BANANAS @  4935
144100 BUY 25x BANANAS @  4937
144200 BUY 24x BANANAS @  4937
144300 BUY 9x BANANAS @  4935
144400 BUY 1x BANANAS @  4937
144500 BUY 31x BANANAS @  4938
144600 BUY 25x BANANAS @  4938
144700 BUY 2x BANANAS @  4938
144800 BUY 27x BANANAS @  4938
SELL 1x PEARLS @  10002
144900 BUY 2x BANANAS @  4938
145000 BUY 24x BANANAS @  4938
145100 BUY 20x BANANAS @  4939
145200 BUY 1x BANANAS @  4932
145300 BUY 2x BANANAS @  4938
145400 BUY 22x BANANAS @  4938
145500 BUY 5x BANANAS @  4935
145600 BUY 5x BANANAS @  4936
145700 BUY 7x BANANAS @  4936
145800 BUY 21x BANANAS @  4938
145900 BUY 23x BANANAS @  4937
SELL 2x PEARLS @  10002
146000 BUY 24x BANANAS @  4937
146100 BUY 9x BANANAS @  4935
146200 BUY 8x BANANAS @  4935
146300 BUY 9x BANANAS @  4931
146400 BUY 31x BANANAS @  4937
146500 BUY 31x BANANAS @  4937
BUY 2x PEARLS @  9998
146600 BUY 32x BANANAS @  4937
146700 BUY 31x BANANAS @  4936
146800 BUY 24x BANANAS @  4936
146900 BUY 1x BANANAS @  4935
147000 BUY 28x BANANAS @  4935
SELL 1x PEARLS @  10002
147100 BUY 25x BANANAS @  4935
147200 BUY 23x BANANAS @  4936
147300 BUY 29x BANANAS @  4935
147400 BUY 1x BANANAS @  4930
147500 BUY 24x BANANAS @  4936
147600 BUY 1x BANANAS @  4936
147700 BUY 26x BANANAS @  4936
SELL 1x PEARLS @  10002
147800 BUY 30x BANANAS @  4936
147900 BUY 27x BANANAS @  4936
148000 BUY 27x BANANAS @  4936
SELL 4x PEARLS @  10002
148100 BUY 24x BANANAS @  4937
BUY 1x PEARLS @  9998
148200 BUY 27x BANANAS @  4937
BUY 4x PEARLS @  9998
148300 BUY 4x BANANAS @  4933
SELL 5x PEARLS @  10002
148400 BUY 21x BANANAS @  4936
148500 BUY 25x BANANAS @  4936
148600 BUY 24x BANANAS @  4936
148700 BUY 25x BANANAS @  4936
148800 BUY 5x BANANAS @  4934
148900 BUY 28x BANANAS @  4936
149000 BUY 1x BANANAS @  4935
149100 BUY 22x BANANAS @  4935
149200 BUY 30x BANANAS @  4934
149300 BUY 31x BANANAS @  4934
149400 BUY 24x BANANAS @  4935
149500 BUY 6x BANANAS @  4933
149600 BUY 21x BANANAS @  4935
149700 BUY 29x BANANAS @  4935
149800 BUY 10x BANANAS @  4933
149900 BUY 4x BANANAS @  4931
150000 BUY 20x BANANAS @  4935
150100 BUY 5x BANANAS @  4933
150200 BUY 23x BANANAS @  4935
150300 BUY 26x BANANAS @  4935
SELL 1x PEARLS @  10002
150400 BUY 2x BANANAS @  4935
150500 BUY 21x BANANAS @  4935
SELL 1x PEARLS @  10002
150600 BUY 25x BANANAS @  4934
SELL 1x PEARLS @  10002
150700 BUY 31x BANANAS @  4935
150800 BUY 3x BANANAS @  4930
150900 BUY 1x BANANAS @  4933
151000 BUY 1x BANANAS @  4935
151100 BUY 9x BANANAS @  4934
151200 BUY 24x BANANAS @  4936
151300 BUY 24x BANANAS @  4936
151400 BUY 2x BANANAS @  4933
BUY 1x PEARLS @  9998
151500 BUY 30x BANANAS @  4935
151600 BUY 24x BANANAS @  4935
151700 BUY 1x BANANAS @  4929
151800 BUY 26x BANANAS @  4935
151900 BUY 24x BANANAS @  4935
152000 BUY 29x BANANAS @  4935
152100 BUY 23x BANANAS @  4935
SELL 1x PEARLS @  10002
152200 BUY 22x BANANAS @  4935
152300 BUY 27x BANANAS @  4936
152400 BUY 23x BANANAS @  4936
BUY 1x PEARLS @  9998
152500 BUY 27x BANANAS @  4936
152600 BUY 27x BANANAS @  4936
152700 BUY 27x BANANAS @  4936
152800 BUY 1x BANANAS @  4936
152900 BUY 1x BANANAS @  4936
153000 BUY 2x BANANAS @  4931
BUY 1x PEARLS @  9998
153100 BUY 25x BANANAS @  4936
153200 BUY 20x BANANAS @  4937
SELL 2x PEARLS @  10002
153300 BUY 23x BANANAS @  4937
BUY 1x PEARLS @  9998
153400 BUY 20x BANANAS @  4937
153500 BUY 20x BANANAS @  4937
153600 BUY 31x BANANAS @  4936
153700 BUY 26x BANANAS @  4937
153800 BUY 2x BANANAS @  4937
153900 BUY 28x BANANAS @  4938
154000 BUY 27x BANANAS @  4938
154100 BUY 27x BANANAS @  4938
154200 BUY 1x BANANAS @  4938
154300 BUY 2x BANANAS @  4932
154400 BUY 26x BANANAS @  4938
154500 BUY 27x BANANAS @  4938
154600 BUY 21x BANANAS @  4938
154700 BUY 28x BANANAS @  4938
154800 BUY 2x BANANAS @  4937
154900 BUY 6x BANANAS @  4936
155000 BUY 2x BANANAS @  4937
155100 BUY 1x BANANAS @  4936
SELL 5x PEARLS @  10002
155200 BUY 1x BANANAS @  4936
155300 BUY 29x BANANAS @  4937
BUY 3x PEARLS @  9998
155400 BUY 1x BANANAS @  4936
155500 BUY 23x BANANAS @  4936
155600 BUY 29x BANANAS @  4936
155700 BUY 27x BANANAS @  4936
155800 BUY 28x BANANAS @  4936
155900 BUY 10x BANANAS @  4934
156000 BUY 26x BANANAS @  4935
SELL 3x PEARLS @  10002
156100 BUY 28x BANANAS @  4936
SELL 1x PEARLS @  10002
156200 BUY 23x BANANAS @  4936
156300 BUY 26x BANANAS @  4936
156400 BUY 26x BANANAS @  4936
156500 BUY 2x BANANAS @  4934
156600 BUY 28x BANANAS @  4937
156700 BUY 31x BANANAS @  4936
156800 BUY 25x BANANAS @  4937
156900 BUY 26x BANANAS @  4937
BUY 1x PEARLS @  9998
157000 BUY 22x BANANAS @  4936
157100 BUY 2x BANANAS @  4934
157200 BUY 29x BANANAS @  4936
157300 BUY 32x BANANAS @  4936
157400 BUY 1x BANANAS @  4930
157500 BUY 5x BANANAS @  4931
157600 BUY 2x BANANAS @  4935
157700 BUY 1x BANANAS @  4935
157800 BUY 4x BANANAS @  4934
157900 BUY 2x BANANAS @  4935
158000 BUY 29x BANANAS @  4936
BUY 1x PEARLS @  9998
158100 BUY 1x BANANAS @  4934
158200 BUY 11x BANANAS @  4930
158300 BUY 4x BANANAS @  4932
158400 BUY 29x BANANAS @  4936
158500 BUY 29x BANANAS @  4937
SELL 1x PEARLS @  10002
158600 BUY 23x BANANAS @  4937
158700 BUY 29x BANANAS @  4937
BUY 1x PEARLS @  9998
158800 BUY 26x BANANAS @  4936
158900 BUY 20x BANANAS @  4936
159000 BUY 22x BANANAS @  4936
BUY 4x PEARLS @  9998
159100 BUY 3x BANANAS @  4934
159200 BUY 3x BANANAS @  4934
159300 BUY 30x BANANAS @  4936
159400 BUY 6x BANANAS @  4931
BUY 1x PEARLS @  9998
159500 BUY 25x BANANAS @  4937
159600 BUY 32x BANANAS @  4936
159700 BUY 31x BANANAS @  4936
159800 BUY 29x BANANAS @  4937
SELL 6x PEARLS @  10002
159900 BUY 20x BANANAS @  4937
160000 BUY 23x BANANAS @  4937
160100 BUY 32x BANANAS @  4936
160200 BUY 32x BANANAS @  4936
160300 BUY 23x BANANAS @  4936
160400 BUY 28x BANANAS @  4936
160500 BUY 4x BANANAS @  4933
160600 BUY 1x BANANAS @  4935
160700 BUY 30x BANANAS @  4935
160800 BUY 29x BANANAS @  4936
160900 
161000 BUY 26x BANANAS @  4935
161100 BUY 3x BANANAS @  4932
161200 BUY 24x BANANAS @  4934
161300 BUY 1x BANANAS @  4933
161400 BUY 29x BANANAS @  4934
161500 BUY 23x BANANAS @  4934
161600 BUY 30x BANANAS @  4934
SELL 1x PEARLS @  10002
161700 BUY 30x BANANAS @  4934
161800 BUY 28x BANANAS @  4934
161900 BUY 28x BANANAS @  4933
162000 BUY 31x BANANAS @  4933
162100 BUY 32x BANANAS @  4933
162200 BUY 27x BANANAS @  4933
162300 BUY 10x BANANAS @  4932
162400 BUY 5x BANANAS @  4928
162500 BUY 29x BANANAS @  4934
162600 BUY 2x BANANAS @  4933
162700 BUY 28x BANANAS @  4933
162800 BUY 20x BANANAS @  4934
162900 BUY 32x BANANAS @  4933
163000 BUY 27x BANANAS @  4933
163100 BUY 2x BANANAS @  4931
163200 BUY 2x BANANAS @  4933
163300 BUY 26x BANANAS @  4933
163400 BUY 29x BANANAS @  4933
163500 BUY 27x BANANAS @  4933
163600 BUY 30x BANANAS @  4933
SELL 2x PEARLS @  10002
163700 BUY 4x BANANAS @  4931
163800 BUY 6x BANANAS @  4931
163900 BUY 2x BANANAS @  4933
164000 BUY 22x BANANAS @  4934
164100 BUY 29x BANANAS @  4933
SELL 1x PEARLS @  10002
164200 BUY 23x BANANAS @  4933
164300 BUY 27x BANANAS @  4933
164400 BUY 27x BANANAS @  4933
164500 BUY 25x BANANAS @  4933
164600 BUY 32x BANANAS @  4933
BUY 1x PEARLS @  9998
164700 BUY 27x BANANAS @  4933
164800 BUY 1x BANANAS @  4932
164900 BUY 24x BANANAS @  4933
165000 BUY 26x BANANAS @  4932
BUY 1x PEARLS @  9998
165100 BUY 28x BANANAS @  4932
165200 BUY 30x BANANAS @  4932
SELL 1x PEARLS @  10002
165300 BUY 27x BANANAS @  4932
165400 BUY 30x BANANAS @  4932
165500 BUY 21x BANANAS @  4932
165600 BUY 28x BANANAS @  4932
165700 BUY 29x BANANAS @  4932
165800 BUY 24x BANANAS @  4932
165900 BUY 28x BANANAS @  4932
166000 BUY 24x BANANAS @  4932
166100 BUY 22x BANANAS @  4932
166200 BUY 22x BANANAS @  4932
SELL 1x PEARLS @  10002
166300 BUY 30x BANANAS @  4932
166400 BUY 23x BANANAS @  4932
166500 BUY 1x BANANAS @  4926
166600 BUY 9x BANANAS @  4930
166700 BUY 21x BANANAS @  4932
166800 BUY 2x BANANAS @  4931
166900 BUY 1x BANANAS @  4929
167000 BUY 3x BANANAS @  4931
167100 BUY 27x BANANAS @  4933
167200 BUY 10x BANANAS @  4931
167300 BUY 5x BANANAS @  4931
167400 BUY 29x BANANAS @  4933
167500 BUY 8x BANANAS @  4931
167600 BUY 25x BANANAS @  4933
167700 BUY 24x BANANAS @  4933
167800 BUY 32x BANANAS @  4933
167900 BUY 1x BANANAS @  4933
168000 BUY 29x BANANAS @  4934
168100 BUY 23x BANANAS @  4934
168200 BUY 25x BANANAS @  4934
168300 BUY 20x BANANAS @  4935
168400 BUY 30x BANANAS @  4934
168500 BUY 2x BANANAS @  4934
168600 BUY 21x BANANAS @  4935
168700 BUY 6x BANANAS @  4933
168800 BUY 27x BANANAS @  4934
168900 BUY 23x BANANAS @  4934
169000 BUY 2x BANANAS @  4932
BUY 1x PEARLS @  9998
169100 BUY 29x BANANAS @  4934
169200 BUY 29x BANANAS @  4934
169300 BUY 6x BANANAS @  4932
169400 BUY 2x BANANAS @  4933
SELL 2x PEARLS @  10002
169500 BUY 30x BANANAS @  4934
169600 BUY 22x BANANAS @  4934
169700 BUY 24x BANANAS @  4934
169800 BUY 2x BANANAS @  4933
169900 BUY 23x BANANAS @  4933
170000 BUY 1x BANANAS @  4932
BUY 5x PEARLS @  9998
170100 BUY 26x BANANAS @  4934
170200 BUY 3x BANANAS @  4928
BUY 1x PEARLS @  9998
170300 BUY 1x BANANAS @  4933
170400 BUY 26x BANANAS @  4934
170500 BUY 26x BANANAS @  4934
170600 BUY 6x BANANAS @  4932
170700 BUY 1x BANANAS @  4933
170800 BUY 23x BANANAS @  4934
170900 BUY 29x BANANAS @  4933
171000 BUY 2x BANANAS @  4929
171100 BUY 30x BANANAS @  4933
171200 BUY 31x BANANAS @  4933
171300 BUY 29x BANANAS @  4933
171400 BUY 2x BANANAS @  4929
171500 BUY 1x BANANAS @  4932
171600 BUY 4x BANANAS @  4931
BUY 1x PEARLS @  9998
171700 BUY 3x BANANAS @  4929
SELL 2x PEARLS @  10002
171800 BUY 22x BANANAS @  4933
171900 BUY 7x BANANAS @  4932
172000 BUY 30x BANANAS @  4935
172100 BUY 24x BANANAS @  4934
172200 BUY 24x BANANAS @  4934
172300 BUY 28x BANANAS @  4933
172400 BUY 9x BANANAS @  4931
172500 BUY 25x BANANAS @  4933
172600 BUY 24x BANANAS @  4933
172700 BUY 6x BANANAS @  4929
172800 BUY 1x BANANAS @  4927
172900 BUY 20x BANANAS @  4933
BUY 2x PEARLS @  9998
173000 BUY 22x BANANAS @  4934
173100 BUY 2x BANANAS @  4933
173200 BUY 8x BANANAS @  4932
173300 BUY 21x BANANAS @  4933
173400 BUY 2x BANANAS @  4933
173500 BUY 3x BANANAS @  4932
173600 BUY 24x BANANAS @  4934
173700 BUY 20x BANANAS @  4934
173800 BUY 29x BANANAS @  4934
173900 BUY 31x BANANAS @  4934
174000 BUY 1x BANANAS @  4934
174100 BUY 20x BANANAS @  4934
174200 BUY 2x BANANAS @  4932
174300 BUY 25x BANANAS @  4934
174400 BUY 29x BANANAS @  4934
SELL 1x PEARLS @  10002
174500 BUY 23x BANANAS @  4934
SELL 1x PEARLS @  10002
174600 BUY 2x BANANAS @  4931
174700 BUY 5x BANANAS @  4932
174800 BUY 1x BANANAS @  4928
174900 BUY 1x BANANAS @  4933
175000 BUY 21x BANANAS @  4933
175100 BUY 5x BANANAS @  4931
175200 BUY 8x BANANAS @  4932
BUY 4x PEARLS @  9998
175300 BUY 22x BANANAS @  4934
175400 BUY 27x BANANAS @  4933
175500 BUY 24x BANANAS @  4934
175600 BUY 31x BANANAS @  4934
175700 BUY 22x BANANAS @  4934
175800 BUY 26x BANANAS @  4933
175900 BUY 6x BANANAS @  4931
176000 BUY 1x BANANAS @  4933
176100 BUY 29x BANANAS @  4933
176200 BUY 1x BANANAS @  4933
176300 BUY 20x BANANAS @  4934
176400 BUY 2x BANANAS @  4933
176500 BUY 2x BANANAS @  4933
BUY 4x PEARLS @  9998
176600 BUY 23x BANANAS @  4934
BUY 1x PEARLS @  9998
176700 BUY 30x BANANAS @  4934
176800 BUY 26x BANANAS @  4934
176900 BUY 29x BANANAS @  4934
177000 BUY 1x BANANAS @  4933
177100 BUY 8x BANANAS @  4932
177200 BUY 27x BANANAS @  4934
177300 BUY 30x BANANAS @  4934
BUY 1x PEARLS @  9998
177400 BUY 1x BANANAS @  4934
177500 BUY 4x BANANAS @  4932
177600 BUY 29x BANANAS @  4935
177700 BUY 24x BANANAS @  4936
177800 BUY 29x BANANAS @  4936
177900 BUY 2x BANANAS @  4935
178000 BUY 23x BANANAS @  4936
178100 BUY 24x BANANAS @  4935
178200 BUY 8x BANANAS @  4932
178300 BUY 27x BANANAS @  4935
178400 BUY 23x BANANAS @  4935
178500 BUY 25x BANANAS @  4935
178600 BUY 22x BANANAS @  4934
178700 BUY 21x BANANAS @  4934
178800 BUY 26x BANANAS @  4933
178900 BUY 28x BANANAS @  4933
179000 BUY 7x BANANAS @  4931
179100 BUY 25x BANANAS @  4932
179200 BUY 28x BANANAS @  4933
179300 BUY 2x BANANAS @  4932
179400 BUY 1x BANANAS @  4932
179500 BUY 31x BANANAS @  4933
SELL 1x PEARLS @  10002
179600 BUY 2x BANANAS @  4933
179700 BUY 2x BANANAS @  4933
179800 BUY 28x BANANAS @  4933
179900 BUY 3x BANANAS @  4928
SELL 4x PEARLS @  10002
180000 BUY 3x BANANAS @  4928
BUY 1x PEARLS @  9998
180100 BUY 7x BANANAS @  4928
180200 BUY 23x BANANAS @  4934
180300 BUY 20x BANANAS @  4934
BUY 1x PEARLS @  9998
180400 BUY 27x BANANAS @  4934
180500 BUY 26x BANANAS @  4934
180600 BUY 28x BANANAS @  4934
SELL 1x PEARLS @  10002
180700 BUY 27x BANANAS @  4933
180800 BUY 21x BANANAS @  4933
180900 BUY 29x BANANAS @  4933
181000 BUY 22x BANANAS @  4933
181100 BUY 23x BANANAS @  4934
181200 BUY 2x BANANAS @  4933
181300 BUY 1x BANANAS @  4929
181400 BUY 27x BANANAS @  4933
181500 BUY 25x BANANAS @  4933
181600 BUY 2x BANANAS @  4932
SELL 3x PEARLS @  10002
181700 BUY 21x BANANAS @  4932
181800 BUY 5x BANANAS @  4930
181900 BUY 27x BANANAS @  4932
182000 BUY 6x BANANAS @  4930
182100 BUY 22x BANANAS @  4932
182200 BUY 29x BANANAS @  4933
182300 BUY 23x BANANAS @  4933
182400 BUY 28x BANANAS @  4933
182500 BUY 29x BANANAS @  4933
SELL 1x PEARLS @  10002
182600 BUY 22x BANANAS @  4933
182700 BUY 2x BANANAS @  4929
182800 BUY 32x BANANAS @  4934
182900 BUY 20x BANANAS @  4934
183000 BUY 23x BANANAS @  4934
SELL 1x PEARLS @  10002
183100 BUY 27x BANANAS @  4934
183200 BUY 29x BANANAS @  4934
BUY 4x PEARLS @  9998
183300 BUY 29x BANANAS @  4934
183400 BUY 22x BANANAS @  4934
BUY 2x PEARLS @  9998
183500 BUY 24x BANANAS @  4934
183600 BUY 5x BANANAS @  4929
183700 BUY 23x BANANAS @  4935
183800 BUY 7x BANANAS @  4928
183900 BUY 30x BANANAS @  4934
184000 BUY 4x BANANAS @  4933
184100 BUY 6x BANANAS @  4933
184200 BUY 1x BANANAS @  4934
184300 BUY 32x BANANAS @  4934
184400 BUY 29x BANANAS @  4934
184500 BUY 21x BANANAS @  4934
184600 BUY 8x BANANAS @  4932
184700 BUY 22x BANANAS @  4935
184800 BUY 28x BANANAS @  4935
184900 BUY 27x BANANAS @  4935
185000 BUY 31x BANANAS @  4935
185100 BUY 28x BANANAS @  4934
185200 BUY 22x BANANAS @  4935
185300 BUY 22x BANANAS @  4935
185400 BUY 29x BANANAS @  4935
185500 BUY 32x BANANAS @  4935
185600 BUY 9x BANANAS @  4933
185700 BUY 21x BANANAS @  4936
185800 BUY 1x BANANAS @  4934
185900 BUY 24x BANANAS @  4936
186000 BUY 1x BANANAS @  4931
186100 BUY 10x BANANAS @  4933
186200 BUY 7x BANANAS @  4928
186300 BUY 27x BANANAS @  4934
186400 BUY 22x BANANAS @  4935
BUY 1x PEARLS @  9998
186500 BUY 26x BANANAS @  4935
186600 BUY 28x BANANAS @  4935
186700 BUY 26x BANANAS @  4935
BUY 2x PEARLS @  9998
186800 BUY 23x BANANAS @  4935
186900 BUY 29x BANANAS @  4935
187000 BUY 30x BANANAS @  4935
187100 BUY 9x BANANAS @  4933
187200 BUY 1x BANANAS @  4929
BUY 2x PEARLS @  9998
187300 BUY 9x BANANAS @  4933
187400 BUY 10x BANANAS @  4933
187500 BUY 30x BANANAS @  4935
187600 BUY 26x BANANAS @  4935
SELL 10x PEARLS @  10002
187700 BUY 26x BANANAS @  4935
187800 BUY 21x BANANAS @  4936
187900 BUY 2x BANANAS @  4935
188000 BUY 27x BANANAS @  4936
188100 BUY 28x BANANAS @  4936
188200 BUY 6x BANANAS @  4934
BUY 1x PEARLS @  9998
188300 BUY 4x BANANAS @  4930
188400 BUY 26x BANANAS @  4935
188500 BUY 29x BANANAS @  4935
188600 BUY 24x BANANAS @  4934
188700 BUY 24x BANANAS @  4934
188800 BUY 22x BANANAS @  4935
188900 BUY 1x BANANAS @  4934
BUY 5x PEARLS @  9998
189000 BUY 23x BANANAS @  4934
189100 BUY 5x BANANAS @  4929
189200 BUY 28x BANANAS @  4935
189300 BUY 22x BANANAS @  4935
189400 BUY 2x BANANAS @  4935
189500 BUY 2x BANANAS @  4935
189600 BUY 23x BANANAS @  4935
SELL 8x PEARLS @  10002
189700 BUY 26x BANANAS @  4935
BUY 1x PEARLS @  9998
189800 BUY 23x BANANAS @  4935
BUY 1x PEARLS @  9998
189900 BUY 3x BANANAS @  4930
190000 BUY 23x BANANAS @  4935
BUY 1x PEARLS @  9998
190100 BUY 4x BANANAS @  4933
190200 BUY 30x BANANAS @  4936
BUY 1x PEARLS @  9998
190300 BUY 4x BANANAS @  4932
190400 BUY 23x BANANAS @  4936
190500 BUY 32x BANANAS @  4936
190600 BUY 24x BANANAS @  4936
190700 BUY 29x BANANAS @  4935
190800 BUY 4x BANANAS @  4933
190900 BUY 9x BANANAS @  4934
191000 BUY 25x BANANAS @  4936
191100 BUY 1x BANANAS @  4935
191200 BUY 2x BANANAS @  4935
191300 BUY 26x BANANAS @  4935
191400 BUY 29x BANANAS @  4935
191500 BUY 29x BANANAS @  4936
191600 BUY 28x BANANAS @  4936
191700 BUY 28x BANANAS @  4936
191800 BUY 3x BANANAS @  4934
191900 BUY 25x BANANAS @  4935
192000 BUY 29x BANANAS @  4935
192100 BUY 25x BANANAS @  4935
192200 BUY 27x BANANAS @  4935
192300 BUY 26x BANANAS @  4934
192400 BUY 27x BANANAS @  4935
192500 BUY 25x BANANAS @  4934
192600 BUY 29x BANANAS @  4934
192700 BUY 4x BANANAS @  4932
192800 BUY 20x BANANAS @  4935
192900 BUY 26x BANANAS @  4935
193000 BUY 28x BANANAS @  4935
193100 BUY 27x BANANAS @  4934
193200 BUY 6x BANANAS @  4933
193300 BUY 2x BANANAS @  4933
193400 BUY 24x BANANAS @  4936
193500 BUY 24x BANANAS @  4935
193600 BUY 25x BANANAS @  4935
193700 BUY 21x BANANAS @  4935
193800 BUY 23x BANANAS @  4935
193900 BUY 31x BANANAS @  4935
194000 BUY 28x BANANAS @  4935
194100 BUY 9x BANANAS @  4933
194200 BUY 1x BANANAS @  4930
SELL 1x PEARLS @  10002
194300 BUY 1x BANANAS @  4930
194400 BUY 31x BANANAS @  4935
SELL 7x PEARLS @  10002
194500 BUY 21x BANANAS @  4935
194600 BUY 30x BANANAS @  4935
194700 BUY 28x BANANAS @  4935
194800 BUY 30x BANANAS @  4936
194900 BUY 25x BANANAS @  4936
195000 BUY 1x BANANAS @  4935
SELL 1x PEARLS @  10002
195100 BUY 1x BANANAS @  4935
195200 BUY 21x BANANAS @  4936
BUY 9x PEARLS @  9998
195300 BUY 1x BANANAS @  4935
195400 BUY 25x BANANAS @  4936
195500 BUY 21x BANANAS @  4936
SELL 1x PEARLS @  10002
195600 BUY 22x BANANAS @  4936
195700 BUY 29x BANANAS @  4936
195800 BUY 3x BANANAS @  4934
195900 BUY 24x BANANAS @  4936
196000 BUY 5x BANANAS @  4931
196100 BUY 28x BANANAS @  4936
196200 BUY 9x BANANAS @  4934
196300 BUY 26x BANANAS @  4935
196400 BUY 22x BANANAS @  4935
196500 BUY 20x BANANAS @  4934
196600 BUY 24x BANANAS @  4934
196700 BUY 23x BANANAS @  4934
196800 BUY 28x BANANAS @  4935
196900 BUY 26x BANANAS @  4935
197000 BUY 21x BANANAS @  4935
BUY 1x PEARLS @  9998
197100 BUY 24x BANANAS @  4936
SELL 1x PEARLS @  10002
197200 BUY 2x BANANAS @  4932
197300 BUY 28x BANANAS @  4936
197400 BUY 21x BANANAS @  4936
BUY 1x PEARLS @  9998
197500 BUY 2x BANANAS @  4935
197600 BUY 1x BANANAS @  4934
197700 BUY 1x BANANAS @  4930
197800 BUY 22x BANANAS @  4936
197900 BUY 26x BANANAS @  4936
198000 BUY 28x BANANAS @  4937
198100 BUY 5x BANANAS @  4935
198200 BUY 2x BANANAS @  4935
198300 BUY 1x BANANAS @  4931
198400 BUY 30x BANANAS @  4936
198500 BUY 7x BANANAS @  4934
198600 BUY 25x BANANAS @  4936
198700 BUY 22x BANANAS @  4937
198800 BUY 28x BANANAS @  4936
198900 BUY 1x BANANAS @  4934
199000 BUY 2x BANANAS @  4935
199100 BUY 2x BANANAS @  4936
199200 BUY 31x BANANAS @  4936
199300 BUY 30x BANANAS @  4936
199400 BUY 25x BANANAS @  4937
SELL 4x PEARLS @  10002
199500 BUY 22x BANANAS @  4937
BUY 2x PEARLS @  9998
199600 BUY 28x BANANAS @  4937
199700 BUY 2x BANANAS @  4937
SELL 1x PEARLS @  10002
199800 BUY 28x BANANAS @  4937
199900 BUY 3x BANANAS @  4932


Submission logs:
2023-03-01T16:50:34Z Orders for product BANANAS exceeded limit of 20 set
2023-03-01T16:50:35Z Orders for product BANANAS exceeded limit of 20 set
2023-03-01T16:50:36Z Orders for product BANANAS exceeded limit of 20 set
2023-03-01T16:50:37Z Orders for product BANANAS exceeded limit of 20 set
2023-03-01T16:50:37Z Orders for product PEARLS exceeded limit of 20 set
2023-03-01T16:50:38Z Orders for product PEARLS exceeded limit of 20 set
2023-03-01T16:50:39Z Orders for product PEARLS exceeded limit of 20 set
2023-03-01T16:50:40Z Orders for product BANANAS exceeded limit of 20 set
2023-03-01T16:50:41Z Orders for product BANANAS exceeded limit of 20 set
2023-03-01T16:50:41Z Orders for product PEARLS exceeded limit of 20 set
2023-03-01T16:50:42Z Orders for product BANANAS exceeded limit of 20 set
2023-03-01T16:50:42Z Orders for product PEARLS exceeded limit of 20 set
2023-03-01T16:50:43Z Orders for product BANANAS exceeded limit of 20 set
2023-03-01T16:50:44Z Orders for product BANANAS exceeded limit of 20 set
2023-03-01T16:50:45Z Orders for product BANANAS exceeded limit of 20 set
2023-03-01T16:50:46Z Orders for product BANANAS exceeded limit of 20 set
2023-03-01T16:50:46Z Orders for product PEARLS exceeded limit of 20 set
2023-03-01T16:50:47Z Orders for product BANANAS exceeded limit of 20 set
2023-03-01T16:50:48Z Orders for product BANANAS exceeded limit of 20 set
2023-03-01T16:50:49Z Orders for product BANANAS exceeded limit of 20 set
2023-03-01T16:50:50Z Orders for product PEARLS exceeded limit of 20 set
2023-03-01T16:50:50Z Orders for product BANANAS exceeded limit of 20 set
2023-03-01T16:50:51Z Orders for product PEARLS exceeded limit of 20 set
2023-03-01T16:50:51Z Orders for product BANANAS exceeded limit of 20 set
2023-03-01T16:50:52Z Orders for product BANANAS exceeded limit of 20 set
2023-03-01T16:50:53Z Orders for product BANANAS exceeded limit of 20 set
2023-03-01T16:50:54Z Orders for product BANANAS exceeded limit of 20 set
2023-03-01T16:50:55Z Orders for product BANANAS exceeded limit of 20 set
2023-03-01T16:50:56Z Orders for product PEARLS exceeded limit of 20 set
2023-03-01T16:50:56Z Orders for product BANANAS exceeded limit of 20 set
2023-03-01T16:50:57Z Orders for product PEARLS exceeded limit of 20 set
2023-03-01T16:50:57Z Orders for product BANANAS exceeded limit of 20 set
2023-03-01T16:50:58Z Orders for product BANANAS exceeded limit of 20 set
2023-03-01T16:50:59Z Orders for product BANANAS exceeded limit of 20 set
2023-03-01T16:51:00Z Orders for product PEARLS exceeded limit of 20 set
2023-03-01T16:51:00Z Orders for product BANANAS exceeded limit of 20 set
2023-03-01T16:51:01Z Orders for product BANANAS exceeded limit of 20 set
2023-03-01T16:51:02Z Orders for product PEARLS exceeded limit of 20 set
2023-03-01T16:51:02Z Orders for product BANANAS exceeded limit of 20 set
2023-03-01T16:51:03Z Orders for product BANANAS exceeded limit of 20 set
2023-03-01T16:51:04Z Orders for product BANANAS exceeded limit of 20 set
2023-03-01T16:51:05Z Orders for product BANANAS exceeded limit of 20 set
2023-03-01T16:51:06Z Orders for product BANANAS exceeded limit of 20 set
2023-03-01T16:51:07Z Orders for product BANANAS exceeded limit of 20 set
2023-03-01T16:51:08Z Orders for product BANANAS exceeded limit of 20 set
2023-03-01T16:51:09Z Orders for product PEARLS exceeded limit of 20 set
2023-03-01T16:51:09Z Orders for product BANANAS exceeded limit of 20 set
2023-03-01T16:51:10Z Orders for product BANANAS exceeded limit of 20 set
2023-03-01T16:51:11Z Orders for product PEARLS exceeded limit of 20 set
2023-03-01T16:51:11Z Orders for product BANANAS exceeded limit of 20 set
2023-03-01T16:51:12Z Orders for product PEARLS exceeded limit of 20 set
2023-03-01T16:51:12Z Orders for product BANANAS exceeded limit of 20 set
2023-03-01T16:51:13Z Orders for product BANANAS exceeded limit of 20 set
2023-03-01T16:51:14Z Orders for product BANANAS exceeded limit of 20 set
2023-03-01T16:51:15Z Orders for product BANANAS exceeded limit of 20 set
2023-03-01T16:51:16Z Orders for product BANANAS exceeded limit of 20 set
2023-03-01T16:51:17Z Orders for product BANANAS exceeded limit of 20 set
2023-03-01T16:51:18Z Orders for product BANANAS exceeded limit of 20 set
2023-03-01T16:51:19Z Orders for product BANANAS exceeded limit of 20 set